<?xml version="1.0" encoding="UTF-8"?>
<robot generator="Robot 5.0.1 (Python 3.10.7 on win32)" generated="20230227 17:01:48.794" rpa="false" schemaversion="3">
<suite id="s1" name="EITK3 Clean Up Tasks" source="C:\Users\acruz\OneDrive - Aspen Technology, Inc\Documents\AutoTasks\auto_eitk3_robot\EITK3_Clean_Up_Tasks.robot">
<test id="s1-t1" name="Change System Settings" line="33">
<kw name="Create Session" library="RequestsLibrary">
<arg>Swagger</arg>
<arg>${Base_URL}</arg>
<doc>Create Session: create a HTTP session to a server</doc>
<msg timestamp="20230227 17:01:49.190" level="INFO">Creating Session using : alias=Swagger, url=https://172.17.82.121:8443/, headers={},                     cookies={}, auth=None, timeout=None, proxies=None, verify=False,                     debug=0 </msg>
<status status="PASS" starttime="20230227 17:01:49.190" endtime="20230227 17:01:49.190"/>
</kw>
<kw name="Make Sure Task Does Not Exist" library="EITK3_General_Endpoints_Keywords">
<arg>${TaskName}</arg>
<kw name="Set Variable" library="BuiltIn">
<var>${name_filter}</var>
<arg>["name","=", "${task_name}"]</arg>
<doc>Returns the given values which can then be assigned to a variables.</doc>
<msg timestamp="20230227 17:01:49.192" level="INFO">${name_filter} = ["name","=", "CleanUpTest"]</msg>
<status status="PASS" starttime="20230227 17:01:49.191" endtime="20230227 17:01:49.192"/>
</kw>
<kw name="GET-Tasks With Filter" library="EITK3_GET_Keywords">
<var>${response}</var>
<arg>${task_name}</arg>
<arg>${name_filter}</arg>
<kw name="Create Dictionary" library="BuiltIn">
<var>${headers}</var>
<arg>osiApiToken=${Token}</arg>
<arg>accept=application/json</arg>
<doc>Creates and returns a dictionary based on the given ``items``.</doc>
<msg timestamp="20230227 17:01:49.192" level="INFO">${headers} = {'osiApiToken': '624d17a278f71870c4bc0ef6:08c99aec5c74fe42882b78f90dbc165ba87378592a73bc1c59c793f4197b85a2', 'accept': 'application/json'}</msg>
<status status="PASS" starttime="20230227 17:01:49.192" endtime="20230227 17:01:49.192"/>
</kw>
<kw name="Create Dictionary" library="BuiltIn">
<var>${params}</var>
<arg>filter=${filter}</arg>
<doc>Creates and returns a dictionary based on the given ``items``.</doc>
<msg timestamp="20230227 17:01:49.192" level="INFO">${params} = {'filter': '["name","=", "CleanUpTest"]'}</msg>
<status status="PASS" starttime="20230227 17:01:49.192" endtime="20230227 17:01:49.193"/>
</kw>
<kw name="GET On Session" library="RequestsLibrary">
<var>${response}</var>
<arg>Swagger</arg>
<arg>url=/eitk/api/v1/taskconfig</arg>
<arg>headers=${headers}</arg>
<arg>params=${params}</arg>
<arg>expected_status=Anything</arg>
<arg>verify=${False}</arg>
<doc>Sends a GET request on a previously created HTTP Session.</doc>
<msg timestamp="20230227 17:01:49.736" level="INFO">GET Request : url=https://172.17.82.121:8443/eitk/api/v1/taskconfig?filter=%5B%22name%22%2C%22%3D%22%2C+%22CleanUpTest%22%5D 
 path_url=/eitk/api/v1/taskconfig?filter=%5B%22name%22%2C%22%3D%22%2C+%22CleanUpTest%22%5D 
 headers={'User-Agent': 'python-requests/2.28.1', 'Accept-Encoding': 'gzip, deflate', 'accept': 'application/json', 'Connection': 'keep-alive', 'osiApiToken': '624d17a278f71870c4bc0ef6:08c99aec5c74fe42882b78f90dbc165ba87378592a73bc1c59c793f4197b85a2'} 
 body=None 
 </msg>
<msg timestamp="20230227 17:01:49.736" level="INFO">GET Response : url=https://172.17.82.121:8443/eitk/api/v1/taskconfig?filter=%5B%22name%22%2C%22%3D%22%2C+%22CleanUpTest%22%5D 
 status=200, reason=OK 
 headers={'Server': 'nginx', 'Date': 'Mon, 27 Feb 2023 23:01:49 GMT', 'Content-Type': 'application/json', 'Content-Length': '1255', 'Connection': 'keep-alive', 'X-Frame-Options': 'SAMEORIGIN', 'X-Content-Type-Options': 'nosniff', 'X-XSS-Protection': '1; mode=block', 'Strict-Transport-Security': 'max-age=31536000; includeSubDomains; preload', 'Pragma': 'no-cache', 'Cache-Control': 'no-cache, must-revalidate, private, no-store'} 
 body=[ {
  "id" : "63fd35aa83d19b7dcadc7c0c",
  "saveID" : 1,
  "name" : "CleanUpTest",
  "steps" : [ {
    "type" : "MONARCH",
    "description" : "",
    "filePath" : "*",
    "hostname" : "sm-dac1",
    "disablePreserveTimestamp" : false,
    "deletePostTransfer" : "NEVER",
    "readFile" : true,
    "treatMissingFilesAsSuccess" : true,
    "protocol" : "MONARCH",
    "type" : "FILE"
  } ],
  "createAuditCopies" : "Never",
  "result" : {
    "name" : "CleanUpTest",
    "startTime" : 1677538730249,
    "endTime" : 1677538730596,
    "status" : "Success",
    "error" : false,
    "statusCode" : 200,
    "statusMessage" : "The Task ran successfully",
    "stepResults" : [ {
      "type" : "FILE",
      "usage" : "CONSUMER",
      "index" : 1,
      "status" : "Success",
      "cleanUpStatus" : "Success"
    } ],
    "args" : { },
    "returnPayloadInResponse" : false,
    "saveTaskPayload" : false,
    "waitForResponse" : true,
    "isSchedulerRequest" : false,
    "requestID" : "63595ec1-ab5d-4b16-84d2-ef41e2971b7f",
    "payload" : "",
    "payloadHeaders" : { },
    "userId" : "624d17a278f71870c4bc0ef6",
    "consoleId" : "60c1013a78f71842a8cc0294",
    "nodeId" : "5c9d1ae2-fc88-484c-8f77-881c2f9477bb",
    "nodeName" : "sm-dac1"
  }
} ] 
 </msg>
<msg timestamp="20230227 17:01:49.736" level="INFO">C:\Users\acruz\AppData\Local\Programs\Python\Python310\lib\site-packages\urllib3\connectionpool.py:1045: InsecureRequestWarning: Unverified HTTPS request is being made to host '172.17.82.121'. Adding certificate verification is strongly advised. See: https://urllib3.readthedocs.io/en/1.26.x/advanced-usage.html#ssl-warnings
  warnings.warn(</msg>
<msg timestamp="20230227 17:01:49.736" level="INFO">${response} = &lt;Response [200]&gt;</msg>
<status status="PASS" starttime="20230227 17:01:49.193" endtime="20230227 17:01:49.736"/>
</kw>
<kw name="Return From Keyword" library="BuiltIn">
<arg>${response}</arg>
<doc>Returns from the enclosing user keyword.</doc>
<msg timestamp="20230227 17:01:49.736" level="INFO">Returning from the enclosing user keyword.</msg>
<status status="PASS" starttime="20230227 17:01:49.736" endtime="20230227 17:01:49.750"/>
</kw>
<msg timestamp="20230227 17:01:49.750" level="INFO">${response} = &lt;Response [200]&gt;</msg>
<status status="PASS" starttime="20230227 17:01:49.192" endtime="20230227 17:01:49.750"/>
</kw>
<kw name="Convert To String" library="BuiltIn">
<var>${body}</var>
<arg>${response.content}</arg>
<doc>Converts the given item to a Unicode string.</doc>
<msg timestamp="20230227 17:01:49.754" level="INFO">${body} = [ {
  "id" : "63fd35aa83d19b7dcadc7c0c",
  "saveID" : 1,
  "name" : "CleanUpTest",
  "steps" : [ {
    "type" : "MONARCH",
    "description" : "",
    "filePath" : "*",
    "hostname" : "sm-dac1",
   ...</msg>
<status status="PASS" starttime="20230227 17:01:49.751" endtime="20230227 17:01:49.754"/>
</kw>
<kw name="Evaluate" library="BuiltIn">
<var>${status}</var>
<arg>'${task_name}' in '''${body}'''</arg>
<doc>Evaluates the given expression in Python and returns the result.</doc>
<msg timestamp="20230227 17:01:49.754" level="INFO">${status} = True</msg>
<status status="PASS" starttime="20230227 17:01:49.754" endtime="20230227 17:01:49.754"/>
</kw>
<kw name="Run Keyword If" library="BuiltIn">
<var>${Delete_response}</var>
<arg>${status} == ${True}</arg>
<arg>DELETE-Task with Name</arg>
<arg>${task_name}</arg>
<doc>Runs the given keyword with the given arguments, if ``condition`` is true.</doc>
<kw name="DELETE-Task with Name" library="EITK3_DELETE_Keywords">
<arg>${task_name}</arg>
<kw name="Create Dictionary" library="BuiltIn">
<var>${headers}</var>
<arg>osiApiToken=${Token}</arg>
<doc>Creates and returns a dictionary based on the given ``items``.</doc>
<msg timestamp="20230227 17:01:49.755" level="INFO">${headers} = {'osiApiToken': '624d17a278f71870c4bc0ef6:08c99aec5c74fe42882b78f90dbc165ba87378592a73bc1c59c793f4197b85a2'}</msg>
<status status="PASS" starttime="20230227 17:01:49.755" endtime="20230227 17:01:49.755"/>
</kw>
<kw name="DELETE On Session" library="RequestsLibrary">
<var>${response}</var>
<arg>Swagger</arg>
<arg>url=/eitk/api/v1/taskconfig/${task_name}</arg>
<arg>headers=${headers}</arg>
<arg>verify=${False}</arg>
<doc>Sends a DELETE request on a previously created HTTP Session.</doc>
<msg timestamp="20230227 17:01:49.906" level="INFO">DELETE Request : url=https://172.17.82.121:8443/eitk/api/v1/taskconfig/CleanUpTest 
 path_url=/eitk/api/v1/taskconfig/CleanUpTest 
 headers={'User-Agent': 'python-requests/2.28.1', 'Accept-Encoding': 'gzip, deflate', 'Accept': '*/*', 'Connection': 'keep-alive', 'osiApiToken': '624d17a278f71870c4bc0ef6:08c99aec5c74fe42882b78f90dbc165ba87378592a73bc1c59c793f4197b85a2', 'Content-Length': '0'} 
 body=None 
 </msg>
<msg timestamp="20230227 17:01:49.906" level="INFO">DELETE Response : url=https://172.17.82.121:8443/eitk/api/v1/taskconfig/CleanUpTest 
 status=200, reason=OK 
 headers={'Server': 'nginx', 'Date': 'Mon, 27 Feb 2023 23:01:49 GMT', 'Content-Type': 'application/json', 'Content-Length': '1251', 'Connection': 'keep-alive', 'X-Frame-Options': 'SAMEORIGIN', 'X-Content-Type-Options': 'nosniff', 'X-XSS-Protection': '1; mode=block', 'Strict-Transport-Security': 'max-age=31536000; includeSubDomains; preload', 'Pragma': 'no-cache', 'Cache-Control': 'no-cache, must-revalidate, private, no-store'} 
 body={
  "id" : "63fd35aa83d19b7dcadc7c0c",
  "saveID" : 1,
  "name" : "CleanUpTest",
  "steps" : [ {
    "type" : "MONARCH",
    "description" : "",
    "filePath" : "*",
    "hostname" : "sm-dac1",
    "disablePreserveTimestamp" : false,
    "deletePostTransfer" : "NEVER",
    "readFile" : true,
    "treatMissingFilesAsSuccess" : true,
    "protocol" : "MONARCH",
    "type" : "FILE"
  } ],
  "createAuditCopies" : "Never",
  "result" : {
    "name" : "CleanUpTest",
    "startTime" : 1677538730249,
    "endTime" : 1677538730596,
    "status" : "Success",
    "error" : false,
    "statusCode" : 200,
    "statusMessage" : "The Task ran successfully",
    "stepResults" : [ {
      "type" : "FILE",
      "usage" : "CONSUMER",
      "index" : 1,
      "status" : "Success",
      "cleanUpStatus" : "Success"
    } ],
    "args" : { },
    "returnPayloadInResponse" : false,
    "saveTaskPayload" : false,
    "waitForResponse" : true,
    "isSchedulerRequest" : false,
    "requestID" : "63595ec1-ab5d-4b16-84d2-ef41e2971b7f",
    "payload" : "",
    "payloadHeaders" : { },
    "userId" : "624d17a278f71870c4bc0ef6",
    "consoleId" : "60c1013a78f71842a8cc0294",
    "nodeId" : "5c9d1ae2-fc88-484c-8f77-881c2f9477bb",
    "nodeName" : "sm-dac1"
  }
} 
 </msg>
<msg timestamp="20230227 17:01:49.906" level="INFO">C:\Users\acruz\AppData\Local\Programs\Python\Python310\lib\site-packages\urllib3\connectionpool.py:1045: InsecureRequestWarning: Unverified HTTPS request is being made to host '172.17.82.121'. Adding certificate verification is strongly advised. See: https://urllib3.readthedocs.io/en/1.26.x/advanced-usage.html#ssl-warnings
  warnings.warn(</msg>
<msg timestamp="20230227 17:01:49.906" level="INFO">${response} = &lt;Response [200]&gt;</msg>
<status status="PASS" starttime="20230227 17:01:49.755" endtime="20230227 17:01:49.906"/>
</kw>
<kw name="Return From Keyword" library="BuiltIn">
<arg>${response}</arg>
<doc>Returns from the enclosing user keyword.</doc>
<msg timestamp="20230227 17:01:49.906" level="INFO">Returning from the enclosing user keyword.</msg>
<status status="PASS" starttime="20230227 17:01:49.906" endtime="20230227 17:01:49.906"/>
</kw>
<status status="PASS" starttime="20230227 17:01:49.754" endtime="20230227 17:01:49.906"/>
</kw>
<msg timestamp="20230227 17:01:49.912" level="INFO">${Delete_response} = &lt;Response [200]&gt;</msg>
<status status="PASS" starttime="20230227 17:01:49.754" endtime="20230227 17:01:49.912"/>
</kw>
<kw name="Run Keyword If" library="BuiltIn">
<arg>${status} == ${True}</arg>
<arg>Status Should Be</arg>
<arg>200</arg>
<arg>${Delete_response}</arg>
<doc>Runs the given keyword with the given arguments, if ``condition`` is true.</doc>
<kw name="Status Should Be" library="RequestsLibrary">
<arg>200</arg>
<arg>${Delete_response}</arg>
<doc>Fails if response status code is different than the expected.</doc>
<status status="PASS" starttime="20230227 17:01:49.912" endtime="20230227 17:01:49.912"/>
</kw>
<status status="PASS" starttime="20230227 17:01:49.912" endtime="20230227 17:01:49.912"/>
</kw>
<status status="PASS" starttime="20230227 17:01:49.191" endtime="20230227 17:01:49.912"/>
</kw>
<kw name="Set Variable" library="BuiltIn">
<var>${createAuditCopies}</var>
<arg>Always</arg>
<doc>Returns the given values which can then be assigned to a variables.</doc>
<msg timestamp="20230227 17:01:49.914" level="INFO">${createAuditCopies} = Always</msg>
<status status="PASS" starttime="20230227 17:01:49.913" endtime="20230227 17:01:49.914"/>
</kw>
<kw name="Set Variable" library="BuiltIn">
<var>${task}</var>
<arg>{"name": "${TaskName}","createAuditCopies": "${createAuditCopies}"}</arg>
<doc>Returns the given values which can then be assigned to a variables.</doc>
<msg timestamp="20230227 17:01:49.915" level="INFO">${task} = {"name": "CleanUpTest","createAuditCopies": "Always"}</msg>
<status status="PASS" starttime="20230227 17:01:49.914" endtime="20230227 17:01:49.915"/>
</kw>
<kw name="Set Variable" library="BuiltIn">
<var>${createAuditCopies}</var>
<arg>Never</arg>
<doc>Returns the given values which can then be assigned to a variables.</doc>
<msg timestamp="20230227 17:01:49.915" level="INFO">${createAuditCopies} = Never</msg>
<status status="PASS" starttime="20230227 17:01:49.915" endtime="20230227 17:01:49.915"/>
</kw>
<kw name="Convert To Lower Case" library="String">
<var>${Hostname}</var>
<arg>${TESTSYSTEM}</arg>
<doc>Converts string to lower case.</doc>
<msg timestamp="20230227 17:01:49.916" level="INFO">${Hostname} = sm-dac1</msg>
<status status="PASS" starttime="20230227 17:01:49.916" endtime="20230227 17:01:49.916"/>
</kw>
<kw name="Set Variable" library="BuiltIn">
<var>${steps}</var>
<arg>[{"type": "FILE","description": "","hostname": "${Hostname}","filePath": "*","disablePreserveTimestamp": false,"deletePostTransfer": "NEVER","readFile": true,"treatMissingFilesAsSuccess": true,"protocol": "MONARCH"}]</arg>
<doc>Returns the given values which can then be assigned to a variables.</doc>
<msg timestamp="20230227 17:01:49.917" level="INFO">${steps} = [{"type": "FILE","description": "","hostname": "sm-dac1","filePath": "*","disablePreserveTimestamp": false,"deletePostTransfer": "NEVER","readFile": true,"treatMissingFilesAsSuccess": true,"protocol":...</msg>
<status status="PASS" starttime="20230227 17:01:49.917" endtime="20230227 17:01:49.917"/>
</kw>
<kw name="Set Variable" library="BuiltIn">
<var>${task}</var>
<arg>{"name": "${TaskName}", "createAuditCopies": "${createAuditCopies}","steps": ${steps}}</arg>
<doc>Returns the given values which can then be assigned to a variables.</doc>
<msg timestamp="20230227 17:01:49.918" level="INFO">${task} = {"name": "CleanUpTest", "createAuditCopies": "Never","steps": [{"type": "FILE","description": "","hostname": "sm-dac1","filePath": "*","disablePreserveTimestamp": false,"deletePostTransfer": "NEVER","...</msg>
<status status="PASS" starttime="20230227 17:01:49.918" endtime="20230227 17:01:49.918"/>
</kw>
<kw name="POST-Create Task" library="EITK3_POST_Keywords">
<var>${Create_task}</var>
<arg>${task}</arg>
<kw name="Create Dictionary" library="BuiltIn">
<var>${headers}</var>
<arg>osiApiToken=${Token}</arg>
<arg>Content-Type=application/json</arg>
<doc>Creates and returns a dictionary based on the given ``items``.</doc>
<msg timestamp="20230227 17:01:49.919" level="INFO">${headers} = {'osiApiToken': '624d17a278f71870c4bc0ef6:08c99aec5c74fe42882b78f90dbc165ba87378592a73bc1c59c793f4197b85a2', 'Content-Type': 'application/json'}</msg>
<status status="PASS" starttime="20230227 17:01:49.919" endtime="20230227 17:01:49.919"/>
</kw>
<kw name="POST On Session" library="RequestsLibrary">
<var>${response}</var>
<arg>Swagger</arg>
<arg>url=/eitk/api/v1/taskconfig</arg>
<arg>data=${task}</arg>
<arg>headers=${headers}</arg>
<arg>expected_status=Anything</arg>
<arg>verify=${False}</arg>
<doc>Sends a POST request on a previously created HTTP Session.</doc>
<msg timestamp="20230227 17:01:50.079" level="INFO">POST Request : url=https://172.17.82.121:8443/eitk/api/v1/taskconfig 
 path_url=/eitk/api/v1/taskconfig 
 headers={'User-Agent': 'python-requests/2.28.1', 'Accept-Encoding': 'gzip, deflate', 'Accept': '*/*', 'Connection': 'keep-alive', 'osiApiToken': '624d17a278f71870c4bc0ef6:08c99aec5c74fe42882b78f90dbc165ba87378592a73bc1c59c793f4197b85a2', 'Content-Type': 'application/json', 'Content-Length': '275'} 
 body={"name": "CleanUpTest", "createAuditCopies": "Never","steps": [{"type": "FILE","description": "","hostname": "sm-dac1","filePath": "*","disablePreserveTimestamp": false,"deletePostTransfer": "NEVER","readFile": true,"treatMissingFilesAsSuccess": true,"protocol": "MONARCH"}]} 
 </msg>
<msg timestamp="20230227 17:01:50.079" level="INFO">POST Response : url=https://172.17.82.121:8443/eitk/api/v1/taskconfig 
 status=201, reason=Created 
 headers={'Server': 'nginx', 'Date': 'Mon, 27 Feb 2023 23:01:50 GMT', 'Content-Type': 'application/json', 'Content-Length': '423', 'Connection': 'keep-alive', 'Location': 'https://172.17.82.121:8443/eitk/api/v1/taskconfig/CleanUpTest', 'X-Frame-Options': 'SAMEORIGIN', 'X-Content-Type-Options': 'nosniff', 'X-XSS-Protection': '1; mode=block', 'Strict-Transport-Security': 'max-age=31536000; includeSubDomains; preload', 'Pragma': 'no-cache', 'Cache-Control': 'no-cache, must-revalidate, private, no-store'} 
 body={
  "id" : "63fd365eed11f26c4d7427a6",
  "saveID" : 1,
  "name" : "CleanUpTest",
  "steps" : [ {
    "type" : "MONARCH",
    "description" : "",
    "filePath" : "*",
    "hostname" : "sm-dac1",
    "disablePreserveTimestamp" : false,
    "deletePostTransfer" : "NEVER",
    "readFile" : true,
    "treatMissingFilesAsSuccess" : true,
    "protocol" : "MONARCH",
    "type" : "FILE"
  } ],
  "createAuditCopies" : "Never"
} 
 </msg>
<msg timestamp="20230227 17:01:50.079" level="INFO">C:\Users\acruz\AppData\Local\Programs\Python\Python310\lib\site-packages\urllib3\connectionpool.py:1045: InsecureRequestWarning: Unverified HTTPS request is being made to host '172.17.82.121'. Adding certificate verification is strongly advised. See: https://urllib3.readthedocs.io/en/1.26.x/advanced-usage.html#ssl-warnings
  warnings.warn(</msg>
<msg timestamp="20230227 17:01:50.079" level="INFO">${response} = &lt;Response [201]&gt;</msg>
<status status="PASS" starttime="20230227 17:01:49.919" endtime="20230227 17:01:50.079"/>
</kw>
<kw name="Return From Keyword" library="BuiltIn">
<arg>${response}</arg>
<doc>Returns from the enclosing user keyword.</doc>
<msg timestamp="20230227 17:01:50.084" level="INFO">Returning from the enclosing user keyword.</msg>
<status status="PASS" starttime="20230227 17:01:50.079" endtime="20230227 17:01:50.084"/>
</kw>
<msg timestamp="20230227 17:01:50.084" level="INFO">${Create_task} = &lt;Response [201]&gt;</msg>
<status status="PASS" starttime="20230227 17:01:49.919" endtime="20230227 17:01:50.084"/>
</kw>
<kw name="Status Should Be" library="RequestsLibrary">
<arg>201</arg>
<arg>${Create_task}</arg>
<doc>Fails if response status code is different than the expected.</doc>
<status status="PASS" starttime="20230227 17:01:50.085" endtime="20230227 17:01:50.085"/>
</kw>
<kw name="POST-Run a Task" library="EITK3_POST_Keywords">
<var>${Run_request}</var>
<arg>${TaskName}</arg>
<kw name="Create Dictionary" library="BuiltIn">
<var>${headers}</var>
<arg>osiApiToken=${Token}</arg>
<arg>Content-Type=application/json</arg>
<doc>Creates and returns a dictionary based on the given ``items``.</doc>
<msg timestamp="20230227 17:01:50.087" level="INFO">${headers} = {'osiApiToken': '624d17a278f71870c4bc0ef6:08c99aec5c74fe42882b78f90dbc165ba87378592a73bc1c59c793f4197b85a2', 'Content-Type': 'application/json'}</msg>
<status status="PASS" starttime="20230227 17:01:50.086" endtime="20230227 17:01:50.087"/>
</kw>
<kw name="Set Variable" library="BuiltIn">
<var>${POST_body}</var>
<arg>{"waitForResponse": true,"name": "${task_name}"}</arg>
<doc>Returns the given values which can then be assigned to a variables.</doc>
<msg timestamp="20230227 17:01:50.087" level="INFO">${POST_body} = {"waitForResponse": true,"name": "CleanUpTest"}</msg>
<status status="PASS" starttime="20230227 17:01:50.087" endtime="20230227 17:01:50.087"/>
</kw>
<kw name="POST On Session" library="RequestsLibrary">
<var>${response}</var>
<arg>Swagger</arg>
<arg>url=/eitk/api/v1/taskrunrequests</arg>
<arg>data=${POST_body}</arg>
<arg>headers=${headers}</arg>
<arg>expected_status=Anything</arg>
<arg>verify=${False}</arg>
<doc>Sends a POST request on a previously created HTTP Session.</doc>
<msg timestamp="20230227 17:01:50.671" level="INFO">POST Request : url=https://172.17.82.121:8443/eitk/api/v1/taskrunrequests 
 path_url=/eitk/api/v1/taskrunrequests 
 headers={'User-Agent': 'python-requests/2.28.1', 'Accept-Encoding': 'gzip, deflate', 'Accept': '*/*', 'Connection': 'keep-alive', 'osiApiToken': '624d17a278f71870c4bc0ef6:08c99aec5c74fe42882b78f90dbc165ba87378592a73bc1c59c793f4197b85a2', 'Content-Type': 'application/json', 'Content-Length': '47'} 
 body={"waitForResponse": true,"name": "CleanUpTest"} 
 </msg>
<msg timestamp="20230227 17:01:50.671" level="INFO">POST Response : url=https://172.17.82.121:8443/eitk/api/v1/taskrunrequests 
 status=200, reason=OK 
 headers={'Server': 'nginx', 'Date': 'Mon, 27 Feb 2023 23:01:50 GMT', 'Content-Type': 'application/json', 'Content-Length': '763', 'Connection': 'keep-alive', 'X-Frame-Options': 'SAMEORIGIN', 'X-Content-Type-Options': 'nosniff', 'X-XSS-Protection': '1; mode=block', 'Strict-Transport-Security': 'max-age=31536000; includeSubDomains; preload', 'Pragma': 'no-cache', 'Cache-Control': 'no-cache, must-revalidate, private, no-store'} 
 body=[ {
  "name" : "CleanUpTest",
  "startTime" : 1677538910122,
  "endTime" : 1677538910548,
  "status" : "Success",
  "error" : false,
  "statusCode" : 200,
  "statusMessage" : "The Task ran successfully",
  "stepResults" : [ {
    "type" : "FILE",
    "usage" : "CONSUMER",
    "index" : 1,
    "status" : "Success",
    "cleanUpStatus" : "Success"
  } ],
  "args" : { },
  "returnPayloadInResponse" : false,
  "saveTaskPayload" : false,
  "waitForResponse" : true,
  "isSchedulerRequest" : false,
  "requestID" : "189c2a77-6b95-4497-9494-9b3089209249",
  "payload" : "",
  "payloadHeaders" : { },
  "userId" : "624d17a278f71870c4bc0ef6",
  "consoleId" : "60c1013a78f71842a8cc0294",
  "nodeId" : "5c9d1ae2-fc88-484c-8f77-881c2f9477bb",
  "nodeName" : "sm-dac1"
} ] 
 </msg>
<msg timestamp="20230227 17:01:50.671" level="INFO">C:\Users\acruz\AppData\Local\Programs\Python\Python310\lib\site-packages\urllib3\connectionpool.py:1045: InsecureRequestWarning: Unverified HTTPS request is being made to host '172.17.82.121'. Adding certificate verification is strongly advised. See: https://urllib3.readthedocs.io/en/1.26.x/advanced-usage.html#ssl-warnings
  warnings.warn(</msg>
<msg timestamp="20230227 17:01:50.671" level="INFO">${response} = &lt;Response [200]&gt;</msg>
<status status="PASS" starttime="20230227 17:01:50.087" endtime="20230227 17:01:50.671"/>
</kw>
<kw name="Return From Keyword" library="BuiltIn">
<arg>${response}</arg>
<doc>Returns from the enclosing user keyword.</doc>
<msg timestamp="20230227 17:01:50.684" level="INFO">Returning from the enclosing user keyword.</msg>
<status status="PASS" starttime="20230227 17:01:50.671" endtime="20230227 17:01:50.684"/>
</kw>
<msg timestamp="20230227 17:01:50.684" level="INFO">${Run_request} = &lt;Response [200]&gt;</msg>
<status status="PASS" starttime="20230227 17:01:50.086" endtime="20230227 17:01:50.684"/>
</kw>
<kw name="Status Should Be" library="RequestsLibrary">
<arg>200</arg>
<arg>${Run_request}</arg>
<doc>Fails if response status code is different than the expected.</doc>
<status status="PASS" starttime="20230227 17:01:50.685" endtime="20230227 17:01:50.685"/>
</kw>
<kw name="Delete All Sessions" library="RequestsLibrary">
<doc>Removes all the session objects</doc>
<msg timestamp="20230227 17:01:50.685" level="INFO">Deleting All Sessions</msg>
<status status="PASS" starttime="20230227 17:01:50.685" endtime="20230227 17:01:50.686"/>
</kw>
<kw name="Open_Browser_And_Login_As_Admin" library="General_Keywords">
<arg>Chrome</arg>
<kw name="Open Browser" library="SeleniumLibrary">
<arg>${URL}</arg>
<arg>${Browser}</arg>
<doc>Opens a new browser instance to the optional ``url``.</doc>
<msg timestamp="20230227 17:01:50.689" level="INFO">Opening browser 'Chrome' to base url 'https://sm-dac1:8443/platform/page/signin.html'.</msg>
<status status="PASS" starttime="20230227 17:01:50.688" endtime="20230227 17:01:52.601"/>
</kw>
<kw name="Maximize Browser Window" library="SeleniumLibrary">
<doc>Maximizes current browser window.</doc>
<status status="PASS" starttime="20230227 17:01:52.601" endtime="20230227 17:01:52.730"/>
</kw>
<kw name="Set Selenium Timeout" library="SeleniumLibrary">
<arg>60s</arg>
<doc>Sets the timeout that is used by various keywords.</doc>
<status status="PASS" starttime="20230227 17:01:52.731" endtime="20230227 17:01:52.733"/>
</kw>
<kw name="Run Keyword If" library="BuiltIn">
<arg>"${Browser}" == "ie"</arg>
<arg>set selenium speed</arg>
<arg>0.08s</arg>
<doc>Runs the given keyword with the given arguments, if ``condition`` is true.</doc>
<status status="PASS" starttime="20230227 17:01:52.733" endtime="20230227 17:01:52.733"/>
</kw>
<kw name="Run Keyword If" library="BuiltIn">
<arg>"${Browser}" == "chrome"</arg>
<arg>set selenium speed</arg>
<arg>0.08s</arg>
<doc>Runs the given keyword with the given arguments, if ``condition`` is true.</doc>
<status status="PASS" starttime="20230227 17:01:52.733" endtime="20230227 17:01:52.733"/>
</kw>
<kw name="Run Keyword If" library="BuiltIn">
<arg>"${Browser}" == "ie"</arg>
<arg>Verify_IE_CertIssue_Exists</arg>
<doc>Runs the given keyword with the given arguments, if ``condition`` is true.</doc>
<status status="PASS" starttime="20230227 17:01:52.733" endtime="20230227 17:01:52.733"/>
</kw>
<kw name="Run Keyword And Return Status" library="BuiltIn">
<var>${Cert_Authentication}</var>
<arg>wait until element is visible</arg>
<arg>xpath=//*[@id="details-button"]</arg>
<arg>5s</arg>
<doc>Runs the given keyword with given arguments and returns the status as a Boolean value.</doc>
<kw name="Wait Until Element Is Visible" library="SeleniumLibrary">
<arg>xpath=//*[@id="details-button"]</arg>
<arg>5s</arg>
<doc>Waits until the element ``locator`` is visible.</doc>
<msg timestamp="20230227 17:01:57.912" level="FAIL">Element 'xpath=//*[@id="details-button"]' not visible after 5 seconds.</msg>
<status status="FAIL" starttime="20230227 17:01:52.733" endtime="20230227 17:01:57.912"/>
</kw>
<msg timestamp="20230227 17:01:57.912" level="INFO">${Cert_Authentication} = False</msg>
<status status="PASS" starttime="20230227 17:01:52.733" endtime="20230227 17:01:57.912"/>
</kw>
<kw name="Run Keyword If" library="BuiltIn">
<arg>${Cert_Authentication}</arg>
<arg>click element</arg>
<arg>xpath=//*[@id="details-button"]</arg>
<doc>Runs the given keyword with the given arguments, if ``condition`` is true.</doc>
<status status="PASS" starttime="20230227 17:01:57.912" endtime="20230227 17:01:57.912"/>
</kw>
<kw name="Run Keyword If" library="BuiltIn">
<arg>${Cert_Authentication}</arg>
<arg>click element</arg>
<arg>xpath=//*[@id="proceed-link"]</arg>
<doc>Runs the given keyword with the given arguments, if ``condition`` is true.</doc>
<status status="PASS" starttime="20230227 17:01:57.912" endtime="20230227 17:01:57.912"/>
</kw>
<kw name="Wait Until Element Is Visible" library="SeleniumLibrary">
<arg>xpath=${OSI_Logo}</arg>
<doc>Waits until the element ``locator`` is visible.</doc>
<status status="PASS" starttime="20230227 17:01:57.912" endtime="20230227 17:01:57.939"/>
</kw>
<kw name="Wait Until Element Is Visible" library="SeleniumLibrary">
<arg>xpath=${OSI_Username}</arg>
<doc>Waits until the element ``locator`` is visible.</doc>
<status status="PASS" starttime="20230227 17:01:57.940" endtime="20230227 17:01:57.957"/>
</kw>
<kw name="Input Text" library="SeleniumLibrary">
<arg>id:username</arg>
<arg>admin</arg>
<doc>Types the given ``text`` into the text field identified by ``locator``.</doc>
<msg timestamp="20230227 17:01:57.957" level="INFO">Typing text 'admin' into text field 'id:username'.</msg>
<status status="PASS" starttime="20230227 17:01:57.957" endtime="20230227 17:01:58.020"/>
</kw>
<kw name="Wait Until Element Is Visible" library="SeleniumLibrary">
<arg>xpath=${OSI_Password}</arg>
<doc>Waits until the element ``locator`` is visible.</doc>
<status status="PASS" starttime="20230227 17:01:58.020" endtime="20230227 17:01:58.034"/>
</kw>
<kw name="Input Text" library="SeleniumLibrary">
<arg>id:password</arg>
<arg>admin21`</arg>
<doc>Types the given ``text`` into the text field identified by ``locator``.</doc>
<msg timestamp="20230227 17:01:58.034" level="INFO">Typing text 'admin21`' into text field 'id:password'.</msg>
<status status="PASS" starttime="20230227 17:01:58.034" endtime="20230227 17:01:58.105"/>
</kw>
<kw name="Wait Until Element Is Visible" library="SeleniumLibrary">
<arg>xpath=${OSI_Login_Button}</arg>
<doc>Waits until the element ``locator`` is visible.</doc>
<status status="PASS" starttime="20230227 17:01:58.105" endtime="20230227 17:01:58.107"/>
</kw>
<kw name="Click Element" library="SeleniumLibrary">
<arg>xpath=${OSI_Login_Button}</arg>
<doc>Click the element identified by ``locator``.</doc>
<msg timestamp="20230227 17:01:58.107" level="INFO">Clicking element 'xpath=//*[@id="submit"]'.</msg>
<status status="PASS" starttime="20230227 17:01:58.107" endtime="20230227 17:01:58.158"/>
</kw>
<status status="PASS" starttime="20230227 17:01:50.688" endtime="20230227 17:01:58.158"/>
</kw>
<kw name="Select_EITK_Tool" library="EITK3_General_Keywords">
<kw name="Wait Until Element Is Visible" library="SeleniumLibrary">
<arg>xpath=${Image_EITK}</arg>
<doc>Waits until the element ``locator`` is visible.</doc>
<status status="PASS" starttime="20230227 17:01:58.158" endtime="20230227 17:02:00.386"/>
</kw>
<kw name="Wait Until Element Is Visible" library="SeleniumLibrary">
<arg>xpath=${ImageText_EITK}</arg>
<doc>Waits until the element ``locator`` is visible.</doc>
<status status="PASS" starttime="20230227 17:02:00.386" endtime="20230227 17:02:00.405"/>
</kw>
<kw name="Click Element" library="SeleniumLibrary">
<arg>xpath=${Image_EITK}</arg>
<doc>Click the element identified by ``locator``.</doc>
<msg timestamp="20230227 17:02:00.405" level="INFO">Clicking element 'xpath=//*[@href='/eitk/page/auth/EnterpriseITK.html']//*//img[@src='/eitk/page/auth/images/enterprise-itk.png']'.</msg>
<status status="PASS" starttime="20230227 17:02:00.405" endtime="20230227 17:02:03.139"/>
</kw>
<kw name="Wait Until Element Is Not Visible" library="SeleniumLibrary">
<arg>xpath=${Tasks_Search_Loading}</arg>
<doc>Waits until the element ``locator`` is not visible.</doc>
<status status="PASS" starttime="20230227 17:02:03.139" endtime="20230227 17:02:03.157"/>
</kw>
<status status="PASS" starttime="20230227 17:01:58.158" endtime="20230227 17:02:03.157"/>
</kw>
<kw name="Navigate_To_System_Settings_Page" library="EITK3_General_Keywords">
<kw name="Wait Until Element Is Visible" library="SeleniumLibrary">
<arg>xpath=${EITK_Admin_Dropdown}</arg>
<doc>Waits until the element ``locator`` is visible.</doc>
<status status="PASS" starttime="20230227 17:02:03.158" endtime="20230227 17:02:03.179"/>
</kw>
<kw name="Wait Until Element Is Visible" library="SeleniumLibrary">
<arg>xpath=${EITK_Admin_Caret}</arg>
<doc>Waits until the element ``locator`` is visible.</doc>
<status status="PASS" starttime="20230227 17:02:03.179" endtime="20230227 17:02:03.198"/>
</kw>
<kw name="Click Element" library="SeleniumLibrary">
<arg>xpath=${EITK_Admin_Caret}</arg>
<doc>Click the element identified by ``locator``.</doc>
<msg timestamp="20230227 17:02:03.198" level="INFO">Clicking element 'xpath=//*[@id="navbar"]//*[@role="menuitem"]//*[text()="Admin"]/i'.</msg>
<status status="PASS" starttime="20230227 17:02:03.198" endtime="20230227 17:02:03.269"/>
</kw>
<kw name="Wait Until Element Is Visible" library="SeleniumLibrary">
<arg>xpath=${Admin_Dropdown_System Settings}</arg>
<doc>Waits until the element ``locator`` is visible.</doc>
<status status="PASS" starttime="20230227 17:02:03.269" endtime="20230227 17:02:03.288"/>
</kw>
<kw name="Click Element" library="SeleniumLibrary">
<arg>xpath=${Admin_Dropdown_System Settings}</arg>
<doc>Click the element identified by ``locator``.</doc>
<msg timestamp="20230227 17:02:03.288" level="INFO">Clicking element 'xpath=//*[@class="dx-submenu"]//*[@role="menuitem"]//*[text()='System Settings']'.</msg>
<status status="PASS" starttime="20230227 17:02:03.288" endtime="20230227 17:02:04.599"/>
</kw>
<kw name="Wait Until Element Is Visible" library="SeleniumLibrary">
<arg>${EITK_Settings_Page_Title}</arg>
<doc>Waits until the element ``locator`` is visible.</doc>
<status status="PASS" starttime="20230227 17:02:04.600" endtime="20230227 17:02:04.644"/>
</kw>
<status status="PASS" starttime="20230227 17:02:03.158" endtime="20230227 17:02:04.644"/>
</kw>
<kw name="EnterpriseITK_Settings_Task_Tab" library="EITK3_General_Keywords">
<kw name="Wait Until Element Is Visible" library="SeleniumLibrary">
<arg>${EITK_Tasks_Tab}</arg>
<doc>Waits until the element ``locator`` is visible.</doc>
<status status="PASS" starttime="20230227 17:02:04.645" endtime="20230227 17:02:04.669"/>
</kw>
<kw name="Click Element" library="SeleniumLibrary">
<arg>${EITK_Tasks_Tab}</arg>
<doc>Click the element identified by ``locator``.</doc>
<msg timestamp="20230227 17:02:04.670" level="INFO">Clicking element '//h3[text()='Tasks']'.</msg>
<status status="PASS" starttime="20230227 17:02:04.669" endtime="20230227 17:02:04.723"/>
</kw>
<status status="PASS" starttime="20230227 17:02:04.645" endtime="20230227 17:02:04.723"/>
</kw>
<kw name="Verify_EITK_Settings_Page_Task_Tab" library="EITK3_General_Keywords">
<kw name="Wait Until Element Is Visible" library="SeleniumLibrary">
<arg>xpath=${EITK_Allow_PV_Access_Checkbox}</arg>
<doc>Waits until the element ``locator`` is visible.</doc>
<status status="PASS" starttime="20230227 17:02:04.726" endtime="20230227 17:02:04.967"/>
</kw>
<kw name="Wait Until Element Is Visible" library="SeleniumLibrary">
<arg>xpath=${EITK_Allow_PV_Access_Checkbox_Label}</arg>
<doc>Waits until the element ``locator`` is visible.</doc>
<status status="PASS" starttime="20230227 17:02:04.967" endtime="20230227 17:02:04.991"/>
</kw>
<kw name="Wait Until Element Is Visible" library="SeleniumLibrary">
<arg>xpath=${EITK_Allow_PV_Access_Help_Icon}</arg>
<doc>Waits until the element ``locator`` is visible.</doc>
<status status="PASS" starttime="20230227 17:02:04.991" endtime="20230227 17:02:05.013"/>
</kw>
<kw name="Wait Until Element Is Visible" library="SeleniumLibrary">
<arg>xpath=${EITK_Log_Task_Header_Textbox}</arg>
<doc>Waits until the element ``locator`` is visible.</doc>
<status status="PASS" starttime="20230227 17:02:05.014" endtime="20230227 17:02:05.039"/>
</kw>
<kw name="Wait Until Element Is Visible" library="SeleniumLibrary">
<arg>xpath=${EITK_Log_Task_Header_Textbox_Label}</arg>
<doc>Waits until the element ``locator`` is visible.</doc>
<status status="PASS" starttime="20230227 17:02:05.039" endtime="20230227 17:02:05.061"/>
</kw>
<kw name="Wait Until Element Is Visible" library="SeleniumLibrary">
<arg>xpath=${EITK_Log_Task_Header_Help_Icon}</arg>
<doc>Waits until the element ``locator`` is visible.</doc>
<status status="PASS" starttime="20230227 17:02:05.061" endtime="20230227 17:02:05.082"/>
</kw>
<kw name="Wait Until Element Is Visible" library="SeleniumLibrary">
<arg>xpath=${EITK_Max_Payloads_Stored_Per_Task_Textbox}</arg>
<doc>Waits until the element ``locator`` is visible.</doc>
<status status="PASS" starttime="20230227 17:02:05.082" endtime="20230227 17:02:05.103"/>
</kw>
<kw name="Wait Until Element Is Visible" library="SeleniumLibrary">
<arg>xpath=${EITK_Max_Payloads_Stored_Per_Task_Textbox_Label}</arg>
<doc>Waits until the element ``locator`` is visible.</doc>
<status status="PASS" starttime="20230227 17:02:05.103" endtime="20230227 17:02:05.123"/>
</kw>
<kw name="Wait Until Element Is Visible" library="SeleniumLibrary">
<arg>xpath=${EITK_Max_Payloads_Stored_Per_Task_Help_Icon}</arg>
<doc>Waits until the element ``locator`` is visible.</doc>
<status status="PASS" starttime="20230227 17:02:05.127" endtime="20230227 17:02:05.145"/>
</kw>
<kw name="Wait Until Element Is Visible" library="SeleniumLibrary">
<arg>xpath=${EITK_Max_Task_Run_Request_Age_Textbox}</arg>
<doc>Waits until the element ``locator`` is visible.</doc>
<status status="PASS" starttime="20230227 17:02:05.146" endtime="20230227 17:02:05.165"/>
</kw>
<kw name="Wait Until Element Is Visible" library="SeleniumLibrary">
<arg>xpath=${EITK_Max_Task_Run_Request_Age_Textbox_Label}</arg>
<doc>Waits until the element ``locator`` is visible.</doc>
<status status="PASS" starttime="20230227 17:02:05.165" endtime="20230227 17:02:05.186"/>
</kw>
<kw name="Wait Until Element Is Visible" library="SeleniumLibrary">
<arg>xpath=${EITK_Max_Task_Run_Request_Age_Help_Icon}</arg>
<doc>Waits until the element ``locator`` is visible.</doc>
<status status="PASS" starttime="20230227 17:02:05.186" endtime="20230227 17:02:05.204"/>
</kw>
<kw name="Wait Until Element Is Visible" library="SeleniumLibrary">
<arg>xpath=${EITK_Cleanup_Time_Textbox}</arg>
<doc>Waits until the element ``locator`` is visible.</doc>
<status status="PASS" starttime="20230227 17:02:05.204" endtime="20230227 17:02:05.223"/>
</kw>
<kw name="Wait Until Element Is Visible" library="SeleniumLibrary">
<arg>xpath=${EITK_Cleanup_Time_Textbox_Label}</arg>
<doc>Waits until the element ``locator`` is visible.</doc>
<status status="PASS" starttime="20230227 17:02:05.223" endtime="20230227 17:02:05.242"/>
</kw>
<kw name="Wait Until Element Is Visible" library="SeleniumLibrary">
<arg>xpath=${EITK_Cleanup_Time_Help_Icon}</arg>
<doc>Waits until the element ``locator`` is visible.</doc>
<status status="PASS" starttime="20230227 17:02:05.242" endtime="20230227 17:02:05.259"/>
</kw>
<kw name="Wait Until Element Is Visible" library="SeleniumLibrary">
<arg>xpath=${EITK_Max_File_Age_Textbox}</arg>
<doc>Waits until the element ``locator`` is visible.</doc>
<status status="PASS" starttime="20230227 17:02:05.259" endtime="20230227 17:02:05.276"/>
</kw>
<kw name="Wait Until Element Is Visible" library="SeleniumLibrary">
<arg>xpath=${EITK_Max_File_Age_Textbox_Label}</arg>
<doc>Waits until the element ``locator`` is visible.</doc>
<status status="PASS" starttime="20230227 17:02:05.276" endtime="20230227 17:02:05.295"/>
</kw>
<kw name="Wait Until Element Is Visible" library="SeleniumLibrary">
<arg>xpath=${EITK_Max_File_Age_Help_Icon}</arg>
<doc>Waits until the element ``locator`` is visible.</doc>
<status status="PASS" starttime="20230227 17:02:05.295" endtime="20230227 17:02:05.314"/>
</kw>
<kw name="Wait Until Element Is Visible" library="SeleniumLibrary">
<arg>xpath=${EITK_Task_History_Age_Textbox}</arg>
<doc>Waits until the element ``locator`` is visible.</doc>
<status status="PASS" starttime="20230227 17:02:05.315" endtime="20230227 17:02:05.334"/>
</kw>
<kw name="Wait Until Element Is Visible" library="SeleniumLibrary">
<arg>xpath=${EITK_Task_History_Age_Textbox_Label}</arg>
<doc>Waits until the element ``locator`` is visible.</doc>
<status status="PASS" starttime="20230227 17:02:05.335" endtime="20230227 17:02:05.355"/>
</kw>
<kw name="Wait Until Element Is Visible" library="SeleniumLibrary">
<arg>xpath=${EITK_Task_History_Age_Help_Icon}</arg>
<doc>Waits until the element ``locator`` is visible.</doc>
<status status="PASS" starttime="20230227 17:02:05.355" endtime="20230227 17:02:05.378"/>
</kw>
<kw name="Wait Until Element Is Visible" library="SeleniumLibrary">
<arg>xpath=${EITK_Schedule_OnAny_Site_Checkbox}</arg>
<doc>Waits until the element ``locator`` is visible.</doc>
<status status="PASS" starttime="20230227 17:02:05.378" endtime="20230227 17:02:05.398"/>
</kw>
<kw name="Wait Until Element Is Visible" library="SeleniumLibrary">
<arg>xpath=${EITK_Schedule_OnAny_Site_Checkbox_Label}</arg>
<doc>Waits until the element ``locator`` is visible.</doc>
<status status="PASS" starttime="20230227 17:02:05.398" endtime="20230227 17:02:05.419"/>
</kw>
<kw name="Wait Until Element Is Visible" library="SeleniumLibrary">
<arg>xpath=${EITK_Schedule_OnAny_Site_Help_Icon}</arg>
<doc>Waits until the element ``locator`` is visible.</doc>
<status status="PASS" starttime="20230227 17:02:05.419" endtime="20230227 17:02:05.441"/>
</kw>
<kw name="Wait Until Element Is Visible" library="SeleniumLibrary">
<arg>xpath=${EITK_Settings_Save_Button}</arg>
<doc>Waits until the element ``locator`` is visible.</doc>
<status status="PASS" starttime="20230227 17:02:05.441" endtime="20230227 17:02:05.461"/>
</kw>
<kw name="Wait Until Element Is Visible" library="SeleniumLibrary">
<arg>xpath=${EITK_Settings_Cancel_Button}</arg>
<doc>Waits until the element ``locator`` is visible.</doc>
<status status="PASS" starttime="20230227 17:02:05.461" endtime="20230227 17:02:05.477"/>
</kw>
<status status="PASS" starttime="20230227 17:02:04.724" endtime="20230227 17:02:05.477"/>
</kw>
<kw name="Get Current Date" library="DateTime">
<var>${Time}</var>
<arg>increment=00:05:00</arg>
<arg>result_format=%H:%M:%S</arg>
<doc>Returns current local or UTC time with an optional increment.</doc>
<msg timestamp="20230227 17:02:05.478" level="INFO">${Time} = 17:07:05</msg>
<status status="PASS" starttime="20230227 17:02:05.478" endtime="20230227 17:02:05.478"/>
</kw>
<kw name="Get Current Date" library="DateTime">
<var>${Current_Daytime}</var>
<arg>increment=00:05:00</arg>
<arg>exclude_millis=True</arg>
<doc>Returns current local or UTC time with an optional increment.</doc>
<msg timestamp="20230227 17:02:05.479" level="INFO">${Current_Daytime} = 2023-02-27 17:07:05</msg>
<status status="PASS" starttime="20230227 17:02:05.479" endtime="20230227 17:02:05.479"/>
</kw>
<kw name="Add Time To Date" library="DateTime">
<var>${Daytime}</var>
<arg>${Current_Daytime}</arg>
<arg>1 day</arg>
<doc>Adds time to date and returns the resulting date.</doc>
<msg timestamp="20230227 17:02:05.483" level="INFO">${Daytime} = 2023-02-28 17:07:05.000</msg>
<status status="PASS" starttime="20230227 17:02:05.479" endtime="20230227 17:02:05.483"/>
</kw>
<kw name="Set Variable" library="BuiltIn">
<var>${TaskCleanupTime}</var>
<arg>${Time}</arg>
<doc>Returns the given values which can then be assigned to a variables.</doc>
<msg timestamp="20230227 17:02:05.484" level="INFO">${TaskCleanupTime} = 17:07:05</msg>
<status status="PASS" starttime="20230227 17:02:05.484" endtime="20230227 17:02:05.484"/>
</kw>
<kw name="Set_Value">
<arg>${TaskCleanupTime}</arg>
<arg>${EITK_Cleanup_Time_Textbox}</arg>
<kw name="Set Selenium Timeout" library="SeleniumLibrary">
<arg>60s</arg>
<doc>Sets the timeout that is used by various keywords.</doc>
<status status="PASS" starttime="20230227 17:02:05.486" endtime="20230227 17:02:05.488"/>
</kw>
<kw name="Click Element" library="SeleniumLibrary">
<arg>xpath=${xpath}</arg>
<doc>Click the element identified by ``locator``.</doc>
<msg timestamp="20230227 17:02:05.488" level="INFO">Clicking element 'xpath=//label[text()='Cleanup Time']/../..//input[@id='taskstaskDailyAuditCleanupTime']'.</msg>
<status status="PASS" starttime="20230227 17:02:05.488" endtime="20230227 17:02:05.545"/>
</kw>
<kw name="Wait Until Element Is Enabled" library="SeleniumLibrary">
<arg>xpath=${xpath}</arg>
<doc>Waits until the element ``locator`` is enabled.</doc>
<status status="PASS" starttime="20230227 17:02:05.545" endtime="20230227 17:02:05.576"/>
</kw>
<kw name="Input Text" library="SeleniumLibrary">
<arg>xpath=${xpath}</arg>
<arg>${value}</arg>
<doc>Types the given ``text`` into the text field identified by ``locator``.</doc>
<msg timestamp="20230227 17:02:05.576" level="INFO">Typing text '17:07:05' into text field 'xpath=//label[text()='Cleanup Time']/../..//input[@id='taskstaskDailyAuditCleanupTime']'.</msg>
<status status="PASS" starttime="20230227 17:02:05.576" endtime="20230227 17:02:05.640"/>
</kw>
<status status="PASS" starttime="20230227 17:02:05.485" endtime="20230227 17:02:05.641"/>
</kw>
<kw name="Set_Value">
<arg>${FileAge}</arg>
<arg>${EITK_Max_File_Age_Textbox}</arg>
<kw name="Set Selenium Timeout" library="SeleniumLibrary">
<arg>60s</arg>
<doc>Sets the timeout that is used by various keywords.</doc>
<status status="PASS" starttime="20230227 17:02:05.641" endtime="20230227 17:02:05.642"/>
</kw>
<kw name="Click Element" library="SeleniumLibrary">
<arg>xpath=${xpath}</arg>
<doc>Click the element identified by ``locator``.</doc>
<msg timestamp="20230227 17:02:05.643" level="INFO">Clicking element 'xpath=//label[text()='Max File Age']/../..//input[@id='taskstaskCleanUpAge']'.</msg>
<status status="PASS" starttime="20230227 17:02:05.642" endtime="20230227 17:02:05.685"/>
</kw>
<kw name="Wait Until Element Is Enabled" library="SeleniumLibrary">
<arg>xpath=${xpath}</arg>
<doc>Waits until the element ``locator`` is enabled.</doc>
<status status="PASS" starttime="20230227 17:02:05.685" endtime="20230227 17:02:05.709"/>
</kw>
<kw name="Input Text" library="SeleniumLibrary">
<arg>xpath=${xpath}</arg>
<arg>${value}</arg>
<doc>Types the given ``text`` into the text field identified by ``locator``.</doc>
<msg timestamp="20230227 17:02:05.710" level="INFO">Typing text '1' into text field 'xpath=//label[text()='Max File Age']/../..//input[@id='taskstaskCleanUpAge']'.</msg>
<status status="PASS" starttime="20230227 17:02:05.709" endtime="20230227 17:02:05.782"/>
</kw>
<status status="PASS" starttime="20230227 17:02:05.641" endtime="20230227 17:02:05.782"/>
</kw>
<kw name="Set_Value">
<arg>${PayloadsStoredperTask}</arg>
<arg>${EITK_Max_Payloads_Stored_Per_Task_Textbox}</arg>
<kw name="Set Selenium Timeout" library="SeleniumLibrary">
<arg>60s</arg>
<doc>Sets the timeout that is used by various keywords.</doc>
<status status="PASS" starttime="20230227 17:02:05.783" endtime="20230227 17:02:05.784"/>
</kw>
<kw name="Click Element" library="SeleniumLibrary">
<arg>xpath=${xpath}</arg>
<doc>Click the element identified by ``locator``.</doc>
<msg timestamp="20230227 17:02:05.785" level="INFO">Clicking element 'xpath=//label[text()='Max Payloads Stored per Task']/../.. //input[@id="tasksgridFsMaxPayloadAmount"]'.</msg>
<status status="PASS" starttime="20230227 17:02:05.784" endtime="20230227 17:02:05.830"/>
</kw>
<kw name="Wait Until Element Is Enabled" library="SeleniumLibrary">
<arg>xpath=${xpath}</arg>
<doc>Waits until the element ``locator`` is enabled.</doc>
<status status="PASS" starttime="20230227 17:02:05.830" endtime="20230227 17:02:05.857"/>
</kw>
<kw name="Input Text" library="SeleniumLibrary">
<arg>xpath=${xpath}</arg>
<arg>${value}</arg>
<doc>Types the given ``text`` into the text field identified by ``locator``.</doc>
<msg timestamp="20230227 17:02:05.857" level="INFO">Typing text '100' into text field 'xpath=//label[text()='Max Payloads Stored per Task']/../.. //input[@id="tasksgridFsMaxPayloadAmount"]'.</msg>
<status status="PASS" starttime="20230227 17:02:05.857" endtime="20230227 17:02:05.922"/>
</kw>
<status status="PASS" starttime="20230227 17:02:05.783" endtime="20230227 17:02:05.922"/>
</kw>
<kw name="Set_Value">
<arg>${TaskHistoryAge}</arg>
<arg>${EITK_Task_History_Age_Textbox}</arg>
<kw name="Set Selenium Timeout" library="SeleniumLibrary">
<arg>60s</arg>
<doc>Sets the timeout that is used by various keywords.</doc>
<status status="PASS" starttime="20230227 17:02:05.923" endtime="20230227 17:02:05.925"/>
</kw>
<kw name="Click Element" library="SeleniumLibrary">
<arg>xpath=${xpath}</arg>
<doc>Click the element identified by ``locator``.</doc>
<msg timestamp="20230227 17:02:05.925" level="INFO">Clicking element 'xpath=//label[text()='Max Task History Age']/../..//input[@id='taskstaskHistoryCleanUpAge']'.</msg>
<status status="PASS" starttime="20230227 17:02:05.925" endtime="20230227 17:02:05.977"/>
</kw>
<kw name="Wait Until Element Is Enabled" library="SeleniumLibrary">
<arg>xpath=${xpath}</arg>
<doc>Waits until the element ``locator`` is enabled.</doc>
<status status="PASS" starttime="20230227 17:02:05.977" endtime="20230227 17:02:06.000"/>
</kw>
<kw name="Input Text" library="SeleniumLibrary">
<arg>xpath=${xpath}</arg>
<arg>${value}</arg>
<doc>Types the given ``text`` into the text field identified by ``locator``.</doc>
<msg timestamp="20230227 17:02:06.001" level="INFO">Typing text '1' into text field 'xpath=//label[text()='Max Task History Age']/../..//input[@id='taskstaskHistoryCleanUpAge']'.</msg>
<status status="PASS" starttime="20230227 17:02:06.001" endtime="20230227 17:02:06.064"/>
</kw>
<status status="PASS" starttime="20230227 17:02:05.923" endtime="20230227 17:02:06.066"/>
</kw>
<kw name="Set_Value">
<arg>${TaskRunRequestAge}</arg>
<arg>${EITK_Max_Task_Run_Request_Age_Textbox}</arg>
<kw name="Set Selenium Timeout" library="SeleniumLibrary">
<arg>60s</arg>
<doc>Sets the timeout that is used by various keywords.</doc>
<status status="PASS" starttime="20230227 17:02:06.067" endtime="20230227 17:02:06.067"/>
</kw>
<kw name="Click Element" library="SeleniumLibrary">
<arg>xpath=${xpath}</arg>
<doc>Click the element identified by ``locator``.</doc>
<msg timestamp="20230227 17:02:06.069" level="INFO">Clicking element 'xpath=//label[text()='Max Task Run Request Age']/../..//input[@id="taskstaskRunRequestsCleanUpAge"]'.</msg>
<status status="PASS" starttime="20230227 17:02:06.069" endtime="20230227 17:02:06.109"/>
</kw>
<kw name="Wait Until Element Is Enabled" library="SeleniumLibrary">
<arg>xpath=${xpath}</arg>
<doc>Waits until the element ``locator`` is enabled.</doc>
<status status="PASS" starttime="20230227 17:02:06.109" endtime="20230227 17:02:06.131"/>
</kw>
<kw name="Input Text" library="SeleniumLibrary">
<arg>xpath=${xpath}</arg>
<arg>${value}</arg>
<doc>Types the given ``text`` into the text field identified by ``locator``.</doc>
<msg timestamp="20230227 17:02:06.131" level="INFO">Typing text '1' into text field 'xpath=//label[text()='Max Task Run Request Age']/../..//input[@id="taskstaskRunRequestsCleanUpAge"]'.</msg>
<status status="PASS" starttime="20230227 17:02:06.131" endtime="20230227 17:02:06.201"/>
</kw>
<status status="PASS" starttime="20230227 17:02:06.066" endtime="20230227 17:02:06.202"/>
</kw>
<kw name="Click Button" library="SeleniumLibrary">
<arg>xpath=${EITK_Settings_Save_Button}</arg>
<doc>Clicks the button identified by ``locator``.</doc>
<msg timestamp="20230227 17:02:06.203" level="INFO">Clicking button 'xpath=//*[@id="saveBtn"]'.</msg>
<status status="PASS" starttime="20230227 17:02:06.202" endtime="20230227 17:02:06.263"/>
</kw>
<kw name="Wait Until Element Is Visible" library="SeleniumLibrary">
<arg>${Message_Snackbar}</arg>
<doc>Waits until the element ``locator`` is visible.</doc>
<status status="PASS" starttime="20230227 17:02:06.264" endtime="20230227 17:02:06.510"/>
</kw>
<kw name="Get Text" library="SeleniumLibrary">
<var>${Pop_Up_Message}</var>
<arg>${Message_Snackbar_Text}</arg>
<doc>Returns the text value of the element identified by ``locator``.</doc>
<msg timestamp="20230227 17:02:06.538" level="INFO">${Pop_Up_Message} = Save successful</msg>
<status status="PASS" starttime="20230227 17:02:06.511" endtime="20230227 17:02:06.538"/>
</kw>
<kw name="Run Keyword If" library="BuiltIn">
<arg>"${Pop_Up_Message}" == "No changes made"</arg>
<arg>Log</arg>
<arg>The values entered are the same as before. No changes made.</arg>
<arg>ELSE</arg>
<arg>Should be equal</arg>
<arg>${Pop_Up_Message}</arg>
<arg>Save successful</arg>
<doc>Runs the given keyword with the given arguments, if ``condition`` is true.</doc>
<kw name="Should Be Equal" library="BuiltIn">
<arg>${Pop_Up_Message}</arg>
<arg>Save successful</arg>
<doc>Fails if the given objects are unequal.</doc>
<status status="PASS" starttime="20230227 17:02:06.539" endtime="20230227 17:02:06.539"/>
</kw>
<status status="PASS" starttime="20230227 17:02:06.539" endtime="20230227 17:02:06.539"/>
</kw>
<kw name="Restart_Proccess_Using_Site_Monitor" library="General_Keywords">
<arg>${TESTSYSTEM}</arg>
<arg>osii_eitkd</arg>
<kw name="Run Keyword If" library="BuiltIn">
<arg>${Go_to_App_Page} == ${True}</arg>
<arg>Navigate_To_Apps_Page</arg>
<doc>Runs the given keyword with the given arguments, if ``condition`` is true.</doc>
<kw name="Navigate_To_Apps_Page" library="General_Keywords">
<kw name="Click Element" library="SeleniumLibrary">
<arg>xpath=${OSINavbar_Button_Apps}</arg>
<doc>Click the element identified by ``locator``.</doc>
<msg timestamp="20230227 17:02:06.541" level="INFO">Clicking element 'xpath=//*[@id="navbar"]//*[@data-tag="appsIcon"]//*[text()="apps"]'.</msg>
<status status="PASS" starttime="20230227 17:02:06.541" endtime="20230227 17:02:06.617"/>
</kw>
<kw name="Wait Until Element Is Visible" library="SeleniumLibrary">
<arg>xpath=${OSINavbar_Button_Apps_ShowApps}</arg>
<doc>Waits until the element ``locator`` is visible.</doc>
<status status="PASS" starttime="20230227 17:02:06.617" endtime="20230227 17:02:06.642"/>
</kw>
<kw name="Click Element" library="SeleniumLibrary">
<arg>xpath=${OSINavbar_Button_Apps_ShowApps}</arg>
<doc>Click the element identified by ``locator``.</doc>
<msg timestamp="20230227 17:02:06.643" level="INFO">Clicking element 'xpath=//*[@id="apps_popup"]//span[text()='Apps Page']'.</msg>
<status status="PASS" starttime="20230227 17:02:06.643" endtime="20230227 17:02:08.685"/>
</kw>
<status status="PASS" starttime="20230227 17:02:06.541" endtime="20230227 17:02:08.686"/>
</kw>
<status status="PASS" starttime="20230227 17:02:06.540" endtime="20230227 17:02:08.686"/>
</kw>
<kw name="Set Selenium Timeout" library="SeleniumLibrary">
<arg>60s</arg>
<doc>Sets the timeout that is used by various keywords.</doc>
<status status="PASS" starttime="20230227 17:02:08.686" endtime="20230227 17:02:08.689"/>
</kw>
<kw name="Wait Until Element Is Visible" library="SeleniumLibrary">
<arg>xpath=${Image_SM}</arg>
<doc>Waits until the element ``locator`` is visible.</doc>
<status status="PASS" starttime="20230227 17:02:08.689" endtime="20230227 17:02:09.146"/>
</kw>
<kw name="Click Element" library="SeleniumLibrary">
<arg>xpath=${Image_SM}</arg>
<doc>Click the element identified by ``locator``.</doc>
<msg timestamp="20230227 17:02:09.146" level="INFO">Clicking element 'xpath=//*[@id="appsContainer"]//a[@href='/platform/page/auth/sitemonitor.html']//*//img[@src='/platform/page/auth/images/apps-system-monitor-sm.png']'.</msg>
<status status="PASS" starttime="20230227 17:02:09.146" endtime="20230227 17:02:10.028"/>
</kw>
<kw name="Wait Until Page Contains" library="SeleniumLibrary">
<arg>Global View</arg>
<doc>Waits until ``text`` appears on the current page.</doc>
<status status="PASS" starttime="20230227 17:02:10.028" endtime="20230227 17:02:10.262"/>
</kw>
<for flavor="IN RANGE">
<var>${i}</var>
<value>1</value>
<value>7</value>
<iter>
<var name="${i}">1</var>
<kw name="Set Variable" library="BuiltIn">
<var>${XPath}</var>
<arg>//body/div[@id='templateContent']/div[1]/div[1]/main[1]/div[2]/div[${i}]/div[2]/div[1]/div[1]/div[1]</arg>
<doc>Returns the given values which can then be assigned to a variables.</doc>
<msg timestamp="20230227 17:02:10.263" level="INFO">${XPath} = //body/div[@id='templateContent']/div[1]/div[1]/main[1]/div[2]/div[1]/div[2]/div[1]/div[1]/div[1]</msg>
<status status="PASS" starttime="20230227 17:02:10.262" endtime="20230227 17:02:10.263"/>
</kw>
<kw name="Convert To String" library="BuiltIn">
<var>${XPATH}</var>
<arg>${XPath}</arg>
<doc>Converts the given item to a Unicode string.</doc>
<msg timestamp="20230227 17:02:10.263" level="INFO">${XPATH} = //body/div[@id='templateContent']/div[1]/div[1]/main[1]/div[2]/div[1]/div[2]/div[1]/div[1]/div[1]</msg>
<status status="PASS" starttime="20230227 17:02:10.263" endtime="20230227 17:02:10.263"/>
</kw>
<kw name="Get Text" library="SeleniumLibrary">
<var>${Node_Name}</var>
<arg>xpath=${XPATH}</arg>
<doc>Returns the text value of the element identified by ``locator``.</doc>
<msg timestamp="20230227 17:02:10.289" level="INFO">${Node_Name} = sm-bdac1</msg>
<status status="PASS" starttime="20230227 17:02:10.263" endtime="20230227 17:02:10.289"/>
</kw>
<kw name="Convert To Lower Case" library="String">
<var>${Test_System}</var>
<arg>${Test_System_Name}</arg>
<doc>Converts string to lower case.</doc>
<msg timestamp="20230227 17:02:10.289" level="INFO">${Test_System} = sm-dac1</msg>
<status status="PASS" starttime="20230227 17:02:10.289" endtime="20230227 17:02:10.289"/>
</kw>
<kw name="Run Keyword If" library="BuiltIn">
<arg>"${Test_System}" == "${Node_Name}"</arg>
<arg>Click Element</arg>
<arg>xpath=${XPATH}</arg>
<doc>Runs the given keyword with the given arguments, if ``condition`` is true.</doc>
<status status="PASS" starttime="20230227 17:02:10.289" endtime="20230227 17:02:10.289"/>
</kw>
<kw name="Exit For Loop If" library="BuiltIn">
<arg>"${Test_System}" == "${Node_Name}"</arg>
<doc>Stops executing the enclosing FOR loop if the ``condition`` is true.</doc>
<status status="PASS" starttime="20230227 17:02:10.289" endtime="20230227 17:02:10.289"/>
</kw>
<status status="PASS" starttime="20230227 17:02:10.262" endtime="20230227 17:02:10.289"/>
</iter>
<iter>
<var name="${i}">2</var>
<kw name="Set Variable" library="BuiltIn">
<var>${XPath}</var>
<arg>//body/div[@id='templateContent']/div[1]/div[1]/main[1]/div[2]/div[${i}]/div[2]/div[1]/div[1]/div[1]</arg>
<doc>Returns the given values which can then be assigned to a variables.</doc>
<msg timestamp="20230227 17:02:10.289" level="INFO">${XPath} = //body/div[@id='templateContent']/div[1]/div[1]/main[1]/div[2]/div[2]/div[2]/div[1]/div[1]/div[1]</msg>
<status status="PASS" starttime="20230227 17:02:10.289" endtime="20230227 17:02:10.289"/>
</kw>
<kw name="Convert To String" library="BuiltIn">
<var>${XPATH}</var>
<arg>${XPath}</arg>
<doc>Converts the given item to a Unicode string.</doc>
<msg timestamp="20230227 17:02:10.289" level="INFO">${XPATH} = //body/div[@id='templateContent']/div[1]/div[1]/main[1]/div[2]/div[2]/div[2]/div[1]/div[1]/div[1]</msg>
<status status="PASS" starttime="20230227 17:02:10.289" endtime="20230227 17:02:10.289"/>
</kw>
<kw name="Get Text" library="SeleniumLibrary">
<var>${Node_Name}</var>
<arg>xpath=${XPATH}</arg>
<doc>Returns the text value of the element identified by ``locator``.</doc>
<msg timestamp="20230227 17:02:10.318" level="INFO">${Node_Name} = sm-dac1</msg>
<status status="PASS" starttime="20230227 17:02:10.289" endtime="20230227 17:02:10.318"/>
</kw>
<kw name="Convert To Lower Case" library="String">
<var>${Test_System}</var>
<arg>${Test_System_Name}</arg>
<doc>Converts string to lower case.</doc>
<msg timestamp="20230227 17:02:10.318" level="INFO">${Test_System} = sm-dac1</msg>
<status status="PASS" starttime="20230227 17:02:10.318" endtime="20230227 17:02:10.318"/>
</kw>
<kw name="Run Keyword If" library="BuiltIn">
<arg>"${Test_System}" == "${Node_Name}"</arg>
<arg>Click Element</arg>
<arg>xpath=${XPATH}</arg>
<doc>Runs the given keyword with the given arguments, if ``condition`` is true.</doc>
<kw name="Click Element" library="SeleniumLibrary">
<arg>xpath=${XPATH}</arg>
<doc>Click the element identified by ``locator``.</doc>
<msg timestamp="20230227 17:02:10.319" level="INFO">Clicking element 'xpath=//body/div[@id='templateContent']/div[1]/div[1]/main[1]/div[2]/div[2]/div[2]/div[1]/div[1]/div[1]'.</msg>
<status status="PASS" starttime="20230227 17:02:10.319" endtime="20230227 17:02:10.419"/>
</kw>
<status status="PASS" starttime="20230227 17:02:10.318" endtime="20230227 17:02:10.419"/>
</kw>
<kw name="Exit For Loop If" library="BuiltIn">
<arg>"${Test_System}" == "${Node_Name}"</arg>
<doc>Stops executing the enclosing FOR loop if the ``condition`` is true.</doc>
<msg timestamp="20230227 17:02:10.420" level="INFO">Exiting for loop altogether.</msg>
<status status="PASS" starttime="20230227 17:02:10.419" endtime="20230227 17:02:10.420"/>
</kw>
<status status="PASS" starttime="20230227 17:02:10.289" endtime="20230227 17:02:10.420"/>
</iter>
<status status="PASS" starttime="20230227 17:02:10.262" endtime="20230227 17:02:10.420"/>
</for>
<kw name="Wait Until Page Contains Element" library="SeleniumLibrary">
<arg>xpath=//div[contains(text(),'${Process}')]</arg>
<doc>Waits until the element ``locator`` appears on the current page.</doc>
<status status="PASS" starttime="20230227 17:02:10.420" endtime="20230227 17:02:10.629"/>
</kw>
<for flavor="IN RANGE">
<var>${row}</var>
<value>1</value>
<value>20</value>
<iter>
<var name="${row}">1</var>
<kw name="Get Text" library="SeleniumLibrary">
<var>${Process_Name}</var>
<arg>xpath=//tbody/tr[${row}]/td[1]</arg>
<doc>Returns the text value of the element identified by ``locator``.</doc>
<msg timestamp="20230227 17:02:10.657" level="INFO">${Process_Name} = nginx</msg>
<status status="PASS" starttime="20230227 17:02:10.629" endtime="20230227 17:02:10.657"/>
</kw>
<kw name="Set Variable If" library="BuiltIn">
<var>${Process_Restart_Checkbox}</var>
<arg>"${Process_Name}" == "${Process}"</arg>
<arg>//tbody/tr[${row}]/td[11]/div[1]/label[1]/span[3]</arg>
<doc>Sets variable based on the given condition.</doc>
<msg timestamp="20230227 17:02:10.657" level="INFO">${Process_Restart_Checkbox} = None</msg>
<status status="PASS" starttime="20230227 17:02:10.657" endtime="20230227 17:02:10.657"/>
</kw>
<kw name="Exit For Loop If" library="BuiltIn">
<arg>"${Process_Name}" == "${Process}"</arg>
<doc>Stops executing the enclosing FOR loop if the ``condition`` is true.</doc>
<status status="PASS" starttime="20230227 17:02:10.657" endtime="20230227 17:02:10.657"/>
</kw>
<status status="PASS" starttime="20230227 17:02:10.629" endtime="20230227 17:02:10.657"/>
</iter>
<iter>
<var name="${row}">2</var>
<kw name="Get Text" library="SeleniumLibrary">
<var>${Process_Name}</var>
<arg>xpath=//tbody/tr[${row}]/td[1]</arg>
<doc>Returns the text value of the element identified by ``locator``.</doc>
<msg timestamp="20230227 17:02:10.666" level="INFO">${Process_Name} = osii_dct_service</msg>
<status status="PASS" starttime="20230227 17:02:10.657" endtime="20230227 17:02:10.666"/>
</kw>
<kw name="Set Variable If" library="BuiltIn">
<var>${Process_Restart_Checkbox}</var>
<arg>"${Process_Name}" == "${Process}"</arg>
<arg>//tbody/tr[${row}]/td[11]/div[1]/label[1]/span[3]</arg>
<doc>Sets variable based on the given condition.</doc>
<msg timestamp="20230227 17:02:10.666" level="INFO">${Process_Restart_Checkbox} = None</msg>
<status status="PASS" starttime="20230227 17:02:10.666" endtime="20230227 17:02:10.666"/>
</kw>
<kw name="Exit For Loop If" library="BuiltIn">
<arg>"${Process_Name}" == "${Process}"</arg>
<doc>Stops executing the enclosing FOR loop if the ``condition`` is true.</doc>
<status status="PASS" starttime="20230227 17:02:10.666" endtime="20230227 17:02:10.666"/>
</kw>
<status status="PASS" starttime="20230227 17:02:10.657" endtime="20230227 17:02:10.666"/>
</iter>
<iter>
<var name="${row}">3</var>
<kw name="Get Text" library="SeleniumLibrary">
<var>${Process_Name}</var>
<arg>xpath=//tbody/tr[${row}]/td[1]</arg>
<doc>Returns the text value of the element identified by ``locator``.</doc>
<msg timestamp="20230227 17:02:10.715" level="INFO">${Process_Name} = osii_eitkd</msg>
<status status="PASS" starttime="20230227 17:02:10.681" endtime="20230227 17:02:10.715"/>
</kw>
<kw name="Set Variable If" library="BuiltIn">
<var>${Process_Restart_Checkbox}</var>
<arg>"${Process_Name}" == "${Process}"</arg>
<arg>//tbody/tr[${row}]/td[11]/div[1]/label[1]/span[3]</arg>
<doc>Sets variable based on the given condition.</doc>
<msg timestamp="20230227 17:02:10.715" level="INFO">${Process_Restart_Checkbox} = //tbody/tr[3]/td[11]/div[1]/label[1]/span[3]</msg>
<status status="PASS" starttime="20230227 17:02:10.715" endtime="20230227 17:02:10.715"/>
</kw>
<kw name="Exit For Loop If" library="BuiltIn">
<arg>"${Process_Name}" == "${Process}"</arg>
<doc>Stops executing the enclosing FOR loop if the ``condition`` is true.</doc>
<msg timestamp="20230227 17:02:10.715" level="INFO">Exiting for loop altogether.</msg>
<status status="PASS" starttime="20230227 17:02:10.715" endtime="20230227 17:02:10.715"/>
</kw>
<status status="PASS" starttime="20230227 17:02:10.666" endtime="20230227 17:02:10.715"/>
</iter>
<status status="PASS" starttime="20230227 17:02:10.629" endtime="20230227 17:02:10.715"/>
</for>
<kw name="Page Should Contain Element" library="SeleniumLibrary">
<arg>xpath=${Process_Restart_Checkbox}</arg>
<doc>Verifies that element ``locator`` is found on the current page.</doc>
<msg timestamp="20230227 17:02:10.715" level="INFO">Current page contains element 'xpath=//tbody/tr[3]/td[11]/div[1]/label[1]/span[3]'.</msg>
<status status="PASS" starttime="20230227 17:02:10.715" endtime="20230227 17:02:10.715"/>
</kw>
<kw name="Click Element" library="SeleniumLibrary">
<arg>xpath=${Process_Restart_Checkbox}</arg>
<doc>Click the element identified by ``locator``.</doc>
<msg timestamp="20230227 17:02:10.715" level="INFO">Clicking element 'xpath=//tbody/tr[3]/td[11]/div[1]/label[1]/span[3]'.</msg>
<status status="PASS" starttime="20230227 17:02:10.715" endtime="20230227 17:02:10.771"/>
</kw>
<kw name="Wait Until Element Is Enabled" library="SeleniumLibrary">
<arg>xpath=${Restart_Process_Button}</arg>
<doc>Waits until the element ``locator`` is enabled.</doc>
<status status="PASS" starttime="20230227 17:02:10.771" endtime="20230227 17:02:10.805"/>
</kw>
<kw name="Click Element" library="SeleniumLibrary">
<arg>xpath=${Restart_Process_Button}</arg>
<doc>Click the element identified by ``locator``.</doc>
<msg timestamp="20230227 17:02:10.805" level="INFO">Clicking element 'xpath=//i[contains(text(),'refresh')]'.</msg>
<status status="PASS" starttime="20230227 17:02:10.805" endtime="20230227 17:02:10.855"/>
</kw>
<kw name="Wait Until Element Is Visible" library="SeleniumLibrary">
<arg>xpath=//div[contains(text(),'Are you sure you want to restart ${Process}?')]</arg>
<doc>Waits until the element ``locator`` is visible.</doc>
<status status="PASS" starttime="20230227 17:02:10.855" endtime="20230227 17:02:10.894"/>
</kw>
<kw name="Wait Until Element Is Visible" library="SeleniumLibrary">
<arg>xpath=${Confirm_Button}</arg>
<doc>Waits until the element ``locator`` is visible.</doc>
<status status="PASS" starttime="20230227 17:02:10.894" endtime="20230227 17:02:10.914"/>
</kw>
<kw name="Wait Until Element Is Enabled" library="SeleniumLibrary">
<arg>xpath=${Confirm_Button}</arg>
<doc>Waits until the element ``locator`` is enabled.</doc>
<status status="PASS" starttime="20230227 17:02:10.914" endtime="20230227 17:02:10.930"/>
</kw>
<kw name="Click Element" library="SeleniumLibrary">
<arg>xpath=${Confirm_Button}</arg>
<doc>Click the element identified by ``locator``.</doc>
<msg timestamp="20230227 17:02:10.930" level="INFO">Clicking element 'xpath=//button[contains(text(),'Confirm')]'.</msg>
<status status="PASS" starttime="20230227 17:02:10.930" endtime="20230227 17:02:10.978"/>
</kw>
<kw name="Wait Until Element Is Visible" library="SeleniumLibrary">
<arg>${Message_Snackbar}</arg>
<doc>Waits until the element ``locator`` is visible.</doc>
<status status="PASS" starttime="20230227 17:02:10.978" endtime="20230227 17:02:11.199"/>
</kw>
<kw name="Get Text" library="SeleniumLibrary">
<var>${Pop_Up_Message}</var>
<arg>xpath=${Message_Snackbar_Text}</arg>
<doc>Returns the text value of the element identified by ``locator``.</doc>
<msg timestamp="20230227 17:02:11.215" level="INFO">${Pop_Up_Message} = Processes restarted successfully</msg>
<status status="PASS" starttime="20230227 17:02:11.199" endtime="20230227 17:02:11.215"/>
</kw>
<kw name="Should Be Equal As Strings" library="BuiltIn">
<arg>${Pop_Up_Message}</arg>
<arg>Processes restarted successfully</arg>
<doc>Fails if objects are unequal after converting them to strings.</doc>
<status status="PASS" starttime="20230227 17:02:11.215" endtime="20230227 17:02:11.215"/>
</kw>
<kw name="Navigate_To_Apps_Page" library="General_Keywords">
<kw name="Click Element" library="SeleniumLibrary">
<arg>xpath=${OSINavbar_Button_Apps}</arg>
<doc>Click the element identified by ``locator``.</doc>
<msg timestamp="20230227 17:02:11.215" level="INFO">Clicking element 'xpath=//*[@id="navbar"]//*[@data-tag="appsIcon"]//*[text()="apps"]'.</msg>
<status status="PASS" starttime="20230227 17:02:11.215" endtime="20230227 17:02:11.304"/>
</kw>
<kw name="Wait Until Element Is Visible" library="SeleniumLibrary">
<arg>xpath=${OSINavbar_Button_Apps_ShowApps}</arg>
<doc>Waits until the element ``locator`` is visible.</doc>
<status status="PASS" starttime="20230227 17:02:11.304" endtime="20230227 17:02:11.556"/>
</kw>
<kw name="Click Element" library="SeleniumLibrary">
<arg>xpath=${OSINavbar_Button_Apps_ShowApps}</arg>
<doc>Click the element identified by ``locator``.</doc>
<msg timestamp="20230227 17:02:11.556" level="INFO">Clicking element 'xpath=//*[@id="apps_popup"]//span[text()='Apps Page']'.</msg>
<status status="PASS" starttime="20230227 17:02:11.556" endtime="20230227 17:02:12.174"/>
</kw>
<status status="PASS" starttime="20230227 17:02:11.215" endtime="20230227 17:02:12.175"/>
</kw>
<status status="PASS" starttime="20230227 17:02:06.540" endtime="20230227 17:02:12.175"/>
</kw>
<kw name="Logout_User_And_Close_Browser" library="General_Keywords">
<kw name="Wait Until Element Is Visible" library="SeleniumLibrary">
<arg>xpath=${User_Toolbar_User_Dropdown}</arg>
<doc>Waits until the element ``locator`` is visible.</doc>
<status status="PASS" starttime="20230227 17:02:12.176" endtime="20230227 17:02:12.201"/>
</kw>
<kw name="Wait Until Element Is Visible" library="SeleniumLibrary">
<arg>xpath=${User_Toolbar_User_Caret}</arg>
<doc>Waits until the element ``locator`` is visible.</doc>
<status status="PASS" starttime="20230227 17:02:12.201" endtime="20230227 17:02:12.239"/>
</kw>
<kw name="Click Element" library="SeleniumLibrary">
<arg>xpath=${User_Toolbar_User_Caret}</arg>
<doc>Click the element identified by ``locator``.</doc>
<msg timestamp="20230227 17:02:12.240" level="INFO">Clicking element 'xpath=//*[@id="navbar"]//*[@role="menuitem"]//*[text()="admin"]/i'.</msg>
<status status="PASS" starttime="20230227 17:02:12.239" endtime="20230227 17:02:12.302"/>
</kw>
<kw name="Wait Until Element Is Visible" library="SeleniumLibrary">
<arg>xpath=${User_Dropdown_Logout}</arg>
<doc>Waits until the element ``locator`` is visible.</doc>
<status status="PASS" starttime="20230227 17:02:12.302" endtime="20230227 17:02:12.555"/>
</kw>
<kw name="Element Text Should Be" library="SeleniumLibrary">
<arg>xpath=${User_Dropdown_Logout}</arg>
<arg>Logout</arg>
<doc>Verifies that element ``locator`` contains exact the text ``expected``.</doc>
<msg timestamp="20230227 17:02:12.555" level="INFO">Verifying element 'xpath=//*[@class="dx-submenu"]//*[@role="menuitem"]//*[text()='Logout']' contains exact text 'Logout'.</msg>
<status status="PASS" starttime="20230227 17:02:12.555" endtime="20230227 17:02:12.573"/>
</kw>
<kw name="Click Element" library="SeleniumLibrary">
<arg>xpath=${User_Dropdown_Logout}</arg>
<doc>Click the element identified by ``locator``.</doc>
<msg timestamp="20230227 17:02:12.573" level="INFO">Clicking element 'xpath=//*[@class="dx-submenu"]//*[@role="menuitem"]//*[text()='Logout']'.</msg>
<status status="PASS" starttime="20230227 17:02:12.573" endtime="20230227 17:02:12.611"/>
</kw>
<kw name="Close Browser" library="SeleniumLibrary">
<doc>Closes the current browser.</doc>
<status status="PASS" starttime="20230227 17:02:12.612" endtime="20230227 17:02:14.756"/>
</kw>
<status status="PASS" starttime="20230227 17:02:12.175" endtime="20230227 17:02:14.757"/>
</kw>
<kw name="Convert Date" library="DateTime">
<var>${Expected_Clean_Up_Time}</var>
<arg>${Daytime}</arg>
<arg>result_format=epoch</arg>
<doc>Converts between supported `date formats`.</doc>
<msg timestamp="20230227 17:02:14.758" level="INFO">${Expected_Clean_Up_Time} = 1677625625.0</msg>
<status status="PASS" starttime="20230227 17:02:14.758" endtime="20230227 17:02:14.758"/>
</kw>
<kw name="Run" library="OperatingSystem">
<arg>echo ${Expected_Clean_Up_Time} &gt;&gt; time_setup.txt</arg>
<doc>Runs the given command in the system and returns the output.</doc>
<msg timestamp="20230227 17:02:14.763" level="INFO">Running command 'echo 1677625625.0 &gt;&gt; time_setup.txt'.</msg>
<status status="PASS" starttime="20230227 17:02:14.759" endtime="20230227 17:02:14.772"/>
</kw>
<tag>settings</tag>
<status status="PASS" starttime="20230227 17:01:49.189" endtime="20230227 17:02:14.773"/>
</test>
<status status="PASS" starttime="20230227 17:01:48.794" endtime="20230227 17:02:14.775"/>
</suite>
<statistics>
<total>
<stat pass="1" fail="0" skip="0">All Tests</stat>
</total>
<tag>
<stat pass="1" fail="0" skip="0">settings</stat>
</tag>
<suite>
<stat pass="1" fail="0" skip="0" id="s1" name="EITK3 Clean Up Tasks">EITK3 Clean Up Tasks</stat>
</suite>
</statistics>
<errors>
<msg timestamp="20230227 17:01:48.981" level="ERROR">Error in file 'C:\Users\acruz\OneDrive - Aspen Technology, Inc\Documents\AutoTasks\auto_common_robot\General_Keywords.robot' on line 2: Processing variable file 'C:\Users\acruz\OneDrive - Aspen Technology, Inc\Documents\AutoTasks\auto_common_robot\Robot_Pass_Fail_Report_To_Jama.py' failed: Importing variable file 'C:\Users\acruz\OneDrive - Aspen Technology, Inc\Documents\AutoTasks\auto_common_robot\Robot_Pass_Fail_Report_To_Jama.py' failed: ModuleNotFoundError: No module named 'jama'
Traceback (most recent call last):
  File "C:\Users\acruz\OneDrive - Aspen Technology, Inc\Documents\AutoTasks\auto_common_robot\Robot_Pass_Fail_Report_To_Jama.py", line 2, in &lt;module&gt;
    from jama import jama_proxy
PYTHONPATH:
  C:\Users\acruz\OneDrive - Aspen Technology, Inc\Documents\AutoTasks\auto_common_robot
  C:\Users\acruz\AppData\Local\Programs\Python\Python310\Scripts
  C:\Users\acruz\AppData\Local\Programs\Python\Python310\python310.zip
  C:\Users\acruz\AppData\Local\Programs\Python\Python310\DLLs
  C:\Users\acruz\AppData\Local\Programs\Python\Python310\lib
  C:\Users\acruz\AppData\Local\Programs\Python\Python310
  C:\Users\acruz\AppData\Local\Programs\Python\Python310\lib\site-packages
  C:\Users\acruz\AppData\Local\Programs\Python\Python310\lib\site-packages\robotframework-5.1b2.dev1-py3.10.egg
  C:\Users\acruz\AppData\Local\Programs\Python\Python310\lib\site-packages\win32
  C:\Users\acruz\AppData\Local\Programs\Python\Python310\lib\site-packages\win32\lib
  C:\Users\acruz\AppData\Local\Programs\Python\Python310\lib\site-packages\Pythonwin</msg>
<msg timestamp="20230227 17:01:48.998" level="ERROR">Error in file 'C:\Users\acruz\OneDrive - Aspen Technology, Inc\Documents\AutoTasks\auto_common_robot\General_Keywords.robot' on line 3: Importing library 'C:\Users\acruz\OneDrive - Aspen Technology, Inc\Documents\AutoTasks\auto_common_robot\Robot_Pass_Fail_Report_To_Jama.py' failed: ModuleNotFoundError: No module named 'jama'
Traceback (most recent call last):
  File "C:\Users\acruz\OneDrive - Aspen Technology, Inc\Documents\AutoTasks\auto_common_robot\Robot_Pass_Fail_Report_To_Jama.py", line 2, in &lt;module&gt;
    from jama import jama_proxy
PYTHONPATH:
  C:\Users\acruz\OneDrive - Aspen Technology, Inc\Documents\AutoTasks\auto_common_robot
  C:\Users\acruz\AppData\Local\Programs\Python\Python310\Scripts
  C:\Users\acruz\AppData\Local\Programs\Python\Python310\python310.zip
  C:\Users\acruz\AppData\Local\Programs\Python\Python310\DLLs
  C:\Users\acruz\AppData\Local\Programs\Python\Python310\lib
  C:\Users\acruz\AppData\Local\Programs\Python\Python310
  C:\Users\acruz\AppData\Local\Programs\Python\Python310\lib\site-packages
  C:\Users\acruz\AppData\Local\Programs\Python\Python310\lib\site-packages\robotframework-5.1b2.dev1-py3.10.egg
  C:\Users\acruz\AppData\Local\Programs\Python\Python310\lib\site-packages\win32
  C:\Users\acruz\AppData\Local\Programs\Python\Python310\lib\site-packages\win32\lib
  C:\Users\acruz\AppData\Local\Programs\Python\Python310\lib\site-packages\Pythonwin</msg>
<msg timestamp="20230227 17:01:49.176" level="ERROR">Error in file 'C:\Users\acruz\OneDrive - Aspen Technology, Inc\Documents\AutoTasks\auto_eitk3_robot\EITK3_General_Keywords.robot' on line 2: Variable file 'Robot_Pass_Fail_Report_To_Jama.py' does not exist.</msg>
<msg timestamp="20230227 17:01:49.183" level="ERROR">Error in file 'C:\Users\acruz\OneDrive - Aspen Technology, Inc\Documents\AutoTasks\auto_eitk3_robot\EITK3_General_Keywords.robot' on line 3: Library 'Robot_Pass_Fail_Report_To_Jama.py' does not exist.</msg>
</errors>
</robot>
