<?xml version="1.0" encoding="UTF-8"?>
<robot generator="Robot 5.0.1 (Python 3.10.7 on win32)" generated="20221222 10:38:26.599" rpa="false" schemaversion="3">
<suite id="s1" name="Basic Task Operations" source="C:\Users\acruz\OneDrive - Aspen Technology, Inc\Documents\AutoTasks\TestCases\Tasks\Basic_Task_Operations.robot">
<test id="s1-t1" name="Basic Tasks Operations" line="28">
<kw name="Create Session" library="RequestsLibrary" type="SETUP">
<arg>Swagger</arg>
<arg>${base_url}</arg>
<doc>Create Session: create a HTTP session to a server</doc>
<msg timestamp="20221222 10:38:26.798" level="INFO">Creating Session using : alias=Swagger, url=https://sm5-dac1:8443/eitk, headers={},                     cookies={}, auth=None, timeout=None, proxies=None, verify=False,                     debug=0 </msg>
<status status="PASS" starttime="20221222 10:38:26.798" endtime="20221222 10:38:26.798"/>
</kw>
<kw name="Set Suite Variable" library="BuiltIn">
<arg>${results}</arg>
<arg>0</arg>
<doc>Makes a variable available everywhere within the scope of the current suite.</doc>
<msg timestamp="20221222 10:38:26.800" level="INFO">${results} = 0</msg>
<status status="PASS" starttime="20221222 10:38:26.799" endtime="20221222 10:38:26.800"/>
</kw>
<kw name="Make Sure Task Does Not Exist">
<arg>${name}</arg>
<kw name="GET-Tasks With Name Filter">
<var>${response}</var>
<arg>${task_name}</arg>
<kw name="Create Dictionary" library="BuiltIn">
<var>${headers}</var>
<arg>osiApiToken=${token}</arg>
<arg>Content-Type=${JSON_format}</arg>
<doc>Creates and returns a dictionary based on the given ``items``.</doc>
<msg timestamp="20221222 10:38:26.803" level="INFO">${headers} = {'osiApiToken': '60ddc80ae2381a658bf5d87e:e031c694fe4d499bab7730485b83ce2f02e310a5b5cd9acb13850615ec7b2657', 'Content-Type': 'application/json'}</msg>
<status status="PASS" starttime="20221222 10:38:26.802" endtime="20221222 10:38:26.803"/>
</kw>
<kw name="Create Dictionary" library="BuiltIn">
<var>${params}</var>
<arg>filter=["name","=","${task_name}"]</arg>
<doc>Creates and returns a dictionary based on the given ``items``.</doc>
<msg timestamp="20221222 10:38:26.803" level="INFO">${params} = {'filter': '["name","=","Auto-Task"]'}</msg>
<status status="PASS" starttime="20221222 10:38:26.803" endtime="20221222 10:38:26.803"/>
</kw>
<kw name="GET On Session" library="RequestsLibrary">
<var>${response}</var>
<arg>Swagger</arg>
<arg>url=/api/v1/taskconfig</arg>
<arg>headers=${headers}</arg>
<arg>params=${params}</arg>
<arg>expected_status=Anything</arg>
<arg>verify=${False}</arg>
<doc>Sends a GET request on a previously created HTTP Session.</doc>
<msg timestamp="20221222 10:38:27.173" level="INFO">GET Request : url=https://sm5-dac1:8443/eitk/api/v1/taskconfig?filter=%5B%22name%22%2C%22%3D%22%2C%22Auto-Task%22%5D 
 path_url=/eitk/api/v1/taskconfig?filter=%5B%22name%22%2C%22%3D%22%2C%22Auto-Task%22%5D 
 headers={'User-Agent': 'python-requests/2.28.1', 'Accept-Encoding': 'gzip, deflate', 'Accept': '*/*', 'Connection': 'keep-alive', 'osiApiToken': '60ddc80ae2381a658bf5d87e:e031c694fe4d499bab7730485b83ce2f02e310a5b5cd9acb13850615ec7b2657', 'Content-Type': 'application/json'} 
 body=None 
 </msg>
<msg timestamp="20221222 10:38:27.173" level="INFO">GET Response : url=https://sm5-dac1:8443/eitk/api/v1/taskconfig?filter=%5B%22name%22%2C%22%3D%22%2C%22Auto-Task%22%5D 
 status=200, reason=OK 
 headers={'Server': 'nginx', 'Date': 'Thu, 22 Dec 2022 16:38:27 GMT', 'Content-Type': 'application/json', 'Content-Length': '133', 'Connection': 'keep-alive', 'X-Frame-Options': 'SAMEORIGIN', 'X-Content-Type-Options': 'nosniff', 'X-XSS-Protection': '1; mode=block', 'Strict-Transport-Security': 'max-age=31536000; includeSubDomains; preload', 'Pragma': 'no-cache', 'Cache-Control': 'no-cache, must-revalidate, private, no-store'} 
 body=[ {
  "id" : "63a38643051b4e1a81cec9b5",
  "saveID" : 1,
  "name" : "Auto-Task",
  "steps" : [ ],
  "createAuditCopies" : "Never"
} ] 
 </msg>
<msg timestamp="20221222 10:38:27.173" level="INFO">C:\Users\acruz\AppData\Local\Programs\Python\Python310\lib\site-packages\urllib3\connectionpool.py:1045: InsecureRequestWarning: Unverified HTTPS request is being made to host 'sm5-dac1'. Adding certificate verification is strongly advised. See: https://urllib3.readthedocs.io/en/1.26.x/advanced-usage.html#ssl-warnings
  warnings.warn(</msg>
<msg timestamp="20221222 10:38:27.173" level="INFO">${response} = &lt;Response [200]&gt;</msg>
<status status="PASS" starttime="20221222 10:38:26.803" endtime="20221222 10:38:27.173"/>
</kw>
<kw name="Return From Keyword" library="BuiltIn">
<arg>${response}</arg>
<doc>Returns from the enclosing user keyword.</doc>
<msg timestamp="20221222 10:38:27.173" level="INFO">Returning from the enclosing user keyword.</msg>
<status status="PASS" starttime="20221222 10:38:27.173" endtime="20221222 10:38:27.178"/>
</kw>
<msg timestamp="20221222 10:38:27.178" level="INFO">${response} = &lt;Response [200]&gt;</msg>
<status status="PASS" starttime="20221222 10:38:26.801" endtime="20221222 10:38:27.178"/>
</kw>
<kw name="Convert To String" library="BuiltIn">
<var>${body}</var>
<arg>${response.content}</arg>
<doc>Converts the given item to a Unicode string.</doc>
<msg timestamp="20221222 10:38:27.178" level="INFO">${body} = [ {
  "id" : "63a38643051b4e1a81cec9b5",
  "saveID" : 1,
  "name" : "Auto-Task",
  "steps" : [ ],
  "createAuditCopies" : "Never"
} ]</msg>
<status status="PASS" starttime="20221222 10:38:27.178" endtime="20221222 10:38:27.178"/>
</kw>
<kw name="Evaluate" library="BuiltIn">
<var>${status}</var>
<arg>'${task_name}' in '''${body}'''</arg>
<doc>Evaluates the given expression in Python and returns the result.</doc>
<msg timestamp="20221222 10:38:27.178" level="INFO">${status} = True</msg>
<status status="PASS" starttime="20221222 10:38:27.178" endtime="20221222 10:38:27.178"/>
</kw>
<kw name="Run Keyword If" library="BuiltIn">
<var>${Delete_response}</var>
<arg>${status} == ${True}</arg>
<arg>DELETE-Task with Name</arg>
<arg>${task_name}</arg>
<doc>Runs the given keyword with the given arguments, if ``condition`` is true.</doc>
<kw name="DELETE-Task with Name">
<arg>${task_name}</arg>
<kw name="Create Dictionary" library="BuiltIn">
<var>${headers}</var>
<arg>osiApiToken=${token}</arg>
<arg>Content-Type=${JSON_format}</arg>
<doc>Creates and returns a dictionary based on the given ``items``.</doc>
<msg timestamp="20221222 10:38:27.178" level="INFO">${headers} = {'osiApiToken': '60ddc80ae2381a658bf5d87e:e031c694fe4d499bab7730485b83ce2f02e310a5b5cd9acb13850615ec7b2657', 'Content-Type': 'application/json'}</msg>
<status status="PASS" starttime="20221222 10:38:27.178" endtime="20221222 10:38:27.178"/>
</kw>
<kw name="DELETE On Session" library="RequestsLibrary">
<var>${response}</var>
<arg>Swagger</arg>
<arg>url=/api/v1/taskconfig/${task_name}</arg>
<arg>headers=${headers}</arg>
<arg>verify=${False}</arg>
<doc>Sends a DELETE request on a previously created HTTP Session.</doc>
<msg timestamp="20221222 10:38:27.295" level="INFO">DELETE Request : url=https://sm5-dac1:8443/eitk/api/v1/taskconfig/Auto-Task 
 path_url=/eitk/api/v1/taskconfig/Auto-Task 
 headers={'User-Agent': 'python-requests/2.28.1', 'Accept-Encoding': 'gzip, deflate', 'Accept': '*/*', 'Connection': 'keep-alive', 'osiApiToken': '60ddc80ae2381a658bf5d87e:e031c694fe4d499bab7730485b83ce2f02e310a5b5cd9acb13850615ec7b2657', 'Content-Type': 'application/json', 'Content-Length': '0'} 
 body=None 
 </msg>
<msg timestamp="20221222 10:38:27.295" level="INFO">DELETE Response : url=https://sm5-dac1:8443/eitk/api/v1/taskconfig/Auto-Task 
 status=200, reason=OK 
 headers={'Server': 'nginx', 'Date': 'Thu, 22 Dec 2022 16:38:27 GMT', 'Content-Type': 'application/json', 'Content-Length': '129', 'Connection': 'keep-alive', 'X-Frame-Options': 'SAMEORIGIN', 'X-Content-Type-Options': 'nosniff', 'X-XSS-Protection': '1; mode=block', 'Strict-Transport-Security': 'max-age=31536000; includeSubDomains; preload', 'Pragma': 'no-cache', 'Cache-Control': 'no-cache, must-revalidate, private, no-store'} 
 body={
  "id" : "63a38643051b4e1a81cec9b5",
  "saveID" : 1,
  "name" : "Auto-Task",
  "steps" : [ ],
  "createAuditCopies" : "Never"
} 
 </msg>
<msg timestamp="20221222 10:38:27.295" level="INFO">C:\Users\acruz\AppData\Local\Programs\Python\Python310\lib\site-packages\urllib3\connectionpool.py:1045: InsecureRequestWarning: Unverified HTTPS request is being made to host 'sm5-dac1'. Adding certificate verification is strongly advised. See: https://urllib3.readthedocs.io/en/1.26.x/advanced-usage.html#ssl-warnings
  warnings.warn(</msg>
<msg timestamp="20221222 10:38:27.295" level="INFO">${response} = &lt;Response [200]&gt;</msg>
<status status="PASS" starttime="20221222 10:38:27.178" endtime="20221222 10:38:27.295"/>
</kw>
<kw name="Return From Keyword" library="BuiltIn">
<arg>${response}</arg>
<doc>Returns from the enclosing user keyword.</doc>
<msg timestamp="20221222 10:38:27.295" level="INFO">Returning from the enclosing user keyword.</msg>
<status status="PASS" starttime="20221222 10:38:27.295" endtime="20221222 10:38:27.304"/>
</kw>
<status status="PASS" starttime="20221222 10:38:27.178" endtime="20221222 10:38:27.304"/>
</kw>
<msg timestamp="20221222 10:38:27.304" level="INFO">${Delete_response} = &lt;Response [200]&gt;</msg>
<status status="PASS" starttime="20221222 10:38:27.178" endtime="20221222 10:38:27.304"/>
</kw>
<status status="PASS" starttime="20221222 10:38:26.800" endtime="20221222 10:38:27.304"/>
</kw>
<kw name="Set Variable" library="BuiltIn">
<var>${createAuditCopies}</var>
<arg>Always</arg>
<doc>Returns the given values which can then be assigned to a variables.</doc>
<msg timestamp="20221222 10:38:27.304" level="INFO">${createAuditCopies} = Always</msg>
<status status="PASS" starttime="20221222 10:38:27.304" endtime="20221222 10:38:27.304"/>
</kw>
<kw name="Set Variable" library="BuiltIn">
<var>${task}</var>
<arg>{"name": "${name}","createAuditCopies": "${createAuditCopies}"}</arg>
<doc>Returns the given values which can then be assigned to a variables.</doc>
<msg timestamp="20221222 10:38:27.304" level="INFO">${task} = {"name": "Auto-Task","createAuditCopies": "Always"}</msg>
<status status="PASS" starttime="20221222 10:38:27.304" endtime="20221222 10:38:27.304"/>
</kw>
<kw name="POST-Create Task with Name">
<var>${Create_task}</var>
<arg>${task}</arg>
<kw name="Create Dictionary" library="BuiltIn">
<var>${headers}</var>
<arg>osiApiToken=${token}</arg>
<arg>Content-Type=${JSON_format}</arg>
<doc>Creates and returns a dictionary based on the given ``items``.</doc>
<msg timestamp="20221222 10:38:27.304" level="INFO">${headers} = {'osiApiToken': '60ddc80ae2381a658bf5d87e:e031c694fe4d499bab7730485b83ce2f02e310a5b5cd9acb13850615ec7b2657', 'Content-Type': 'application/json'}</msg>
<status status="PASS" starttime="20221222 10:38:27.304" endtime="20221222 10:38:27.304"/>
</kw>
<kw name="POST On Session" library="RequestsLibrary">
<var>${response}</var>
<arg>Swagger</arg>
<arg>url=/api/v1/taskconfig</arg>
<arg>data=${POST_body}</arg>
<arg>headers=${headers}</arg>
<arg>expected_status=Anything</arg>
<arg>verify=${False}</arg>
<doc>Sends a POST request on a previously created HTTP Session.</doc>
<msg timestamp="20221222 10:38:27.411" level="INFO">POST Request : url=https://sm5-dac1:8443/eitk/api/v1/taskconfig 
 path_url=/eitk/api/v1/taskconfig 
 headers={'User-Agent': 'python-requests/2.28.1', 'Accept-Encoding': 'gzip, deflate', 'Accept': '*/*', 'Connection': 'keep-alive', 'osiApiToken': '60ddc80ae2381a658bf5d87e:e031c694fe4d499bab7730485b83ce2f02e310a5b5cd9acb13850615ec7b2657', 'Content-Type': 'application/json', 'Content-Length': '51'} 
 body={"name": "Auto-Task","createAuditCopies": "Always"} 
 </msg>
<msg timestamp="20221222 10:38:27.411" level="INFO">POST Response : url=https://sm5-dac1:8443/eitk/api/v1/taskconfig 
 status=201, reason=Created 
 headers={'Server': 'nginx', 'Date': 'Thu, 22 Dec 2022 16:38:27 GMT', 'Content-Type': 'application/json', 'Content-Length': '130', 'Connection': 'keep-alive', 'Location': 'https://sm5-dac1:8443/eitk/api/v1/taskconfig/Auto-Task', 'X-Frame-Options': 'SAMEORIGIN', 'X-Content-Type-Options': 'nosniff', 'X-XSS-Protection': '1; mode=block', 'Strict-Transport-Security': 'max-age=31536000; includeSubDomains; preload', 'Pragma': 'no-cache', 'Cache-Control': 'no-cache, must-revalidate, private, no-store'} 
 body={
  "id" : "63a48803051b4e1a81cf768a",
  "saveID" : 1,
  "name" : "Auto-Task",
  "steps" : [ ],
  "createAuditCopies" : "Always"
} 
 </msg>
<msg timestamp="20221222 10:38:27.411" level="INFO">C:\Users\acruz\AppData\Local\Programs\Python\Python310\lib\site-packages\urllib3\connectionpool.py:1045: InsecureRequestWarning: Unverified HTTPS request is being made to host 'sm5-dac1'. Adding certificate verification is strongly advised. See: https://urllib3.readthedocs.io/en/1.26.x/advanced-usage.html#ssl-warnings
  warnings.warn(</msg>
<msg timestamp="20221222 10:38:27.411" level="INFO">${response} = &lt;Response [201]&gt;</msg>
<status status="PASS" starttime="20221222 10:38:27.304" endtime="20221222 10:38:27.411"/>
</kw>
<kw name="Return From Keyword" library="BuiltIn">
<arg>${response}</arg>
<doc>Returns from the enclosing user keyword.</doc>
<msg timestamp="20221222 10:38:27.411" level="INFO">Returning from the enclosing user keyword.</msg>
<status status="PASS" starttime="20221222 10:38:27.411" endtime="20221222 10:38:27.427"/>
</kw>
<msg timestamp="20221222 10:38:27.427" level="INFO">${Create_task} = &lt;Response [201]&gt;</msg>
<status status="PASS" starttime="20221222 10:38:27.304" endtime="20221222 10:38:27.427"/>
</kw>
<kw name="Verify Successful Creation">
<arg>${Create_task}</arg>
<kw name="Status Should Be" library="RequestsLibrary">
<arg>201</arg>
<arg>${response}</arg>
<doc>Fails if response status code is different than the expected.</doc>
<status status="PASS" starttime="20221222 10:38:27.427" endtime="20221222 10:38:27.427"/>
</kw>
<kw name="Verify Reason">
<arg>${response}</arg>
<arg>Created</arg>
<kw name="Convert To String" library="BuiltIn">
<var>${body}</var>
<arg>${response.reason}</arg>
<doc>Converts the given item to a Unicode string.</doc>
<msg timestamp="20221222 10:38:27.427" level="INFO">${body} = Created</msg>
<status status="PASS" starttime="20221222 10:38:27.427" endtime="20221222 10:38:27.427"/>
</kw>
<kw name="Should Contain" library="BuiltIn">
<arg>${body}</arg>
<arg>${reason}</arg>
<doc>Fails if ``container`` does not contain ``item`` one or more times.</doc>
<status status="PASS" starttime="20221222 10:38:27.427" endtime="20221222 10:38:27.427"/>
</kw>
<status status="PASS" starttime="20221222 10:38:27.427" endtime="20221222 10:38:27.427"/>
</kw>
<status status="PASS" starttime="20221222 10:38:27.427" endtime="20221222 10:38:27.427"/>
</kw>
<kw name="GET-Tasks With Name">
<var>${Obtain_task_details}</var>
<arg>${name}</arg>
<kw name="Create Dictionary" library="BuiltIn">
<var>${headers}</var>
<arg>osiApiToken=${token}</arg>
<arg>Content-Type=${JSON_format}</arg>
<doc>Creates and returns a dictionary based on the given ``items``.</doc>
<msg timestamp="20221222 10:38:27.427" level="INFO">${headers} = {'osiApiToken': '60ddc80ae2381a658bf5d87e:e031c694fe4d499bab7730485b83ce2f02e310a5b5cd9acb13850615ec7b2657', 'Content-Type': 'application/json'}</msg>
<status status="PASS" starttime="20221222 10:38:27.427" endtime="20221222 10:38:27.427"/>
</kw>
<kw name="GET On Session" library="RequestsLibrary">
<var>${response}</var>
<arg>Swagger</arg>
<arg>url=/api/v1/taskconfig/${task_name}</arg>
<arg>headers=${headers}</arg>
<arg>expected_status=Anything</arg>
<arg>verify=${False}</arg>
<doc>Sends a GET request on a previously created HTTP Session.</doc>
<msg timestamp="20221222 10:38:27.522" level="INFO">GET Request : url=https://sm5-dac1:8443/eitk/api/v1/taskconfig/Auto-Task 
 path_url=/eitk/api/v1/taskconfig/Auto-Task 
 headers={'User-Agent': 'python-requests/2.28.1', 'Accept-Encoding': 'gzip, deflate', 'Accept': '*/*', 'Connection': 'keep-alive', 'osiApiToken': '60ddc80ae2381a658bf5d87e:e031c694fe4d499bab7730485b83ce2f02e310a5b5cd9acb13850615ec7b2657', 'Content-Type': 'application/json'} 
 body=None 
 </msg>
<msg timestamp="20221222 10:38:27.522" level="INFO">GET Response : url=https://sm5-dac1:8443/eitk/api/v1/taskconfig/Auto-Task 
 status=200, reason=OK 
 headers={'Server': 'nginx', 'Date': 'Thu, 22 Dec 2022 16:38:27 GMT', 'Content-Type': 'application/json', 'Content-Length': '130', 'Connection': 'keep-alive', 'X-Frame-Options': 'SAMEORIGIN', 'X-Content-Type-Options': 'nosniff', 'X-XSS-Protection': '1; mode=block', 'Strict-Transport-Security': 'max-age=31536000; includeSubDomains; preload', 'Pragma': 'no-cache', 'Cache-Control': 'no-cache, must-revalidate, private, no-store'} 
 body={
  "id" : "63a48803051b4e1a81cf768a",
  "saveID" : 1,
  "name" : "Auto-Task",
  "steps" : [ ],
  "createAuditCopies" : "Always"
} 
 </msg>
<msg timestamp="20221222 10:38:27.522" level="INFO">C:\Users\acruz\AppData\Local\Programs\Python\Python310\lib\site-packages\urllib3\connectionpool.py:1045: InsecureRequestWarning: Unverified HTTPS request is being made to host 'sm5-dac1'. Adding certificate verification is strongly advised. See: https://urllib3.readthedocs.io/en/1.26.x/advanced-usage.html#ssl-warnings
  warnings.warn(</msg>
<msg timestamp="20221222 10:38:27.522" level="INFO">${response} = &lt;Response [200]&gt;</msg>
<status status="PASS" starttime="20221222 10:38:27.427" endtime="20221222 10:38:27.522"/>
</kw>
<kw name="Return From Keyword" library="BuiltIn">
<arg>${response}</arg>
<doc>Returns from the enclosing user keyword.</doc>
<msg timestamp="20221222 10:38:27.522" level="INFO">Returning from the enclosing user keyword.</msg>
<status status="PASS" starttime="20221222 10:38:27.522" endtime="20221222 10:38:27.526"/>
</kw>
<msg timestamp="20221222 10:38:27.526" level="INFO">${Obtain_task_details} = &lt;Response [200]&gt;</msg>
<status status="PASS" starttime="20221222 10:38:27.427" endtime="20221222 10:38:27.526"/>
</kw>
<kw name="Verify Successful Response">
<arg>${Obtain_task_details}</arg>
<kw name="Status Should Be" library="RequestsLibrary">
<arg>200</arg>
<arg>${response}</arg>
<doc>Fails if response status code is different than the expected.</doc>
<status status="PASS" starttime="20221222 10:38:27.526" endtime="20221222 10:38:27.526"/>
</kw>
<status status="PASS" starttime="20221222 10:38:27.526" endtime="20221222 10:38:27.526"/>
</kw>
<kw name="Check Task Details">
<arg>${Obtain_task_details}</arg>
<arg>${name}</arg>
<arg>$.name</arg>
<kw name="Convert To String" library="BuiltIn">
<var>${string}</var>
<arg>${response.content}</arg>
<doc>Converts the given item to a Unicode string.</doc>
<msg timestamp="20221222 10:38:27.526" level="INFO">${string} = {
  "id" : "63a48803051b4e1a81cf768a",
  "saveID" : 1,
  "name" : "Auto-Task",
  "steps" : [ ],
  "createAuditCopies" : "Always"
}</msg>
<status status="PASS" starttime="20221222 10:38:27.526" endtime="20221222 10:38:27.526"/>
</kw>
<kw name="Convert String To Json" library="JSONLibrary">
<var>${json_body}</var>
<arg>${string}</arg>
<doc>Convert String to JSON object</doc>
<msg timestamp="20221222 10:38:27.526" level="INFO">${json_body} = {'id': '63a48803051b4e1a81cf768a', 'saveID': 1, 'name': 'Auto-Task', 'steps': [], 'createAuditCopies': 'Always'}</msg>
<status status="PASS" starttime="20221222 10:38:27.526" endtime="20221222 10:38:27.526"/>
</kw>
<kw name="Get Value From Json" library="JSONLibrary">
<var>${task_attribute}</var>
<arg>${json_body}</arg>
<arg>${json_path}</arg>
<doc>Get Value From JSON using JSONPath</doc>
<msg timestamp="20221222 10:38:27.553" level="INFO">${task_attribute} = ['Auto-Task']</msg>
<status status="PASS" starttime="20221222 10:38:27.526" endtime="20221222 10:38:27.553"/>
</kw>
<kw name="Should Be Equal As Strings" library="BuiltIn">
<arg>${task_detail}</arg>
<arg>${task_attribute[0]}</arg>
<doc>Fails if objects are unequal after converting them to strings.</doc>
<status status="PASS" starttime="20221222 10:38:27.553" endtime="20221222 10:38:27.553"/>
</kw>
<status status="PASS" starttime="20221222 10:38:27.526" endtime="20221222 10:38:27.553"/>
</kw>
<kw name="Check Task Details">
<arg>${Obtain_task_details}</arg>
<arg>${createAuditCopies}</arg>
<arg>$.createAuditCopies</arg>
<kw name="Convert To String" library="BuiltIn">
<var>${string}</var>
<arg>${response.content}</arg>
<doc>Converts the given item to a Unicode string.</doc>
<msg timestamp="20221222 10:38:27.553" level="INFO">${string} = {
  "id" : "63a48803051b4e1a81cf768a",
  "saveID" : 1,
  "name" : "Auto-Task",
  "steps" : [ ],
  "createAuditCopies" : "Always"
}</msg>
<status status="PASS" starttime="20221222 10:38:27.553" endtime="20221222 10:38:27.553"/>
</kw>
<kw name="Convert String To Json" library="JSONLibrary">
<var>${json_body}</var>
<arg>${string}</arg>
<doc>Convert String to JSON object</doc>
<msg timestamp="20221222 10:38:27.553" level="INFO">${json_body} = {'id': '63a48803051b4e1a81cf768a', 'saveID': 1, 'name': 'Auto-Task', 'steps': [], 'createAuditCopies': 'Always'}</msg>
<status status="PASS" starttime="20221222 10:38:27.553" endtime="20221222 10:38:27.553"/>
</kw>
<kw name="Get Value From Json" library="JSONLibrary">
<var>${task_attribute}</var>
<arg>${json_body}</arg>
<arg>${json_path}</arg>
<doc>Get Value From JSON using JSONPath</doc>
<msg timestamp="20221222 10:38:27.563" level="INFO">${task_attribute} = ['Always']</msg>
<status status="PASS" starttime="20221222 10:38:27.553" endtime="20221222 10:38:27.563"/>
</kw>
<kw name="Should Be Equal As Strings" library="BuiltIn">
<arg>${task_detail}</arg>
<arg>${task_attribute[0]}</arg>
<doc>Fails if objects are unequal after converting them to strings.</doc>
<status status="PASS" starttime="20221222 10:38:27.563" endtime="20221222 10:38:27.571"/>
</kw>
<status status="PASS" starttime="20221222 10:38:27.553" endtime="20221222 10:38:27.571"/>
</kw>
<kw name="Set Variable" library="BuiltIn">
<var>${createAuditCopies}</var>
<arg>OnError</arg>
<doc>Returns the given values which can then be assigned to a variables.</doc>
<msg timestamp="20221222 10:38:27.571" level="INFO">${createAuditCopies} = OnError</msg>
<status status="PASS" starttime="20221222 10:38:27.571" endtime="20221222 10:38:27.571"/>
</kw>
<kw name="Set Variable" library="BuiltIn">
<var>${task}</var>
<arg>{"name": "${name}","createAuditCopies": "${createAuditCopies}"}</arg>
<doc>Returns the given values which can then be assigned to a variables.</doc>
<msg timestamp="20221222 10:38:27.571" level="INFO">${task} = {"name": "Auto-Task","createAuditCopies": "OnError"}</msg>
<status status="PASS" starttime="20221222 10:38:27.571" endtime="20221222 10:38:27.571"/>
</kw>
<kw name="PUT-Update Task with Name">
<var>${Edit_task}</var>
<arg>${name}</arg>
<arg>${task}</arg>
<kw name="Create Dictionary" library="BuiltIn">
<var>${headers}</var>
<arg>osiApiToken=${token}</arg>
<arg>Content-Type=${JSON_format}</arg>
<doc>Creates and returns a dictionary based on the given ``items``.</doc>
<msg timestamp="20221222 10:38:27.571" level="INFO">${headers} = {'osiApiToken': '60ddc80ae2381a658bf5d87e:e031c694fe4d499bab7730485b83ce2f02e310a5b5cd9acb13850615ec7b2657', 'Content-Type': 'application/json'}</msg>
<status status="PASS" starttime="20221222 10:38:27.571" endtime="20221222 10:38:27.571"/>
</kw>
<kw name="PUT On Session" library="RequestsLibrary">
<var>${response}</var>
<arg>Swagger</arg>
<arg>url=/api/v1/taskconfig/${task_name}</arg>
<arg>data=${PUT_body}</arg>
<arg>headers=${headers}</arg>
<arg>expected_status=Anything</arg>
<arg>verify=${False}</arg>
<doc>Sends a PUT request on a previously created HTTP Session.</doc>
<msg timestamp="20221222 10:38:27.664" level="INFO">PUT Request : url=https://sm5-dac1:8443/eitk/api/v1/taskconfig/Auto-Task 
 path_url=/eitk/api/v1/taskconfig/Auto-Task 
 headers={'User-Agent': 'python-requests/2.28.1', 'Accept-Encoding': 'gzip, deflate', 'Accept': '*/*', 'Connection': 'keep-alive', 'osiApiToken': '60ddc80ae2381a658bf5d87e:e031c694fe4d499bab7730485b83ce2f02e310a5b5cd9acb13850615ec7b2657', 'Content-Type': 'application/json', 'Content-Length': '52'} 
 body={"name": "Auto-Task","createAuditCopies": "OnError"} 
 </msg>
<msg timestamp="20221222 10:38:27.664" level="INFO">PUT Response : url=https://sm5-dac1:8443/eitk/api/v1/taskconfig/Auto-Task 
 status=200, reason=OK 
 headers={'Server': 'nginx', 'Date': 'Thu, 22 Dec 2022 16:38:27 GMT', 'Content-Type': 'application/json', 'Content-Length': '131', 'Connection': 'keep-alive', 'X-Frame-Options': 'SAMEORIGIN', 'X-Content-Type-Options': 'nosniff', 'X-XSS-Protection': '1; mode=block', 'Strict-Transport-Security': 'max-age=31536000; includeSubDomains; preload', 'Pragma': 'no-cache', 'Cache-Control': 'no-cache, must-revalidate, private, no-store'} 
 body={
  "id" : "63a48803051b4e1a81cf768a",
  "saveID" : 1,
  "name" : "Auto-Task",
  "steps" : [ ],
  "createAuditCopies" : "OnError"
} 
 </msg>
<msg timestamp="20221222 10:38:27.664" level="INFO">C:\Users\acruz\AppData\Local\Programs\Python\Python310\lib\site-packages\urllib3\connectionpool.py:1045: InsecureRequestWarning: Unverified HTTPS request is being made to host 'sm5-dac1'. Adding certificate verification is strongly advised. See: https://urllib3.readthedocs.io/en/1.26.x/advanced-usage.html#ssl-warnings
  warnings.warn(</msg>
<msg timestamp="20221222 10:38:27.664" level="INFO">${response} = &lt;Response [200]&gt;</msg>
<status status="PASS" starttime="20221222 10:38:27.571" endtime="20221222 10:38:27.664"/>
</kw>
<kw name="Return From Keyword" library="BuiltIn">
<arg>${response}</arg>
<doc>Returns from the enclosing user keyword.</doc>
<msg timestamp="20221222 10:38:27.664" level="INFO">Returning from the enclosing user keyword.</msg>
<status status="PASS" starttime="20221222 10:38:27.664" endtime="20221222 10:38:27.667"/>
</kw>
<msg timestamp="20221222 10:38:27.667" level="INFO">${Edit_task} = &lt;Response [200]&gt;</msg>
<status status="PASS" starttime="20221222 10:38:27.571" endtime="20221222 10:38:27.667"/>
</kw>
<kw name="Verify Successful Response">
<arg>${Edit_task}</arg>
<kw name="Status Should Be" library="RequestsLibrary">
<arg>200</arg>
<arg>${response}</arg>
<doc>Fails if response status code is different than the expected.</doc>
<status status="PASS" starttime="20221222 10:38:27.667" endtime="20221222 10:38:27.667"/>
</kw>
<status status="PASS" starttime="20221222 10:38:27.667" endtime="20221222 10:38:27.667"/>
</kw>
<kw name="GET-Tasks With Name">
<var>${Obtain_task_details}</var>
<arg>${name}</arg>
<kw name="Create Dictionary" library="BuiltIn">
<var>${headers}</var>
<arg>osiApiToken=${token}</arg>
<arg>Content-Type=${JSON_format}</arg>
<doc>Creates and returns a dictionary based on the given ``items``.</doc>
<msg timestamp="20221222 10:38:27.667" level="INFO">${headers} = {'osiApiToken': '60ddc80ae2381a658bf5d87e:e031c694fe4d499bab7730485b83ce2f02e310a5b5cd9acb13850615ec7b2657', 'Content-Type': 'application/json'}</msg>
<status status="PASS" starttime="20221222 10:38:27.667" endtime="20221222 10:38:27.667"/>
</kw>
<kw name="GET On Session" library="RequestsLibrary">
<var>${response}</var>
<arg>Swagger</arg>
<arg>url=/api/v1/taskconfig/${task_name}</arg>
<arg>headers=${headers}</arg>
<arg>expected_status=Anything</arg>
<arg>verify=${False}</arg>
<doc>Sends a GET request on a previously created HTTP Session.</doc>
<msg timestamp="20221222 10:38:27.746" level="INFO">GET Request : url=https://sm5-dac1:8443/eitk/api/v1/taskconfig/Auto-Task 
 path_url=/eitk/api/v1/taskconfig/Auto-Task 
 headers={'User-Agent': 'python-requests/2.28.1', 'Accept-Encoding': 'gzip, deflate', 'Accept': '*/*', 'Connection': 'keep-alive', 'osiApiToken': '60ddc80ae2381a658bf5d87e:e031c694fe4d499bab7730485b83ce2f02e310a5b5cd9acb13850615ec7b2657', 'Content-Type': 'application/json'} 
 body=None 
 </msg>
<msg timestamp="20221222 10:38:27.746" level="INFO">GET Response : url=https://sm5-dac1:8443/eitk/api/v1/taskconfig/Auto-Task 
 status=200, reason=OK 
 headers={'Server': 'nginx', 'Date': 'Thu, 22 Dec 2022 16:38:27 GMT', 'Content-Type': 'application/json', 'Content-Length': '131', 'Connection': 'keep-alive', 'X-Frame-Options': 'SAMEORIGIN', 'X-Content-Type-Options': 'nosniff', 'X-XSS-Protection': '1; mode=block', 'Strict-Transport-Security': 'max-age=31536000; includeSubDomains; preload', 'Pragma': 'no-cache', 'Cache-Control': 'no-cache, must-revalidate, private, no-store'} 
 body={
  "id" : "63a48803051b4e1a81cf768a",
  "saveID" : 1,
  "name" : "Auto-Task",
  "steps" : [ ],
  "createAuditCopies" : "OnError"
} 
 </msg>
<msg timestamp="20221222 10:38:27.746" level="INFO">C:\Users\acruz\AppData\Local\Programs\Python\Python310\lib\site-packages\urllib3\connectionpool.py:1045: InsecureRequestWarning: Unverified HTTPS request is being made to host 'sm5-dac1'. Adding certificate verification is strongly advised. See: https://urllib3.readthedocs.io/en/1.26.x/advanced-usage.html#ssl-warnings
  warnings.warn(</msg>
<msg timestamp="20221222 10:38:27.746" level="INFO">${response} = &lt;Response [200]&gt;</msg>
<status status="PASS" starttime="20221222 10:38:27.667" endtime="20221222 10:38:27.746"/>
</kw>
<kw name="Return From Keyword" library="BuiltIn">
<arg>${response}</arg>
<doc>Returns from the enclosing user keyword.</doc>
<msg timestamp="20221222 10:38:27.746" level="INFO">Returning from the enclosing user keyword.</msg>
<status status="PASS" starttime="20221222 10:38:27.746" endtime="20221222 10:38:27.746"/>
</kw>
<msg timestamp="20221222 10:38:27.746" level="INFO">${Obtain_task_details} = &lt;Response [200]&gt;</msg>
<status status="PASS" starttime="20221222 10:38:27.667" endtime="20221222 10:38:27.746"/>
</kw>
<kw name="Verify Successful Response">
<arg>${Obtain_task_details}</arg>
<kw name="Status Should Be" library="RequestsLibrary">
<arg>200</arg>
<arg>${response}</arg>
<doc>Fails if response status code is different than the expected.</doc>
<status status="PASS" starttime="20221222 10:38:27.746" endtime="20221222 10:38:27.746"/>
</kw>
<status status="PASS" starttime="20221222 10:38:27.746" endtime="20221222 10:38:27.746"/>
</kw>
<kw name="Check Task Details">
<arg>${Obtain_task_details}</arg>
<arg>${name}</arg>
<arg>$.name</arg>
<kw name="Convert To String" library="BuiltIn">
<var>${string}</var>
<arg>${response.content}</arg>
<doc>Converts the given item to a Unicode string.</doc>
<msg timestamp="20221222 10:38:27.746" level="INFO">${string} = {
  "id" : "63a48803051b4e1a81cf768a",
  "saveID" : 1,
  "name" : "Auto-Task",
  "steps" : [ ],
  "createAuditCopies" : "OnError"
}</msg>
<status status="PASS" starttime="20221222 10:38:27.746" endtime="20221222 10:38:27.746"/>
</kw>
<kw name="Convert String To Json" library="JSONLibrary">
<var>${json_body}</var>
<arg>${string}</arg>
<doc>Convert String to JSON object</doc>
<msg timestamp="20221222 10:38:27.746" level="INFO">${json_body} = {'id': '63a48803051b4e1a81cf768a', 'saveID': 1, 'name': 'Auto-Task', 'steps': [], 'createAuditCopies': 'OnError'}</msg>
<status status="PASS" starttime="20221222 10:38:27.746" endtime="20221222 10:38:27.746"/>
</kw>
<kw name="Get Value From Json" library="JSONLibrary">
<var>${task_attribute}</var>
<arg>${json_body}</arg>
<arg>${json_path}</arg>
<doc>Get Value From JSON using JSONPath</doc>
<msg timestamp="20221222 10:38:27.771" level="INFO">${task_attribute} = ['Auto-Task']</msg>
<status status="PASS" starttime="20221222 10:38:27.746" endtime="20221222 10:38:27.771"/>
</kw>
<kw name="Should Be Equal As Strings" library="BuiltIn">
<arg>${task_detail}</arg>
<arg>${task_attribute[0]}</arg>
<doc>Fails if objects are unequal after converting them to strings.</doc>
<status status="PASS" starttime="20221222 10:38:27.771" endtime="20221222 10:38:27.771"/>
</kw>
<status status="PASS" starttime="20221222 10:38:27.746" endtime="20221222 10:38:27.771"/>
</kw>
<kw name="Check Task Details">
<arg>${Obtain_task_details}</arg>
<arg>${createAuditCopies}</arg>
<arg>$.createAuditCopies</arg>
<kw name="Convert To String" library="BuiltIn">
<var>${string}</var>
<arg>${response.content}</arg>
<doc>Converts the given item to a Unicode string.</doc>
<msg timestamp="20221222 10:38:27.779" level="INFO">${string} = {
  "id" : "63a48803051b4e1a81cf768a",
  "saveID" : 1,
  "name" : "Auto-Task",
  "steps" : [ ],
  "createAuditCopies" : "OnError"
}</msg>
<status status="PASS" starttime="20221222 10:38:27.779" endtime="20221222 10:38:27.779"/>
</kw>
<kw name="Convert String To Json" library="JSONLibrary">
<var>${json_body}</var>
<arg>${string}</arg>
<doc>Convert String to JSON object</doc>
<msg timestamp="20221222 10:38:27.779" level="INFO">${json_body} = {'id': '63a48803051b4e1a81cf768a', 'saveID': 1, 'name': 'Auto-Task', 'steps': [], 'createAuditCopies': 'OnError'}</msg>
<status status="PASS" starttime="20221222 10:38:27.779" endtime="20221222 10:38:27.779"/>
</kw>
<kw name="Get Value From Json" library="JSONLibrary">
<var>${task_attribute}</var>
<arg>${json_body}</arg>
<arg>${json_path}</arg>
<doc>Get Value From JSON using JSONPath</doc>
<msg timestamp="20221222 10:38:27.795" level="INFO">${task_attribute} = ['OnError']</msg>
<status status="PASS" starttime="20221222 10:38:27.779" endtime="20221222 10:38:27.795"/>
</kw>
<kw name="Should Be Equal As Strings" library="BuiltIn">
<arg>${task_detail}</arg>
<arg>${task_attribute[0]}</arg>
<doc>Fails if objects are unequal after converting them to strings.</doc>
<status status="PASS" starttime="20221222 10:38:27.795" endtime="20221222 10:38:27.795"/>
</kw>
<status status="PASS" starttime="20221222 10:38:27.779" endtime="20221222 10:38:27.795"/>
</kw>
<kw name="Set Variable" library="BuiltIn">
<var>${createAuditCopies}</var>
<arg>Never</arg>
<doc>Returns the given values which can then be assigned to a variables.</doc>
<msg timestamp="20221222 10:38:27.795" level="INFO">${createAuditCopies} = Never</msg>
<status status="PASS" starttime="20221222 10:38:27.795" endtime="20221222 10:38:27.795"/>
</kw>
<kw name="Set Variable" library="BuiltIn">
<var>${steps}</var>
<arg>[{"type": "${type}","hostname": "${hostname}","processName": "${processName}","args": "${args}","envArgs": "${envArgs}","expectedExitCode": [${expectedExitCode}],"timeout": 5000}]</arg>
<doc>Returns the given values which can then be assigned to a variables.</doc>
<msg timestamp="20221222 10:38:27.795" level="INFO">${steps} = [{"type": "EXE","hostname": "sm5-dac1","processName": "osii_file_adaptor","args": "-i 33 --domain ASSASSIN","envArgs": "33","expectedExitCode": [0],"timeout": 5000}]</msg>
<status status="PASS" starttime="20221222 10:38:27.795" endtime="20221222 10:38:27.795"/>
</kw>
<kw name="Set Variable" library="BuiltIn">
<var>${task}</var>
<arg>{"name": "${name}", "createAuditCopies": "${createAuditCopies}","steps": ${steps}}</arg>
<doc>Returns the given values which can then be assigned to a variables.</doc>
<msg timestamp="20221222 10:38:27.795" level="INFO">${task} = {"name": "Auto-Task", "createAuditCopies": "Never","steps": [{"type": "EXE","hostname": "sm5-dac1","processName": "osii_file_adaptor","args": "-i 33 --domain ASSASSIN","envArgs": "33","expectedExitCod...</msg>
<status status="PASS" starttime="20221222 10:38:27.795" endtime="20221222 10:38:27.795"/>
</kw>
<kw name="PUT-Update Task with Name">
<var>${Add_Step}</var>
<arg>${name}</arg>
<arg>${task}</arg>
<kw name="Create Dictionary" library="BuiltIn">
<var>${headers}</var>
<arg>osiApiToken=${token}</arg>
<arg>Content-Type=${JSON_format}</arg>
<doc>Creates and returns a dictionary based on the given ``items``.</doc>
<msg timestamp="20221222 10:38:27.795" level="INFO">${headers} = {'osiApiToken': '60ddc80ae2381a658bf5d87e:e031c694fe4d499bab7730485b83ce2f02e310a5b5cd9acb13850615ec7b2657', 'Content-Type': 'application/json'}</msg>
<status status="PASS" starttime="20221222 10:38:27.795" endtime="20221222 10:38:27.795"/>
</kw>
<kw name="PUT On Session" library="RequestsLibrary">
<var>${response}</var>
<arg>Swagger</arg>
<arg>url=/api/v1/taskconfig/${task_name}</arg>
<arg>data=${PUT_body}</arg>
<arg>headers=${headers}</arg>
<arg>expected_status=Anything</arg>
<arg>verify=${False}</arg>
<doc>Sends a PUT request on a previously created HTTP Session.</doc>
<msg timestamp="20221222 10:38:27.888" level="INFO">PUT Request : url=https://sm5-dac1:8443/eitk/api/v1/taskconfig/Auto-Task 
 path_url=/eitk/api/v1/taskconfig/Auto-Task 
 headers={'User-Agent': 'python-requests/2.28.1', 'Accept-Encoding': 'gzip, deflate', 'Accept': '*/*', 'Connection': 'keep-alive', 'osiApiToken': '60ddc80ae2381a658bf5d87e:e031c694fe4d499bab7730485b83ce2f02e310a5b5cd9acb13850615ec7b2657', 'Content-Type': 'application/json', 'Content-Length': '226'} 
 body={"name": "Auto-Task", "createAuditCopies": "Never","steps": [{"type": "EXE","hostname": "sm5-dac1","processName": "osii_file_adaptor","args": "-i 33 --domain ASSASSIN","envArgs": "33","expectedExitCode": [0],"timeout": 5000}]} 
 </msg>
<msg timestamp="20221222 10:38:27.888" level="INFO">PUT Response : url=https://sm5-dac1:8443/eitk/api/v1/taskconfig/Auto-Task 
 status=200, reason=OK 
 headers={'Server': 'nginx', 'Date': 'Thu, 22 Dec 2022 16:38:27 GMT', 'Content-Type': 'application/json', 'Content-Length': '360', 'Connection': 'keep-alive', 'X-Frame-Options': 'SAMEORIGIN', 'X-Content-Type-Options': 'nosniff', 'X-XSS-Protection': '1; mode=block', 'Strict-Transport-Security': 'max-age=31536000; includeSubDomains; preload', 'Pragma': 'no-cache', 'Cache-Control': 'no-cache, must-revalidate, private, no-store'} 
 body={
  "id" : "63a48803051b4e1a81cf768a",
  "saveID" : 1,
  "name" : "Auto-Task",
  "steps" : [ {
    "type" : "EXE",
    "hostname" : "sm5-dac1",
    "processName" : "osii_file_adaptor",
    "args" : "-i 33 --domain ASSASSIN",
    "envArgs" : "33",
    "expectedExitCode" : [ 0 ],
    "timeout" : 5000,
    "type" : "EXE"
  } ],
  "createAuditCopies" : "Never"
} 
 </msg>
<msg timestamp="20221222 10:38:27.888" level="INFO">C:\Users\acruz\AppData\Local\Programs\Python\Python310\lib\site-packages\urllib3\connectionpool.py:1045: InsecureRequestWarning: Unverified HTTPS request is being made to host 'sm5-dac1'. Adding certificate verification is strongly advised. See: https://urllib3.readthedocs.io/en/1.26.x/advanced-usage.html#ssl-warnings
  warnings.warn(</msg>
<msg timestamp="20221222 10:38:27.888" level="INFO">${response} = &lt;Response [200]&gt;</msg>
<status status="PASS" starttime="20221222 10:38:27.795" endtime="20221222 10:38:27.888"/>
</kw>
<kw name="Return From Keyword" library="BuiltIn">
<arg>${response}</arg>
<doc>Returns from the enclosing user keyword.</doc>
<msg timestamp="20221222 10:38:27.888" level="INFO">Returning from the enclosing user keyword.</msg>
<status status="PASS" starttime="20221222 10:38:27.888" endtime="20221222 10:38:27.888"/>
</kw>
<msg timestamp="20221222 10:38:27.888" level="INFO">${Add_Step} = &lt;Response [200]&gt;</msg>
<status status="PASS" starttime="20221222 10:38:27.795" endtime="20221222 10:38:27.888"/>
</kw>
<kw name="Verify Successful Response">
<arg>${Add_Step}</arg>
<kw name="Status Should Be" library="RequestsLibrary">
<arg>200</arg>
<arg>${response}</arg>
<doc>Fails if response status code is different than the expected.</doc>
<status status="PASS" starttime="20221222 10:38:27.888" endtime="20221222 10:38:27.888"/>
</kw>
<status status="PASS" starttime="20221222 10:38:27.888" endtime="20221222 10:38:27.888"/>
</kw>
<kw name="GET-Tasks With Name">
<var>${Obtain_task_details}</var>
<arg>${name}</arg>
<kw name="Create Dictionary" library="BuiltIn">
<var>${headers}</var>
<arg>osiApiToken=${token}</arg>
<arg>Content-Type=${JSON_format}</arg>
<doc>Creates and returns a dictionary based on the given ``items``.</doc>
<msg timestamp="20221222 10:38:27.888" level="INFO">${headers} = {'osiApiToken': '60ddc80ae2381a658bf5d87e:e031c694fe4d499bab7730485b83ce2f02e310a5b5cd9acb13850615ec7b2657', 'Content-Type': 'application/json'}</msg>
<status status="PASS" starttime="20221222 10:38:27.888" endtime="20221222 10:38:27.888"/>
</kw>
<kw name="GET On Session" library="RequestsLibrary">
<var>${response}</var>
<arg>Swagger</arg>
<arg>url=/api/v1/taskconfig/${task_name}</arg>
<arg>headers=${headers}</arg>
<arg>expected_status=Anything</arg>
<arg>verify=${False}</arg>
<doc>Sends a GET request on a previously created HTTP Session.</doc>
<msg timestamp="20221222 10:38:27.961" level="INFO">GET Request : url=https://sm5-dac1:8443/eitk/api/v1/taskconfig/Auto-Task 
 path_url=/eitk/api/v1/taskconfig/Auto-Task 
 headers={'User-Agent': 'python-requests/2.28.1', 'Accept-Encoding': 'gzip, deflate', 'Accept': '*/*', 'Connection': 'keep-alive', 'osiApiToken': '60ddc80ae2381a658bf5d87e:e031c694fe4d499bab7730485b83ce2f02e310a5b5cd9acb13850615ec7b2657', 'Content-Type': 'application/json'} 
 body=None 
 </msg>
<msg timestamp="20221222 10:38:27.961" level="INFO">GET Response : url=https://sm5-dac1:8443/eitk/api/v1/taskconfig/Auto-Task 
 status=200, reason=OK 
 headers={'Server': 'nginx', 'Date': 'Thu, 22 Dec 2022 16:38:27 GMT', 'Content-Type': 'application/json', 'Content-Length': '360', 'Connection': 'keep-alive', 'X-Frame-Options': 'SAMEORIGIN', 'X-Content-Type-Options': 'nosniff', 'X-XSS-Protection': '1; mode=block', 'Strict-Transport-Security': 'max-age=31536000; includeSubDomains; preload', 'Pragma': 'no-cache', 'Cache-Control': 'no-cache, must-revalidate, private, no-store'} 
 body={
  "id" : "63a48803051b4e1a81cf768a",
  "saveID" : 1,
  "name" : "Auto-Task",
  "steps" : [ {
    "type" : "EXE",
    "hostname" : "sm5-dac1",
    "processName" : "osii_file_adaptor",
    "args" : "-i 33 --domain ASSASSIN",
    "envArgs" : "33",
    "expectedExitCode" : [ 0 ],
    "timeout" : 5000,
    "type" : "EXE"
  } ],
  "createAuditCopies" : "Never"
} 
 </msg>
<msg timestamp="20221222 10:38:27.961" level="INFO">C:\Users\acruz\AppData\Local\Programs\Python\Python310\lib\site-packages\urllib3\connectionpool.py:1045: InsecureRequestWarning: Unverified HTTPS request is being made to host 'sm5-dac1'. Adding certificate verification is strongly advised. See: https://urllib3.readthedocs.io/en/1.26.x/advanced-usage.html#ssl-warnings
  warnings.warn(</msg>
<msg timestamp="20221222 10:38:27.969" level="INFO">${response} = &lt;Response [200]&gt;</msg>
<status status="PASS" starttime="20221222 10:38:27.888" endtime="20221222 10:38:27.969"/>
</kw>
<kw name="Return From Keyword" library="BuiltIn">
<arg>${response}</arg>
<doc>Returns from the enclosing user keyword.</doc>
<msg timestamp="20221222 10:38:27.969" level="INFO">Returning from the enclosing user keyword.</msg>
<status status="PASS" starttime="20221222 10:38:27.969" endtime="20221222 10:38:27.969"/>
</kw>
<msg timestamp="20221222 10:38:27.969" level="INFO">${Obtain_task_details} = &lt;Response [200]&gt;</msg>
<status status="PASS" starttime="20221222 10:38:27.888" endtime="20221222 10:38:27.969"/>
</kw>
<kw name="Verify Successful Response">
<arg>${Obtain_task_details}</arg>
<kw name="Status Should Be" library="RequestsLibrary">
<arg>200</arg>
<arg>${response}</arg>
<doc>Fails if response status code is different than the expected.</doc>
<status status="PASS" starttime="20221222 10:38:27.969" endtime="20221222 10:38:27.973"/>
</kw>
<status status="PASS" starttime="20221222 10:38:27.969" endtime="20221222 10:38:27.973"/>
</kw>
<kw name="Check Task Details">
<arg>${Obtain_task_details}</arg>
<arg>${name}</arg>
<arg>$.name</arg>
<kw name="Convert To String" library="BuiltIn">
<var>${string}</var>
<arg>${response.content}</arg>
<doc>Converts the given item to a Unicode string.</doc>
<msg timestamp="20221222 10:38:27.975" level="INFO">${string} = {
  "id" : "63a48803051b4e1a81cf768a",
  "saveID" : 1,
  "name" : "Auto-Task",
  "steps" : [ {
    "type" : "EXE",
    "hostname" : "sm5-dac1",
    "processName" : "osii_file_adaptor",
    "args" : "-...</msg>
<status status="PASS" starttime="20221222 10:38:27.973" endtime="20221222 10:38:27.975"/>
</kw>
<kw name="Convert String To Json" library="JSONLibrary">
<var>${json_body}</var>
<arg>${string}</arg>
<doc>Convert String to JSON object</doc>
<msg timestamp="20221222 10:38:27.976" level="INFO">${json_body} = {'id': '63a48803051b4e1a81cf768a', 'saveID': 1, 'name': 'Auto-Task', 'steps': [{'type': 'EXE', 'hostname': 'sm5-dac1', 'processName': 'osii_file_adaptor', 'args': '-i 33 --domain ASSASSIN', 'envArgs':...</msg>
<status status="PASS" starttime="20221222 10:38:27.975" endtime="20221222 10:38:27.976"/>
</kw>
<kw name="Get Value From Json" library="JSONLibrary">
<var>${task_attribute}</var>
<arg>${json_body}</arg>
<arg>${json_path}</arg>
<doc>Get Value From JSON using JSONPath</doc>
<msg timestamp="20221222 10:38:27.986" level="INFO">${task_attribute} = ['Auto-Task']</msg>
<status status="PASS" starttime="20221222 10:38:27.976" endtime="20221222 10:38:27.986"/>
</kw>
<kw name="Should Be Equal As Strings" library="BuiltIn">
<arg>${task_detail}</arg>
<arg>${task_attribute[0]}</arg>
<doc>Fails if objects are unequal after converting them to strings.</doc>
<status status="PASS" starttime="20221222 10:38:27.986" endtime="20221222 10:38:27.986"/>
</kw>
<status status="PASS" starttime="20221222 10:38:27.973" endtime="20221222 10:38:27.986"/>
</kw>
<kw name="Check Task Details">
<arg>${Obtain_task_details}</arg>
<arg>${createAuditCopies}</arg>
<arg>$.createAuditCopies</arg>
<kw name="Convert To String" library="BuiltIn">
<var>${string}</var>
<arg>${response.content}</arg>
<doc>Converts the given item to a Unicode string.</doc>
<msg timestamp="20221222 10:38:27.986" level="INFO">${string} = {
  "id" : "63a48803051b4e1a81cf768a",
  "saveID" : 1,
  "name" : "Auto-Task",
  "steps" : [ {
    "type" : "EXE",
    "hostname" : "sm5-dac1",
    "processName" : "osii_file_adaptor",
    "args" : "-...</msg>
<status status="PASS" starttime="20221222 10:38:27.986" endtime="20221222 10:38:27.986"/>
</kw>
<kw name="Convert String To Json" library="JSONLibrary">
<var>${json_body}</var>
<arg>${string}</arg>
<doc>Convert String to JSON object</doc>
<msg timestamp="20221222 10:38:27.986" level="INFO">${json_body} = {'id': '63a48803051b4e1a81cf768a', 'saveID': 1, 'name': 'Auto-Task', 'steps': [{'type': 'EXE', 'hostname': 'sm5-dac1', 'processName': 'osii_file_adaptor', 'args': '-i 33 --domain ASSASSIN', 'envArgs':...</msg>
<status status="PASS" starttime="20221222 10:38:27.986" endtime="20221222 10:38:27.986"/>
</kw>
<kw name="Get Value From Json" library="JSONLibrary">
<var>${task_attribute}</var>
<arg>${json_body}</arg>
<arg>${json_path}</arg>
<doc>Get Value From JSON using JSONPath</doc>
<msg timestamp="20221222 10:38:28.004" level="INFO">${task_attribute} = ['Never']</msg>
<status status="PASS" starttime="20221222 10:38:27.986" endtime="20221222 10:38:28.004"/>
</kw>
<kw name="Should Be Equal As Strings" library="BuiltIn">
<arg>${task_detail}</arg>
<arg>${task_attribute[0]}</arg>
<doc>Fails if objects are unequal after converting them to strings.</doc>
<status status="PASS" starttime="20221222 10:38:28.004" endtime="20221222 10:38:28.004"/>
</kw>
<status status="PASS" starttime="20221222 10:38:27.986" endtime="20221222 10:38:28.004"/>
</kw>
<kw name="Check Task Details">
<arg>${Obtain_task_details}</arg>
<arg>${type}</arg>
<arg>$.steps[0].type</arg>
<kw name="Convert To String" library="BuiltIn">
<var>${string}</var>
<arg>${response.content}</arg>
<doc>Converts the given item to a Unicode string.</doc>
<msg timestamp="20221222 10:38:28.004" level="INFO">${string} = {
  "id" : "63a48803051b4e1a81cf768a",
  "saveID" : 1,
  "name" : "Auto-Task",
  "steps" : [ {
    "type" : "EXE",
    "hostname" : "sm5-dac1",
    "processName" : "osii_file_adaptor",
    "args" : "-...</msg>
<status status="PASS" starttime="20221222 10:38:28.004" endtime="20221222 10:38:28.004"/>
</kw>
<kw name="Convert String To Json" library="JSONLibrary">
<var>${json_body}</var>
<arg>${string}</arg>
<doc>Convert String to JSON object</doc>
<msg timestamp="20221222 10:38:28.004" level="INFO">${json_body} = {'id': '63a48803051b4e1a81cf768a', 'saveID': 1, 'name': 'Auto-Task', 'steps': [{'type': 'EXE', 'hostname': 'sm5-dac1', 'processName': 'osii_file_adaptor', 'args': '-i 33 --domain ASSASSIN', 'envArgs':...</msg>
<status status="PASS" starttime="20221222 10:38:28.004" endtime="20221222 10:38:28.004"/>
</kw>
<kw name="Get Value From Json" library="JSONLibrary">
<var>${task_attribute}</var>
<arg>${json_body}</arg>
<arg>${json_path}</arg>
<doc>Get Value From JSON using JSONPath</doc>
<msg timestamp="20221222 10:38:28.020" level="INFO">${task_attribute} = ['EXE']</msg>
<status status="PASS" starttime="20221222 10:38:28.004" endtime="20221222 10:38:28.020"/>
</kw>
<kw name="Should Be Equal As Strings" library="BuiltIn">
<arg>${task_detail}</arg>
<arg>${task_attribute[0]}</arg>
<doc>Fails if objects are unequal after converting them to strings.</doc>
<status status="PASS" starttime="20221222 10:38:28.020" endtime="20221222 10:38:28.020"/>
</kw>
<status status="PASS" starttime="20221222 10:38:28.004" endtime="20221222 10:38:28.020"/>
</kw>
<kw name="Check Task Details">
<arg>${Obtain_task_details}</arg>
<arg>${hostname}</arg>
<arg>$.steps[0].hostname</arg>
<kw name="Convert To String" library="BuiltIn">
<var>${string}</var>
<arg>${response.content}</arg>
<doc>Converts the given item to a Unicode string.</doc>
<msg timestamp="20221222 10:38:28.020" level="INFO">${string} = {
  "id" : "63a48803051b4e1a81cf768a",
  "saveID" : 1,
  "name" : "Auto-Task",
  "steps" : [ {
    "type" : "EXE",
    "hostname" : "sm5-dac1",
    "processName" : "osii_file_adaptor",
    "args" : "-...</msg>
<status status="PASS" starttime="20221222 10:38:28.020" endtime="20221222 10:38:28.020"/>
</kw>
<kw name="Convert String To Json" library="JSONLibrary">
<var>${json_body}</var>
<arg>${string}</arg>
<doc>Convert String to JSON object</doc>
<msg timestamp="20221222 10:38:28.020" level="INFO">${json_body} = {'id': '63a48803051b4e1a81cf768a', 'saveID': 1, 'name': 'Auto-Task', 'steps': [{'type': 'EXE', 'hostname': 'sm5-dac1', 'processName': 'osii_file_adaptor', 'args': '-i 33 --domain ASSASSIN', 'envArgs':...</msg>
<status status="PASS" starttime="20221222 10:38:28.020" endtime="20221222 10:38:28.020"/>
</kw>
<kw name="Get Value From Json" library="JSONLibrary">
<var>${task_attribute}</var>
<arg>${json_body}</arg>
<arg>${json_path}</arg>
<doc>Get Value From JSON using JSONPath</doc>
<msg timestamp="20221222 10:38:28.039" level="INFO">${task_attribute} = ['sm5-dac1']</msg>
<status status="PASS" starttime="20221222 10:38:28.020" endtime="20221222 10:38:28.039"/>
</kw>
<kw name="Should Be Equal As Strings" library="BuiltIn">
<arg>${task_detail}</arg>
<arg>${task_attribute[0]}</arg>
<doc>Fails if objects are unequal after converting them to strings.</doc>
<status status="PASS" starttime="20221222 10:38:28.039" endtime="20221222 10:38:28.039"/>
</kw>
<status status="PASS" starttime="20221222 10:38:28.020" endtime="20221222 10:38:28.039"/>
</kw>
<kw name="Check Task Details">
<arg>${Obtain_task_details}</arg>
<arg>${processName}</arg>
<arg>$.steps[0].processName</arg>
<kw name="Convert To String" library="BuiltIn">
<var>${string}</var>
<arg>${response.content}</arg>
<doc>Converts the given item to a Unicode string.</doc>
<msg timestamp="20221222 10:38:28.039" level="INFO">${string} = {
  "id" : "63a48803051b4e1a81cf768a",
  "saveID" : 1,
  "name" : "Auto-Task",
  "steps" : [ {
    "type" : "EXE",
    "hostname" : "sm5-dac1",
    "processName" : "osii_file_adaptor",
    "args" : "-...</msg>
<status status="PASS" starttime="20221222 10:38:28.039" endtime="20221222 10:38:28.039"/>
</kw>
<kw name="Convert String To Json" library="JSONLibrary">
<var>${json_body}</var>
<arg>${string}</arg>
<doc>Convert String to JSON object</doc>
<msg timestamp="20221222 10:38:28.039" level="INFO">${json_body} = {'id': '63a48803051b4e1a81cf768a', 'saveID': 1, 'name': 'Auto-Task', 'steps': [{'type': 'EXE', 'hostname': 'sm5-dac1', 'processName': 'osii_file_adaptor', 'args': '-i 33 --domain ASSASSIN', 'envArgs':...</msg>
<status status="PASS" starttime="20221222 10:38:28.039" endtime="20221222 10:38:28.039"/>
</kw>
<kw name="Get Value From Json" library="JSONLibrary">
<var>${task_attribute}</var>
<arg>${json_body}</arg>
<arg>${json_path}</arg>
<doc>Get Value From JSON using JSONPath</doc>
<msg timestamp="20221222 10:38:28.054" level="INFO">${task_attribute} = ['osii_file_adaptor']</msg>
<status status="PASS" starttime="20221222 10:38:28.039" endtime="20221222 10:38:28.054"/>
</kw>
<kw name="Should Be Equal As Strings" library="BuiltIn">
<arg>${task_detail}</arg>
<arg>${task_attribute[0]}</arg>
<doc>Fails if objects are unequal after converting them to strings.</doc>
<status status="PASS" starttime="20221222 10:38:28.054" endtime="20221222 10:38:28.054"/>
</kw>
<status status="PASS" starttime="20221222 10:38:28.039" endtime="20221222 10:38:28.054"/>
</kw>
<kw name="Check Task Details">
<arg>${Obtain_task_details}</arg>
<arg>${args}</arg>
<arg>$.steps[0].args</arg>
<kw name="Convert To String" library="BuiltIn">
<var>${string}</var>
<arg>${response.content}</arg>
<doc>Converts the given item to a Unicode string.</doc>
<msg timestamp="20221222 10:38:28.054" level="INFO">${string} = {
  "id" : "63a48803051b4e1a81cf768a",
  "saveID" : 1,
  "name" : "Auto-Task",
  "steps" : [ {
    "type" : "EXE",
    "hostname" : "sm5-dac1",
    "processName" : "osii_file_adaptor",
    "args" : "-...</msg>
<status status="PASS" starttime="20221222 10:38:28.054" endtime="20221222 10:38:28.054"/>
</kw>
<kw name="Convert String To Json" library="JSONLibrary">
<var>${json_body}</var>
<arg>${string}</arg>
<doc>Convert String to JSON object</doc>
<msg timestamp="20221222 10:38:28.061" level="INFO">${json_body} = {'id': '63a48803051b4e1a81cf768a', 'saveID': 1, 'name': 'Auto-Task', 'steps': [{'type': 'EXE', 'hostname': 'sm5-dac1', 'processName': 'osii_file_adaptor', 'args': '-i 33 --domain ASSASSIN', 'envArgs':...</msg>
<status status="PASS" starttime="20221222 10:38:28.060" endtime="20221222 10:38:28.061"/>
</kw>
<kw name="Get Value From Json" library="JSONLibrary">
<var>${task_attribute}</var>
<arg>${json_body}</arg>
<arg>${json_path}</arg>
<doc>Get Value From JSON using JSONPath</doc>
<msg timestamp="20221222 10:38:28.069" level="INFO">${task_attribute} = ['-i 33 --domain ASSASSIN']</msg>
<status status="PASS" starttime="20221222 10:38:28.061" endtime="20221222 10:38:28.069"/>
</kw>
<kw name="Should Be Equal As Strings" library="BuiltIn">
<arg>${task_detail}</arg>
<arg>${task_attribute[0]}</arg>
<doc>Fails if objects are unequal after converting them to strings.</doc>
<status status="PASS" starttime="20221222 10:38:28.069" endtime="20221222 10:38:28.069"/>
</kw>
<status status="PASS" starttime="20221222 10:38:28.054" endtime="20221222 10:38:28.069"/>
</kw>
<kw name="Check Task Details">
<arg>${Obtain_task_details}</arg>
<arg>${envArgs}</arg>
<arg>$.steps[0].envArgs</arg>
<kw name="Convert To String" library="BuiltIn">
<var>${string}</var>
<arg>${response.content}</arg>
<doc>Converts the given item to a Unicode string.</doc>
<msg timestamp="20221222 10:38:28.069" level="INFO">${string} = {
  "id" : "63a48803051b4e1a81cf768a",
  "saveID" : 1,
  "name" : "Auto-Task",
  "steps" : [ {
    "type" : "EXE",
    "hostname" : "sm5-dac1",
    "processName" : "osii_file_adaptor",
    "args" : "-...</msg>
<status status="PASS" starttime="20221222 10:38:28.069" endtime="20221222 10:38:28.069"/>
</kw>
<kw name="Convert String To Json" library="JSONLibrary">
<var>${json_body}</var>
<arg>${string}</arg>
<doc>Convert String to JSON object</doc>
<msg timestamp="20221222 10:38:28.077" level="INFO">${json_body} = {'id': '63a48803051b4e1a81cf768a', 'saveID': 1, 'name': 'Auto-Task', 'steps': [{'type': 'EXE', 'hostname': 'sm5-dac1', 'processName': 'osii_file_adaptor', 'args': '-i 33 --domain ASSASSIN', 'envArgs':...</msg>
<status status="PASS" starttime="20221222 10:38:28.069" endtime="20221222 10:38:28.077"/>
</kw>
<kw name="Get Value From Json" library="JSONLibrary">
<var>${task_attribute}</var>
<arg>${json_body}</arg>
<arg>${json_path}</arg>
<doc>Get Value From JSON using JSONPath</doc>
<msg timestamp="20221222 10:38:28.087" level="INFO">${task_attribute} = ['33']</msg>
<status status="PASS" starttime="20221222 10:38:28.077" endtime="20221222 10:38:28.087"/>
</kw>
<kw name="Should Be Equal As Strings" library="BuiltIn">
<arg>${task_detail}</arg>
<arg>${task_attribute[0]}</arg>
<doc>Fails if objects are unequal after converting them to strings.</doc>
<status status="PASS" starttime="20221222 10:38:28.087" endtime="20221222 10:38:28.087"/>
</kw>
<status status="PASS" starttime="20221222 10:38:28.069" endtime="20221222 10:38:28.087"/>
</kw>
<kw name="Check Task Details">
<arg>${Obtain_task_details}</arg>
<arg>${expectedExitCode}</arg>
<arg>$.steps[0].expectedExitCode[0]</arg>
<kw name="Convert To String" library="BuiltIn">
<var>${string}</var>
<arg>${response.content}</arg>
<doc>Converts the given item to a Unicode string.</doc>
<msg timestamp="20221222 10:38:28.087" level="INFO">${string} = {
  "id" : "63a48803051b4e1a81cf768a",
  "saveID" : 1,
  "name" : "Auto-Task",
  "steps" : [ {
    "type" : "EXE",
    "hostname" : "sm5-dac1",
    "processName" : "osii_file_adaptor",
    "args" : "-...</msg>
<status status="PASS" starttime="20221222 10:38:28.087" endtime="20221222 10:38:28.087"/>
</kw>
<kw name="Convert String To Json" library="JSONLibrary">
<var>${json_body}</var>
<arg>${string}</arg>
<doc>Convert String to JSON object</doc>
<msg timestamp="20221222 10:38:28.094" level="INFO">${json_body} = {'id': '63a48803051b4e1a81cf768a', 'saveID': 1, 'name': 'Auto-Task', 'steps': [{'type': 'EXE', 'hostname': 'sm5-dac1', 'processName': 'osii_file_adaptor', 'args': '-i 33 --domain ASSASSIN', 'envArgs':...</msg>
<status status="PASS" starttime="20221222 10:38:28.087" endtime="20221222 10:38:28.094"/>
</kw>
<kw name="Get Value From Json" library="JSONLibrary">
<var>${task_attribute}</var>
<arg>${json_body}</arg>
<arg>${json_path}</arg>
<doc>Get Value From JSON using JSONPath</doc>
<msg timestamp="20221222 10:38:28.103" level="INFO">${task_attribute} = [0]</msg>
<status status="PASS" starttime="20221222 10:38:28.094" endtime="20221222 10:38:28.103"/>
</kw>
<kw name="Should Be Equal As Strings" library="BuiltIn">
<arg>${task_detail}</arg>
<arg>${task_attribute[0]}</arg>
<doc>Fails if objects are unequal after converting them to strings.</doc>
<msg timestamp="20221222 10:38:28.103" level="INFO">Argument types are:
&lt;class 'str'&gt;
&lt;class 'int'&gt;</msg>
<status status="PASS" starttime="20221222 10:38:28.103" endtime="20221222 10:38:28.103"/>
</kw>
<status status="PASS" starttime="20221222 10:38:28.087" endtime="20221222 10:38:28.103"/>
</kw>
<kw name="Check Task Details">
<arg>${Obtain_task_details}</arg>
<arg>${timeout}</arg>
<arg>$.steps[0].timeout</arg>
<kw name="Convert To String" library="BuiltIn">
<var>${string}</var>
<arg>${response.content}</arg>
<doc>Converts the given item to a Unicode string.</doc>
<msg timestamp="20221222 10:38:28.103" level="INFO">${string} = {
  "id" : "63a48803051b4e1a81cf768a",
  "saveID" : 1,
  "name" : "Auto-Task",
  "steps" : [ {
    "type" : "EXE",
    "hostname" : "sm5-dac1",
    "processName" : "osii_file_adaptor",
    "args" : "-...</msg>
<status status="PASS" starttime="20221222 10:38:28.103" endtime="20221222 10:38:28.103"/>
</kw>
<kw name="Convert String To Json" library="JSONLibrary">
<var>${json_body}</var>
<arg>${string}</arg>
<doc>Convert String to JSON object</doc>
<msg timestamp="20221222 10:38:28.111" level="INFO">${json_body} = {'id': '63a48803051b4e1a81cf768a', 'saveID': 1, 'name': 'Auto-Task', 'steps': [{'type': 'EXE', 'hostname': 'sm5-dac1', 'processName': 'osii_file_adaptor', 'args': '-i 33 --domain ASSASSIN', 'envArgs':...</msg>
<status status="PASS" starttime="20221222 10:38:28.111" endtime="20221222 10:38:28.111"/>
</kw>
<kw name="Get Value From Json" library="JSONLibrary">
<var>${task_attribute}</var>
<arg>${json_body}</arg>
<arg>${json_path}</arg>
<doc>Get Value From JSON using JSONPath</doc>
<msg timestamp="20221222 10:38:28.119" level="INFO">${task_attribute} = [5000]</msg>
<status status="PASS" starttime="20221222 10:38:28.111" endtime="20221222 10:38:28.119"/>
</kw>
<kw name="Should Be Equal As Strings" library="BuiltIn">
<arg>${task_detail}</arg>
<arg>${task_attribute[0]}</arg>
<doc>Fails if objects are unequal after converting them to strings.</doc>
<msg timestamp="20221222 10:38:28.119" level="INFO">Argument types are:
&lt;class 'str'&gt;
&lt;class 'int'&gt;</msg>
<status status="PASS" starttime="20221222 10:38:28.119" endtime="20221222 10:38:28.119"/>
</kw>
<status status="PASS" starttime="20221222 10:38:28.103" endtime="20221222 10:38:28.119"/>
</kw>
<kw name="Set Variable" library="BuiltIn">
<var>${steps}</var>
<arg>[${EMPTY}]</arg>
<doc>Returns the given values which can then be assigned to a variables.</doc>
<msg timestamp="20221222 10:38:28.119" level="INFO">${steps} = []</msg>
<status status="PASS" starttime="20221222 10:38:28.119" endtime="20221222 10:38:28.119"/>
</kw>
<kw name="Set Variable" library="BuiltIn">
<var>${task}</var>
<arg>{"name": "${name}", "createAuditCopies": "${createAuditCopies}","steps": ${steps}}</arg>
<doc>Returns the given values which can then be assigned to a variables.</doc>
<msg timestamp="20221222 10:38:28.119" level="INFO">${task} = {"name": "Auto-Task", "createAuditCopies": "Never","steps": []}</msg>
<status status="PASS" starttime="20221222 10:38:28.119" endtime="20221222 10:38:28.119"/>
</kw>
<kw name="PUT-Update Task with Name">
<var>${Remove_Step}</var>
<arg>${name}</arg>
<arg>${task}</arg>
<kw name="Create Dictionary" library="BuiltIn">
<var>${headers}</var>
<arg>osiApiToken=${token}</arg>
<arg>Content-Type=${JSON_format}</arg>
<doc>Creates and returns a dictionary based on the given ``items``.</doc>
<msg timestamp="20221222 10:38:28.127" level="INFO">${headers} = {'osiApiToken': '60ddc80ae2381a658bf5d87e:e031c694fe4d499bab7730485b83ce2f02e310a5b5cd9acb13850615ec7b2657', 'Content-Type': 'application/json'}</msg>
<status status="PASS" starttime="20221222 10:38:28.127" endtime="20221222 10:38:28.127"/>
</kw>
<kw name="PUT On Session" library="RequestsLibrary">
<var>${response}</var>
<arg>Swagger</arg>
<arg>url=/api/v1/taskconfig/${task_name}</arg>
<arg>data=${PUT_body}</arg>
<arg>headers=${headers}</arg>
<arg>expected_status=Anything</arg>
<arg>verify=${False}</arg>
<doc>Sends a PUT request on a previously created HTTP Session.</doc>
<msg timestamp="20221222 10:38:28.218" level="INFO">PUT Request : url=https://sm5-dac1:8443/eitk/api/v1/taskconfig/Auto-Task 
 path_url=/eitk/api/v1/taskconfig/Auto-Task 
 headers={'User-Agent': 'python-requests/2.28.1', 'Accept-Encoding': 'gzip, deflate', 'Accept': '*/*', 'Connection': 'keep-alive', 'osiApiToken': '60ddc80ae2381a658bf5d87e:e031c694fe4d499bab7730485b83ce2f02e310a5b5cd9acb13850615ec7b2657', 'Content-Type': 'application/json', 'Content-Length': '63'} 
 body={"name": "Auto-Task", "createAuditCopies": "Never","steps": []} 
 </msg>
<msg timestamp="20221222 10:38:28.218" level="INFO">PUT Response : url=https://sm5-dac1:8443/eitk/api/v1/taskconfig/Auto-Task 
 status=200, reason=OK 
 headers={'Server': 'nginx', 'Date': 'Thu, 22 Dec 2022 16:38:28 GMT', 'Content-Type': 'application/json', 'Content-Length': '129', 'Connection': 'keep-alive', 'X-Frame-Options': 'SAMEORIGIN', 'X-Content-Type-Options': 'nosniff', 'X-XSS-Protection': '1; mode=block', 'Strict-Transport-Security': 'max-age=31536000; includeSubDomains; preload', 'Pragma': 'no-cache', 'Cache-Control': 'no-cache, must-revalidate, private, no-store'} 
 body={
  "id" : "63a48803051b4e1a81cf768a",
  "saveID" : 1,
  "name" : "Auto-Task",
  "steps" : [ ],
  "createAuditCopies" : "Never"
} 
 </msg>
<msg timestamp="20221222 10:38:28.218" level="INFO">C:\Users\acruz\AppData\Local\Programs\Python\Python310\lib\site-packages\urllib3\connectionpool.py:1045: InsecureRequestWarning: Unverified HTTPS request is being made to host 'sm5-dac1'. Adding certificate verification is strongly advised. See: https://urllib3.readthedocs.io/en/1.26.x/advanced-usage.html#ssl-warnings
  warnings.warn(</msg>
<msg timestamp="20221222 10:38:28.218" level="INFO">${response} = &lt;Response [200]&gt;</msg>
<status status="PASS" starttime="20221222 10:38:28.127" endtime="20221222 10:38:28.218"/>
</kw>
<kw name="Return From Keyword" library="BuiltIn">
<arg>${response}</arg>
<doc>Returns from the enclosing user keyword.</doc>
<msg timestamp="20221222 10:38:28.218" level="INFO">Returning from the enclosing user keyword.</msg>
<status status="PASS" starttime="20221222 10:38:28.218" endtime="20221222 10:38:28.224"/>
</kw>
<msg timestamp="20221222 10:38:28.224" level="INFO">${Remove_Step} = &lt;Response [200]&gt;</msg>
<status status="PASS" starttime="20221222 10:38:28.119" endtime="20221222 10:38:28.224"/>
</kw>
<kw name="Verify Successful Response">
<arg>${Remove_Step}</arg>
<kw name="Status Should Be" library="RequestsLibrary">
<arg>200</arg>
<arg>${response}</arg>
<doc>Fails if response status code is different than the expected.</doc>
<status status="PASS" starttime="20221222 10:38:28.224" endtime="20221222 10:38:28.224"/>
</kw>
<status status="PASS" starttime="20221222 10:38:28.224" endtime="20221222 10:38:28.224"/>
</kw>
<kw name="GET-Tasks With Name">
<var>${Obtain_task_details}</var>
<arg>${name}</arg>
<kw name="Create Dictionary" library="BuiltIn">
<var>${headers}</var>
<arg>osiApiToken=${token}</arg>
<arg>Content-Type=${JSON_format}</arg>
<doc>Creates and returns a dictionary based on the given ``items``.</doc>
<msg timestamp="20221222 10:38:28.224" level="INFO">${headers} = {'osiApiToken': '60ddc80ae2381a658bf5d87e:e031c694fe4d499bab7730485b83ce2f02e310a5b5cd9acb13850615ec7b2657', 'Content-Type': 'application/json'}</msg>
<status status="PASS" starttime="20221222 10:38:28.224" endtime="20221222 10:38:28.224"/>
</kw>
<kw name="GET On Session" library="RequestsLibrary">
<var>${response}</var>
<arg>Swagger</arg>
<arg>url=/api/v1/taskconfig/${task_name}</arg>
<arg>headers=${headers}</arg>
<arg>expected_status=Anything</arg>
<arg>verify=${False}</arg>
<doc>Sends a GET request on a previously created HTTP Session.</doc>
<msg timestamp="20221222 10:38:28.294" level="INFO">GET Request : url=https://sm5-dac1:8443/eitk/api/v1/taskconfig/Auto-Task 
 path_url=/eitk/api/v1/taskconfig/Auto-Task 
 headers={'User-Agent': 'python-requests/2.28.1', 'Accept-Encoding': 'gzip, deflate', 'Accept': '*/*', 'Connection': 'keep-alive', 'osiApiToken': '60ddc80ae2381a658bf5d87e:e031c694fe4d499bab7730485b83ce2f02e310a5b5cd9acb13850615ec7b2657', 'Content-Type': 'application/json'} 
 body=None 
 </msg>
<msg timestamp="20221222 10:38:28.294" level="INFO">GET Response : url=https://sm5-dac1:8443/eitk/api/v1/taskconfig/Auto-Task 
 status=200, reason=OK 
 headers={'Server': 'nginx', 'Date': 'Thu, 22 Dec 2022 16:38:28 GMT', 'Content-Type': 'application/json', 'Content-Length': '129', 'Connection': 'keep-alive', 'X-Frame-Options': 'SAMEORIGIN', 'X-Content-Type-Options': 'nosniff', 'X-XSS-Protection': '1; mode=block', 'Strict-Transport-Security': 'max-age=31536000; includeSubDomains; preload', 'Pragma': 'no-cache', 'Cache-Control': 'no-cache, must-revalidate, private, no-store'} 
 body={
  "id" : "63a48803051b4e1a81cf768a",
  "saveID" : 1,
  "name" : "Auto-Task",
  "steps" : [ ],
  "createAuditCopies" : "Never"
} 
 </msg>
<msg timestamp="20221222 10:38:28.294" level="INFO">C:\Users\acruz\AppData\Local\Programs\Python\Python310\lib\site-packages\urllib3\connectionpool.py:1045: InsecureRequestWarning: Unverified HTTPS request is being made to host 'sm5-dac1'. Adding certificate verification is strongly advised. See: https://urllib3.readthedocs.io/en/1.26.x/advanced-usage.html#ssl-warnings
  warnings.warn(</msg>
<msg timestamp="20221222 10:38:28.294" level="INFO">${response} = &lt;Response [200]&gt;</msg>
<status status="PASS" starttime="20221222 10:38:28.224" endtime="20221222 10:38:28.294"/>
</kw>
<kw name="Return From Keyword" library="BuiltIn">
<arg>${response}</arg>
<doc>Returns from the enclosing user keyword.</doc>
<msg timestamp="20221222 10:38:28.294" level="INFO">Returning from the enclosing user keyword.</msg>
<status status="PASS" starttime="20221222 10:38:28.294" endtime="20221222 10:38:28.294"/>
</kw>
<msg timestamp="20221222 10:38:28.294" level="INFO">${Obtain_task_details} = &lt;Response [200]&gt;</msg>
<status status="PASS" starttime="20221222 10:38:28.224" endtime="20221222 10:38:28.294"/>
</kw>
<kw name="Verify Successful Response">
<arg>${Obtain_task_details}</arg>
<kw name="Status Should Be" library="RequestsLibrary">
<arg>200</arg>
<arg>${response}</arg>
<doc>Fails if response status code is different than the expected.</doc>
<status status="PASS" starttime="20221222 10:38:28.302" endtime="20221222 10:38:28.302"/>
</kw>
<status status="PASS" starttime="20221222 10:38:28.294" endtime="20221222 10:38:28.302"/>
</kw>
<kw name="Check Task Details">
<arg>${Obtain_task_details}</arg>
<arg>${name}</arg>
<arg>$.name</arg>
<kw name="Convert To String" library="BuiltIn">
<var>${string}</var>
<arg>${response.content}</arg>
<doc>Converts the given item to a Unicode string.</doc>
<msg timestamp="20221222 10:38:28.305" level="INFO">${string} = {
  "id" : "63a48803051b4e1a81cf768a",
  "saveID" : 1,
  "name" : "Auto-Task",
  "steps" : [ ],
  "createAuditCopies" : "Never"
}</msg>
<status status="PASS" starttime="20221222 10:38:28.304" endtime="20221222 10:38:28.305"/>
</kw>
<kw name="Convert String To Json" library="JSONLibrary">
<var>${json_body}</var>
<arg>${string}</arg>
<doc>Convert String to JSON object</doc>
<msg timestamp="20221222 10:38:28.305" level="INFO">${json_body} = {'id': '63a48803051b4e1a81cf768a', 'saveID': 1, 'name': 'Auto-Task', 'steps': [], 'createAuditCopies': 'Never'}</msg>
<status status="PASS" starttime="20221222 10:38:28.305" endtime="20221222 10:38:28.305"/>
</kw>
<kw name="Get Value From Json" library="JSONLibrary">
<var>${task_attribute}</var>
<arg>${json_body}</arg>
<arg>${json_path}</arg>
<doc>Get Value From JSON using JSONPath</doc>
<msg timestamp="20221222 10:38:28.318" level="INFO">${task_attribute} = ['Auto-Task']</msg>
<status status="PASS" starttime="20221222 10:38:28.305" endtime="20221222 10:38:28.318"/>
</kw>
<kw name="Should Be Equal As Strings" library="BuiltIn">
<arg>${task_detail}</arg>
<arg>${task_attribute[0]}</arg>
<doc>Fails if objects are unequal after converting them to strings.</doc>
<status status="PASS" starttime="20221222 10:38:28.318" endtime="20221222 10:38:28.318"/>
</kw>
<status status="PASS" starttime="20221222 10:38:28.302" endtime="20221222 10:38:28.318"/>
</kw>
<kw name="Check Task Details">
<arg>${Obtain_task_details}</arg>
<arg>${createAuditCopies}</arg>
<arg>$.createAuditCopies</arg>
<kw name="Convert To String" library="BuiltIn">
<var>${string}</var>
<arg>${response.content}</arg>
<doc>Converts the given item to a Unicode string.</doc>
<msg timestamp="20221222 10:38:28.322" level="INFO">${string} = {
  "id" : "63a48803051b4e1a81cf768a",
  "saveID" : 1,
  "name" : "Auto-Task",
  "steps" : [ ],
  "createAuditCopies" : "Never"
}</msg>
<status status="PASS" starttime="20221222 10:38:28.321" endtime="20221222 10:38:28.322"/>
</kw>
<kw name="Convert String To Json" library="JSONLibrary">
<var>${json_body}</var>
<arg>${string}</arg>
<doc>Convert String to JSON object</doc>
<msg timestamp="20221222 10:38:28.322" level="INFO">${json_body} = {'id': '63a48803051b4e1a81cf768a', 'saveID': 1, 'name': 'Auto-Task', 'steps': [], 'createAuditCopies': 'Never'}</msg>
<status status="PASS" starttime="20221222 10:38:28.322" endtime="20221222 10:38:28.322"/>
</kw>
<kw name="Get Value From Json" library="JSONLibrary">
<var>${task_attribute}</var>
<arg>${json_body}</arg>
<arg>${json_path}</arg>
<doc>Get Value From JSON using JSONPath</doc>
<msg timestamp="20221222 10:38:28.329" level="INFO">${task_attribute} = ['Never']</msg>
<status status="PASS" starttime="20221222 10:38:28.322" endtime="20221222 10:38:28.329"/>
</kw>
<kw name="Should Be Equal As Strings" library="BuiltIn">
<arg>${task_detail}</arg>
<arg>${task_attribute[0]}</arg>
<doc>Fails if objects are unequal after converting them to strings.</doc>
<status status="PASS" starttime="20221222 10:38:28.329" endtime="20221222 10:38:28.337"/>
</kw>
<status status="PASS" starttime="20221222 10:38:28.321" endtime="20221222 10:38:28.337"/>
</kw>
<kw name="Check Task Details">
<arg>${Obtain_task_details}</arg>
<arg>${steps}</arg>
<arg>$.steps</arg>
<kw name="Convert To String" library="BuiltIn">
<var>${string}</var>
<arg>${response.content}</arg>
<doc>Converts the given item to a Unicode string.</doc>
<msg timestamp="20221222 10:38:28.337" level="INFO">${string} = {
  "id" : "63a48803051b4e1a81cf768a",
  "saveID" : 1,
  "name" : "Auto-Task",
  "steps" : [ ],
  "createAuditCopies" : "Never"
}</msg>
<status status="PASS" starttime="20221222 10:38:28.337" endtime="20221222 10:38:28.337"/>
</kw>
<kw name="Convert String To Json" library="JSONLibrary">
<var>${json_body}</var>
<arg>${string}</arg>
<doc>Convert String to JSON object</doc>
<msg timestamp="20221222 10:38:28.337" level="INFO">${json_body} = {'id': '63a48803051b4e1a81cf768a', 'saveID': 1, 'name': 'Auto-Task', 'steps': [], 'createAuditCopies': 'Never'}</msg>
<status status="PASS" starttime="20221222 10:38:28.337" endtime="20221222 10:38:28.337"/>
</kw>
<kw name="Get Value From Json" library="JSONLibrary">
<var>${task_attribute}</var>
<arg>${json_body}</arg>
<arg>${json_path}</arg>
<doc>Get Value From JSON using JSONPath</doc>
<msg timestamp="20221222 10:38:28.345" level="INFO">${task_attribute} = [[]]</msg>
<status status="PASS" starttime="20221222 10:38:28.337" endtime="20221222 10:38:28.345"/>
</kw>
<kw name="Should Be Equal As Strings" library="BuiltIn">
<arg>${task_detail}</arg>
<arg>${task_attribute[0]}</arg>
<doc>Fails if objects are unequal after converting them to strings.</doc>
<msg timestamp="20221222 10:38:28.353" level="INFO">Argument types are:
&lt;class 'str'&gt;
&lt;class 'list'&gt;</msg>
<status status="PASS" starttime="20221222 10:38:28.345" endtime="20221222 10:38:28.353"/>
</kw>
<status status="PASS" starttime="20221222 10:38:28.337" endtime="20221222 10:38:28.353"/>
</kw>
<kw name="Set Suite Variable" library="BuiltIn">
<arg>${results}</arg>
<arg>1</arg>
<doc>Makes a variable available everywhere within the scope of the current suite.</doc>
<msg timestamp="20221222 10:38:28.353" level="INFO">${results} = 1</msg>
<status status="PASS" starttime="20221222 10:38:28.353" endtime="20221222 10:38:28.353"/>
</kw>
<kw name="Delete All Sessions" library="RequestsLibrary" type="TEARDOWN">
<doc>Removes all the session objects</doc>
<msg timestamp="20221222 10:38:28.353" level="INFO">Deleting All Sessions</msg>
<status status="PASS" starttime="20221222 10:38:28.353" endtime="20221222 10:38:28.353"/>
</kw>
<status status="PASS" starttime="20221222 10:38:26.794" endtime="20221222 10:38:28.353"/>
</test>
<test id="s1-t2" name="Jama Report" line="92">
<kw name="Create Session" library="RequestsLibrary" type="SETUP">
<arg>Swagger</arg>
<arg>${base_url}</arg>
<doc>Create Session: create a HTTP session to a server</doc>
<msg timestamp="20221222 10:38:28.353" level="INFO">Creating Session using : alias=Swagger, url=https://sm5-dac1:8443/eitk, headers={},                     cookies={}, auth=None, timeout=None, proxies=None, verify=False,                     debug=0 </msg>
<status status="PASS" starttime="20221222 10:38:28.353" endtime="20221222 10:38:28.353"/>
</kw>
<kw name="Run" library="OperatingSystem">
<var>${jama}</var>
<arg>pip install py-jama-rest-client</arg>
<doc>Runs the given command in the system and returns the output.</doc>
<msg timestamp="20221222 10:38:28.365" level="INFO">Running command 'pip install py-jama-rest-client 2&gt;&amp;1'.</msg>
<msg timestamp="20221222 10:38:29.398" level="INFO">${jama} = Requirement already satisfied: py-jama-rest-client in c:\users\acruz\appdata\local\programs\python\python310\lib\site-packages (1.16.0)
Requirement already satisfied: requests in c:\users\acruz\appdat...</msg>
<status status="PASS" starttime="20221222 10:38:28.353" endtime="20221222 10:38:29.398"/>
</kw>
<kw name="Run" library="OperatingSystem">
<var>${jama_id}</var>
<arg>python TestCaseResults.py "Automated - Basic Task Operations"</arg>
<doc>Runs the given command in the system and returns the output.</doc>
<msg timestamp="20221222 10:38:29.403" level="INFO">Running command 'python TestCaseResults.py "Automated - Basic Task Operations" 2&gt;&amp;1'.</msg>
<msg timestamp="20221222 10:38:31.591" level="INFO">${jama_id} = 9373537</msg>
<status status="PASS" starttime="20221222 10:38:29.398" endtime="20221222 10:38:31.591"/>
</kw>
<if>
<branch type="IF" condition="${results} == 1">
<kw name="Jama Passed Test">
<arg>run_id=${jama_id}</arg>
<kw name="Set Variable" library="BuiltIn">
<var>${curl}</var>
<arg>curl -u auto_sysman:OSISysman -X PUT "https://osi.jamacloud.com/rest/v1/testruns/${run_id}" -H "accept: application/json" -H "Content-Type: application/json" -d "{ \\"fields\\": { \\"testRunStatus\\": \\"PASSED\\", \\"automated$37\\": false }}"</arg>
<doc>Returns the given values which can then be assigned to a variables.</doc>
<msg timestamp="20221222 10:38:31.591" level="INFO">${curl} = curl -u auto_sysman:OSISysman -X PUT "https://osi.jamacloud.com/rest/v1/testruns/9373537" -H "accept: application/json" -H "Content-Type: application/json" -d "{ \"fields\": { \"testRunStatus\": \"PAS...</msg>
<status status="PASS" starttime="20221222 10:38:31.591" endtime="20221222 10:38:31.591"/>
</kw>
<kw name="Run" library="OperatingSystem">
<var>${jama_id}</var>
<arg>${curl}</arg>
<doc>Runs the given command in the system and returns the output.</doc>
<msg timestamp="20221222 10:38:31.596" level="INFO">Running command 'curl -u auto_sysman:OSISysman -X PUT "https://osi.jamacloud.com/rest/v1/testruns/9373537" -H "accept: application/json" -H "Content-Type: application/json" -d "{ \"fields\": { \"testRunStatus\": \"PASSED\", \"automated$37\": false }}" 2&gt;&amp;1'.</msg>
<msg timestamp="20221222 10:38:32.833" level="INFO">${jama_id} =   % Total    % Received % Xferd  Average Speed   Time    Time     Time  Current
                                 Dload  Upload   Total   Spent    Left  Speed

  0     0    0     0    0     0      0   ...</msg>
<status status="PASS" starttime="20221222 10:38:31.591" endtime="20221222 10:38:32.833"/>
</kw>
<kw name="Should Contain" library="BuiltIn">
<arg>${jama_id}</arg>
<arg>"OK"</arg>
<doc>Fails if ``container`` does not contain ``item`` one or more times.</doc>
<status status="PASS" starttime="20221222 10:38:32.833" endtime="20221222 10:38:32.833"/>
</kw>
<status status="PASS" starttime="20221222 10:38:31.591" endtime="20221222 10:38:32.833"/>
</kw>
<status status="PASS" starttime="20221222 10:38:31.591" endtime="20221222 10:38:32.833"/>
</branch>
<branch type="ELSE">
<kw name="Jama Failed Test">
<arg>run_id=${jama_id}</arg>
<status status="NOT RUN" starttime="20221222 10:38:32.833" endtime="20221222 10:38:32.833"/>
</kw>
<status status="NOT RUN" starttime="20221222 10:38:32.833" endtime="20221222 10:38:32.833"/>
</branch>
<status status="PASS" starttime="20221222 10:38:31.591" endtime="20221222 10:38:32.833"/>
</if>
<kw name="Delete All Sessions" library="RequestsLibrary" type="TEARDOWN">
<doc>Removes all the session objects</doc>
<msg timestamp="20221222 10:38:32.833" level="INFO">Deleting All Sessions</msg>
<status status="PASS" starttime="20221222 10:38:32.833" endtime="20221222 10:38:32.833"/>
</kw>
<status status="PASS" starttime="20221222 10:38:28.353" endtime="20221222 10:38:32.837"/>
</test>
<status status="PASS" starttime="20221222 10:38:26.599" endtime="20221222 10:38:32.837"/>
</suite>
<statistics>
<total>
<stat pass="2" fail="0" skip="0">All Tests</stat>
</total>
<tag>
</tag>
<suite>
<stat pass="2" fail="0" skip="0" id="s1" name="Basic Task Operations">Basic Task Operations</stat>
</suite>
</statistics>
<errors>
</errors>
</robot>
