<?xml version="1.0" encoding="UTF-8"?>
<robot generator="Robot 5.0.1 (Python 3.10.7 on win32)" generated="20230109 11:34:49.490" rpa="false" schemaversion="3">
<suite id="s1" name="Create Modify Delete EITK Table and Verify Table Elements via Endpoints" source="C:\Users\acruz\OneDrive - Aspen Technology, Inc\Documents\AutoTasks\auto_eitk3_endpoints\Create_Modify_Delete_EITK_Table_and_Verify_Table_Elements_via_Endpoints.robot">
<test id="s1-t1" name="Basic Table Operations" line="22">
<kw name="Create Session" library="RequestsLibrary" type="SETUP">
<arg>Swagger</arg>
<arg>${Base_URL}</arg>
<doc>Create Session: create a HTTP session to a server</doc>
<msg timestamp="20230109 11:34:49.683" level="INFO">Creating Session using : alias=Swagger, url=https://172.17.82.129:8443/, headers={},                     cookies={}, auth=None, timeout=None, proxies=None, verify=False,                     debug=0 </msg>
<status status="PASS" starttime="20230109 11:34:49.683" endtime="20230109 11:34:49.683"/>
</kw>
<kw name="Set Suite Variable" library="BuiltIn">
<arg>${results}</arg>
<arg>0</arg>
<doc>Makes a variable available everywhere within the scope of the current suite.</doc>
<msg timestamp="20230109 11:34:49.685" level="INFO">${results} = 0</msg>
<status status="PASS" starttime="20230109 11:34:49.684" endtime="20230109 11:34:49.685"/>
</kw>
<kw name="Make Sure Table Does Not Exist" library="EITK3_General_Endpoints_Keywords">
<arg>${Table_ID}</arg>
<kw name="Set Variable" library="BuiltIn">
<var>${filter}</var>
<arg>["id","=","${table_id}"]</arg>
<doc>Returns the given values which can then be assigned to a variables.</doc>
<msg timestamp="20230109 11:34:49.686" level="INFO">${filter} = ["id","=","ATest1"]</msg>
<status status="PASS" starttime="20230109 11:34:49.686" endtime="20230109 11:34:49.686"/>
</kw>
<kw name="GET-Tables With Filter" library="EITK3_GET_Keywords">
<var>${response}</var>
<arg>${filter}</arg>
<kw name="Create Dictionary" library="BuiltIn">
<var>${headers}</var>
<arg>osiApiToken=${Token}</arg>
<arg>accept=application/json</arg>
<doc>Creates and returns a dictionary based on the given ``items``.</doc>
<msg timestamp="20230109 11:34:49.687" level="INFO">${headers} = {'osiApiToken': '60ddc80ae2381a658bf5d87e:e031c694fe4d499bab7730485b83ce2f02e310a5b5cd9acb13850615ec7b2657', 'accept': 'application/json'}</msg>
<status status="PASS" starttime="20230109 11:34:49.686" endtime="20230109 11:34:49.687"/>
</kw>
<kw name="Create Dictionary" library="BuiltIn">
<var>${params}</var>
<arg>filter=${filter}</arg>
<doc>Creates and returns a dictionary based on the given ``items``.</doc>
<msg timestamp="20230109 11:34:49.687" level="INFO">${params} = {'filter': '["id","=","ATest1"]'}</msg>
<status status="PASS" starttime="20230109 11:34:49.687" endtime="20230109 11:34:49.687"/>
</kw>
<kw name="GET On Session" library="RequestsLibrary">
<var>${response}</var>
<arg>Swagger</arg>
<arg>url=/eitk/api/v1/tables</arg>
<arg>headers=${headers}</arg>
<arg>params=${params}</arg>
<arg>expected_status=Anything</arg>
<arg>verify=${False}</arg>
<doc>Sends a GET request on a previously created HTTP Session.</doc>
<msg timestamp="20230109 11:34:50.185" level="INFO">GET Request : url=https://172.17.82.129:8443/eitk/api/v1/tables?filter=%5B%22id%22%2C%22%3D%22%2C%22ATest1%22%5D 
 path_url=/eitk/api/v1/tables?filter=%5B%22id%22%2C%22%3D%22%2C%22ATest1%22%5D 
 headers={'User-Agent': 'python-requests/2.28.1', 'Accept-Encoding': 'gzip, deflate', 'accept': 'application/json', 'Connection': 'keep-alive', 'osiApiToken': '60ddc80ae2381a658bf5d87e:e031c694fe4d499bab7730485b83ce2f02e310a5b5cd9acb13850615ec7b2657'} 
 body=None 
 </msg>
<msg timestamp="20230109 11:34:50.185" level="INFO">GET Response : url=https://172.17.82.129:8443/eitk/api/v1/tables?filter=%5B%22id%22%2C%22%3D%22%2C%22ATest1%22%5D 
 status=200, reason=OK 
 headers={'Server': 'nginx', 'Date': 'Mon, 09 Jan 2023 17:34:50 GMT', 'Content-Type': 'application/json', 'Content-Length': '3', 'Connection': 'keep-alive', 'X-Frame-Options': 'SAMEORIGIN', 'X-Content-Type-Options': 'nosniff', 'X-XSS-Protection': '1; mode=block', 'Strict-Transport-Security': 'max-age=31536000; includeSubDomains; preload', 'Pragma': 'no-cache', 'Cache-Control': 'no-cache, must-revalidate, private, no-store'} 
 body=[ ] 
 </msg>
<msg timestamp="20230109 11:34:50.185" level="INFO">C:\Users\acruz\AppData\Local\Programs\Python\Python310\lib\site-packages\urllib3\connectionpool.py:1045: InsecureRequestWarning: Unverified HTTPS request is being made to host '172.17.82.129'. Adding certificate verification is strongly advised. See: https://urllib3.readthedocs.io/en/1.26.x/advanced-usage.html#ssl-warnings
  warnings.warn(</msg>
<msg timestamp="20230109 11:34:50.187" level="INFO">${response} = &lt;Response [200]&gt;</msg>
<status status="PASS" starttime="20230109 11:34:49.687" endtime="20230109 11:34:50.187"/>
</kw>
<kw name="Return From Keyword" library="BuiltIn">
<arg>${response}</arg>
<doc>Returns from the enclosing user keyword.</doc>
<msg timestamp="20230109 11:34:50.187" level="INFO">Returning from the enclosing user keyword.</msg>
<status status="PASS" starttime="20230109 11:34:50.187" endtime="20230109 11:34:50.188"/>
</kw>
<msg timestamp="20230109 11:34:50.188" level="INFO">${response} = &lt;Response [200]&gt;</msg>
<status status="PASS" starttime="20230109 11:34:49.686" endtime="20230109 11:34:50.188"/>
</kw>
<kw name="Status Should Be" library="RequestsLibrary">
<arg>200</arg>
<arg>${response}</arg>
<doc>Fails if response status code is different than the expected.</doc>
<status status="PASS" starttime="20230109 11:34:50.188" endtime="20230109 11:34:50.188"/>
</kw>
<kw name="Convert To String" library="BuiltIn">
<var>${body}</var>
<arg>${response.content}</arg>
<doc>Converts the given item to a Unicode string.</doc>
<msg timestamp="20230109 11:34:50.189" level="INFO">${body} = [ ]</msg>
<status status="PASS" starttime="20230109 11:34:50.189" endtime="20230109 11:34:50.189"/>
</kw>
<kw name="Evaluate" library="BuiltIn">
<var>${status}</var>
<arg>'${table_id}' in '''${body}'''</arg>
<doc>Evaluates the given expression in Python and returns the result.</doc>
<msg timestamp="20230109 11:34:50.190" level="INFO">${status} = False</msg>
<status status="PASS" starttime="20230109 11:34:50.189" endtime="20230109 11:34:50.190"/>
</kw>
<kw name="Run Keyword If" library="BuiltIn">
<var>${Delete_response}</var>
<arg>${status} == ${True}</arg>
<arg>DELETE-Table with ID</arg>
<arg>${table_id}</arg>
<doc>Runs the given keyword with the given arguments, if ``condition`` is true.</doc>
<msg timestamp="20230109 11:34:50.190" level="INFO">${Delete_response} = None</msg>
<status status="PASS" starttime="20230109 11:34:50.190" endtime="20230109 11:34:50.190"/>
</kw>
<kw name="Run Keyword If" library="BuiltIn">
<arg>${status} == ${True}</arg>
<arg>Status Should Be</arg>
<arg>200</arg>
<arg>${Delete_response}</arg>
<doc>Runs the given keyword with the given arguments, if ``condition`` is true.</doc>
<status status="PASS" starttime="20230109 11:34:50.190" endtime="20230109 11:34:50.190"/>
</kw>
<status status="PASS" starttime="20230109 11:34:49.685" endtime="20230109 11:34:50.190"/>
</kw>
<kw name="Set Variable" library="BuiltIn">
<var>${c0_type}</var>
<arg>Key</arg>
<doc>Returns the given values which can then be assigned to a variables.</doc>
<msg timestamp="20230109 11:34:50.191" level="INFO">${c0_type} = Key</msg>
<status status="PASS" starttime="20230109 11:34:50.191" endtime="20230109 11:34:50.191"/>
</kw>
<kw name="Set Variable" library="BuiltIn">
<var>${c0_id}</var>
<arg>c0</arg>
<doc>Returns the given values which can then be assigned to a variables.</doc>
<msg timestamp="20230109 11:34:50.192" level="INFO">${c0_id} = c0</msg>
<status status="PASS" starttime="20230109 11:34:50.192" endtime="20230109 11:34:50.192"/>
</kw>
<kw name="Set Variable" library="BuiltIn">
<var>${c0_name}</var>
<arg>Key</arg>
<doc>Returns the given values which can then be assigned to a variables.</doc>
<msg timestamp="20230109 11:34:50.192" level="INFO">${c0_name} = Key</msg>
<status status="PASS" starttime="20230109 11:34:50.192" endtime="20230109 11:34:50.192"/>
</kw>
<kw name="Set Variable" library="BuiltIn">
<var>${c1_type}</var>
<arg>Unique</arg>
<doc>Returns the given values which can then be assigned to a variables.</doc>
<msg timestamp="20230109 11:34:50.193" level="INFO">${c1_type} = Unique</msg>
<status status="PASS" starttime="20230109 11:34:50.193" endtime="20230109 11:34:50.193"/>
</kw>
<kw name="Set Variable" library="BuiltIn">
<var>${c1_id}</var>
<arg>c1</arg>
<doc>Returns the given values which can then be assigned to a variables.</doc>
<msg timestamp="20230109 11:34:50.193" level="INFO">${c1_id} = c1</msg>
<status status="PASS" starttime="20230109 11:34:50.193" endtime="20230109 11:34:50.193"/>
</kw>
<kw name="Set Variable" library="BuiltIn">
<var>${c1_name}</var>
<arg>Unique</arg>
<doc>Returns the given values which can then be assigned to a variables.</doc>
<msg timestamp="20230109 11:34:50.194" level="INFO">${c1_name} = Unique</msg>
<status status="PASS" starttime="20230109 11:34:50.193" endtime="20230109 11:34:50.194"/>
</kw>
<kw name="Set Variable" library="BuiltIn">
<var>${c2_type}</var>
<arg>None</arg>
<doc>Returns the given values which can then be assigned to a variables.</doc>
<msg timestamp="20230109 11:34:50.195" level="INFO">${c2_type} = None</msg>
<status status="PASS" starttime="20230109 11:34:50.195" endtime="20230109 11:34:50.195"/>
</kw>
<kw name="Set Variable" library="BuiltIn">
<var>${c2_id}</var>
<arg>c2</arg>
<doc>Returns the given values which can then be assigned to a variables.</doc>
<msg timestamp="20230109 11:34:50.196" level="INFO">${c2_id} = c2</msg>
<status status="PASS" starttime="20230109 11:34:50.196" endtime="20230109 11:34:50.196"/>
</kw>
<kw name="Set Variable" library="BuiltIn">
<var>${c2_name}</var>
<arg>None</arg>
<doc>Returns the given values which can then be assigned to a variables.</doc>
<msg timestamp="20230109 11:34:50.197" level="INFO">${c2_name} = None</msg>
<status status="PASS" starttime="20230109 11:34:50.197" endtime="20230109 11:34:50.197"/>
</kw>
<kw name="Set Variable" library="BuiltIn">
<var>${c0}</var>
<arg>{"name": "${c0_name}","id":"${c0_id}","type":"${c0_type}"}</arg>
<doc>Returns the given values which can then be assigned to a variables.</doc>
<msg timestamp="20230109 11:34:50.198" level="INFO">${c0} = {"name": "Key","id":"c0","type":"Key"}</msg>
<status status="PASS" starttime="20230109 11:34:50.198" endtime="20230109 11:34:50.198"/>
</kw>
<kw name="Set Variable" library="BuiltIn">
<var>${c1}</var>
<arg>{"name": "${c1_name}","id":"${c1_id}","type":"${c1_type}"}</arg>
<doc>Returns the given values which can then be assigned to a variables.</doc>
<msg timestamp="20230109 11:34:50.199" level="INFO">${c1} = {"name": "Unique","id":"c1","type":"Unique"}</msg>
<status status="PASS" starttime="20230109 11:34:50.199" endtime="20230109 11:34:50.199"/>
</kw>
<kw name="Set Variable" library="BuiltIn">
<var>${c2}</var>
<arg>{"name": "${c2_name}","id":"${c2_id}","type":"${c2_type}"}</arg>
<doc>Returns the given values which can then be assigned to a variables.</doc>
<msg timestamp="20230109 11:34:50.200" level="INFO">${c2} = {"name": "None","id":"c2","type":"None"}</msg>
<status status="PASS" starttime="20230109 11:34:50.199" endtime="20230109 11:34:50.200"/>
</kw>
<kw name="Set Variable" library="BuiltIn">
<var>${columns}</var>
<arg>[${c0},${c1},${c2}]</arg>
<doc>Returns the given values which can then be assigned to a variables.</doc>
<msg timestamp="20230109 11:34:50.200" level="INFO">${columns} = [{"name": "Key","id":"c0","type":"Key"},{"name": "Unique","id":"c1","type":"Unique"},{"name": "None","id":"c2","type":"None"}]</msg>
<status status="PASS" starttime="20230109 11:34:50.200" endtime="20230109 11:34:50.200"/>
</kw>
<kw name="Set Variable" library="BuiltIn">
<var>${table}</var>
<arg>{"columns": ${columns}, "id":"${Table_ID}"}</arg>
<doc>Returns the given values which can then be assigned to a variables.</doc>
<msg timestamp="20230109 11:34:50.201" level="INFO">${table} = {"columns": [{"name": "Key","id":"c0","type":"Key"},{"name": "Unique","id":"c1","type":"Unique"},{"name": "None","id":"c2","type":"None"}], "id":"ATest1"}</msg>
<status status="PASS" starttime="20230109 11:34:50.201" endtime="20230109 11:34:50.201"/>
</kw>
<kw name="Convert To String" library="BuiltIn">
<var>${table}</var>
<arg>${table}</arg>
<doc>Converts the given item to a Unicode string.</doc>
<msg timestamp="20230109 11:34:50.202" level="INFO">${table} = {"columns": [{"name": "Key","id":"c0","type":"Key"},{"name": "Unique","id":"c1","type":"Unique"},{"name": "None","id":"c2","type":"None"}], "id":"ATest1"}</msg>
<status status="PASS" starttime="20230109 11:34:50.202" endtime="20230109 11:34:50.202"/>
</kw>
<kw name="POST-Create Table" library="EITK3_POST_Keywords">
<var>${POST_response}</var>
<arg>${table}</arg>
<kw name="Create Dictionary" library="BuiltIn">
<var>${headers}</var>
<arg>osiApiToken=${Token}</arg>
<arg>Content-Type=application/json</arg>
<doc>Creates and returns a dictionary based on the given ``items``.</doc>
<msg timestamp="20230109 11:34:50.203" level="INFO">${headers} = {'osiApiToken': '60ddc80ae2381a658bf5d87e:e031c694fe4d499bab7730485b83ce2f02e310a5b5cd9acb13850615ec7b2657', 'Content-Type': 'application/json'}</msg>
<status status="PASS" starttime="20230109 11:34:50.203" endtime="20230109 11:34:50.203"/>
</kw>
<kw name="POST On Session" library="RequestsLibrary">
<var>${response}</var>
<arg>Swagger</arg>
<arg>url=/eitk/api/v1/tables</arg>
<arg>data=${table}</arg>
<arg>headers=${headers}</arg>
<arg>expected_status=Anything</arg>
<arg>verify=${False}</arg>
<doc>Sends a POST request on a previously created HTTP Session.</doc>
<msg timestamp="20230109 11:34:50.303" level="INFO">POST Request : url=https://172.17.82.129:8443/eitk/api/v1/tables 
 path_url=/eitk/api/v1/tables 
 headers={'User-Agent': 'python-requests/2.28.1', 'Accept-Encoding': 'gzip, deflate', 'Accept': '*/*', 'Connection': 'keep-alive', 'osiApiToken': '60ddc80ae2381a658bf5d87e:e031c694fe4d499bab7730485b83ce2f02e310a5b5cd9acb13850615ec7b2657', 'Content-Type': 'application/json', 'Content-Length': '154'} 
 body={"columns": [{"name": "Key","id":"c0","type":"Key"},{"name": "Unique","id":"c1","type":"Unique"},{"name": "None","id":"c2","type":"None"}], "id":"ATest1"} 
 </msg>
<msg timestamp="20230109 11:34:50.303" level="INFO">POST Response : url=https://172.17.82.129:8443/eitk/api/v1/tables 
 status=201, reason=Created 
 headers={'Server': 'nginx', 'Date': 'Mon, 09 Jan 2023 17:34:50 GMT', 'Content-Type': 'application/json', 'Content-Length': '270', 'Connection': 'keep-alive', 'Location': 'https://172.17.82.129:8443/eitk/api/v1/tables/ATest1', 'X-Frame-Options': 'SAMEORIGIN', 'X-Content-Type-Options': 'nosniff', 'X-XSS-Protection': '1; mode=block', 'Strict-Transport-Security': 'max-age=31536000; includeSubDomains; preload', 'Pragma': 'no-cache', 'Cache-Control': 'no-cache, must-revalidate, private, no-store'} 
 body={
  "id" : "ATest1",
  "columns" : [ {
    "id" : "c0",
    "type" : "Key",
    "name" : "Key"
  }, {
    "id" : "c1",
    "type" : "Unique",
    "name" : "Unique"
  }, {
    "id" : "c2",
    "type" : "None",
    "name" : "None"
  } ],
  "lastModified" : 1673285690236
} 
 </msg>
<msg timestamp="20230109 11:34:50.303" level="INFO">C:\Users\acruz\AppData\Local\Programs\Python\Python310\lib\site-packages\urllib3\connectionpool.py:1045: InsecureRequestWarning: Unverified HTTPS request is being made to host '172.17.82.129'. Adding certificate verification is strongly advised. See: https://urllib3.readthedocs.io/en/1.26.x/advanced-usage.html#ssl-warnings
  warnings.warn(</msg>
<msg timestamp="20230109 11:34:50.304" level="INFO">${response} = &lt;Response [201]&gt;</msg>
<status status="PASS" starttime="20230109 11:34:50.203" endtime="20230109 11:34:50.304"/>
</kw>
<kw name="Return From Keyword" library="BuiltIn">
<arg>${response}</arg>
<doc>Returns from the enclosing user keyword.</doc>
<msg timestamp="20230109 11:34:50.305" level="INFO">Returning from the enclosing user keyword.</msg>
<status status="PASS" starttime="20230109 11:34:50.305" endtime="20230109 11:34:50.305"/>
</kw>
<msg timestamp="20230109 11:34:50.306" level="INFO">${POST_response} = &lt;Response [201]&gt;</msg>
<status status="PASS" starttime="20230109 11:34:50.203" endtime="20230109 11:34:50.306"/>
</kw>
<kw name="Status Should Be" library="RequestsLibrary">
<arg>201</arg>
<arg>${POST_response}</arg>
<doc>Fails if response status code is different than the expected.</doc>
<status status="PASS" starttime="20230109 11:34:50.306" endtime="20230109 11:34:50.306"/>
</kw>
<kw name="GET-Table with ID" library="EITK3_GET_Keywords">
<var>${GET_response}</var>
<arg>${Table_ID}</arg>
<kw name="Create Dictionary" library="BuiltIn">
<var>${headers}</var>
<arg>osiApiToken=${Token}</arg>
<arg>accept=application/json</arg>
<doc>Creates and returns a dictionary based on the given ``items``.</doc>
<msg timestamp="20230109 11:34:50.308" level="INFO">${headers} = {'osiApiToken': '60ddc80ae2381a658bf5d87e:e031c694fe4d499bab7730485b83ce2f02e310a5b5cd9acb13850615ec7b2657', 'accept': 'application/json'}</msg>
<status status="PASS" starttime="20230109 11:34:50.307" endtime="20230109 11:34:50.308"/>
</kw>
<kw name="GET On Session" library="RequestsLibrary">
<var>${response}</var>
<arg>Swagger</arg>
<arg>url=/eitk/api/v1/tables/${table_id}</arg>
<arg>headers=${headers}</arg>
<arg>verify=${False}</arg>
<doc>Sends a GET request on a previously created HTTP Session.</doc>
<msg timestamp="20230109 11:34:50.401" level="INFO">GET Request : url=https://172.17.82.129:8443/eitk/api/v1/tables/ATest1 
 path_url=/eitk/api/v1/tables/ATest1 
 headers={'User-Agent': 'python-requests/2.28.1', 'Accept-Encoding': 'gzip, deflate', 'accept': 'application/json', 'Connection': 'keep-alive', 'osiApiToken': '60ddc80ae2381a658bf5d87e:e031c694fe4d499bab7730485b83ce2f02e310a5b5cd9acb13850615ec7b2657'} 
 body=None 
 </msg>
<msg timestamp="20230109 11:34:50.401" level="INFO">GET Response : url=https://172.17.82.129:8443/eitk/api/v1/tables/ATest1 
 status=200, reason=OK 
 headers={'Server': 'nginx', 'Date': 'Mon, 09 Jan 2023 17:34:50 GMT', 'Content-Type': 'application/json', 'Content-Length': '270', 'Connection': 'keep-alive', 'X-Frame-Options': 'SAMEORIGIN', 'X-Content-Type-Options': 'nosniff', 'X-XSS-Protection': '1; mode=block', 'Strict-Transport-Security': 'max-age=31536000; includeSubDomains; preload', 'Pragma': 'no-cache', 'Cache-Control': 'no-cache, must-revalidate, private, no-store'} 
 body={
  "id" : "ATest1",
  "columns" : [ {
    "id" : "c0",
    "type" : "Key",
    "name" : "Key"
  }, {
    "id" : "c1",
    "type" : "Unique",
    "name" : "Unique"
  }, {
    "id" : "c2",
    "type" : "None",
    "name" : "None"
  } ],
  "lastModified" : 1673285690236
} 
 </msg>
<msg timestamp="20230109 11:34:50.401" level="INFO">C:\Users\acruz\AppData\Local\Programs\Python\Python310\lib\site-packages\urllib3\connectionpool.py:1045: InsecureRequestWarning: Unverified HTTPS request is being made to host '172.17.82.129'. Adding certificate verification is strongly advised. See: https://urllib3.readthedocs.io/en/1.26.x/advanced-usage.html#ssl-warnings
  warnings.warn(</msg>
<msg timestamp="20230109 11:34:50.402" level="INFO">${response} = &lt;Response [200]&gt;</msg>
<status status="PASS" starttime="20230109 11:34:50.308" endtime="20230109 11:34:50.402"/>
</kw>
<kw name="Return From Keyword" library="BuiltIn">
<arg>${response}</arg>
<doc>Returns from the enclosing user keyword.</doc>
<msg timestamp="20230109 11:34:50.403" level="INFO">Returning from the enclosing user keyword.</msg>
<status status="PASS" starttime="20230109 11:34:50.402" endtime="20230109 11:34:50.403"/>
</kw>
<msg timestamp="20230109 11:34:50.403" level="INFO">${GET_response} = &lt;Response [200]&gt;</msg>
<status status="PASS" starttime="20230109 11:34:50.307" endtime="20230109 11:34:50.403"/>
</kw>
<kw name="Status Should Be" library="RequestsLibrary">
<arg>200</arg>
<arg>${GET_response}</arg>
<doc>Fails if response status code is different than the expected.</doc>
<status status="PASS" starttime="20230109 11:34:50.404" endtime="20230109 11:34:50.404"/>
</kw>
<kw name="Check Table Attribute" library="EITK3_General_Endpoints_Keywords">
<arg>${GET_response}</arg>
<arg>${Table_ID}</arg>
<arg>$.id</arg>
<kw name="Convert To String" library="BuiltIn">
<var>${string}</var>
<arg>${response.content}</arg>
<doc>Converts the given item to a Unicode string.</doc>
<msg timestamp="20230109 11:34:50.406" level="INFO">${string} = {
  "id" : "ATest1",
  "columns" : [ {
    "id" : "c0",
    "type" : "Key",
    "name" : "Key"
  }, {
    "id" : "c1",
    "type" : "Unique",
    "name" : "Unique"
  }, {
    "id" : "c2",
    "type" :...</msg>
<status status="PASS" starttime="20230109 11:34:50.405" endtime="20230109 11:34:50.406"/>
</kw>
<kw name="Convert String To Json" library="JSONLibrary">
<var>${json_body}</var>
<arg>${string}</arg>
<doc>Convert String to JSON object</doc>
<msg timestamp="20230109 11:34:50.406" level="INFO">${json_body} = {'id': 'ATest1', 'columns': [{'id': 'c0', 'type': 'Key', 'name': 'Key'}, {'id': 'c1', 'type': 'Unique', 'name': 'Unique'}, {'id': 'c2', 'type': 'None', 'name': 'None'}], 'lastModified': 1673285690236}</msg>
<status status="PASS" starttime="20230109 11:34:50.406" endtime="20230109 11:34:50.406"/>
</kw>
<kw name="Get Value From Json" library="JSONLibrary">
<var>${value}</var>
<arg>${json_body}</arg>
<arg>${json_path}</arg>
<doc>Get Value From JSON using JSONPath</doc>
<msg timestamp="20230109 11:34:50.423" level="INFO">${value} = ['ATest1']</msg>
<status status="PASS" starttime="20230109 11:34:50.406" endtime="20230109 11:34:50.423"/>
</kw>
<kw name="Should Be Equal As Strings" library="BuiltIn">
<arg>${value[0]}</arg>
<arg>${attribute}</arg>
<doc>Fails if objects are unequal after converting them to strings.</doc>
<status status="PASS" starttime="20230109 11:34:50.424" endtime="20230109 11:34:50.424"/>
</kw>
<status status="PASS" starttime="20230109 11:34:50.405" endtime="20230109 11:34:50.424"/>
</kw>
<kw name="Check Table Columns Attribute" library="EITK3_General_Endpoints_Keywords">
<arg>${GET_response}</arg>
<arg>${c0_id}</arg>
<arg>0</arg>
<arg>id</arg>
<kw name="Convert To String" library="BuiltIn">
<var>${string}</var>
<arg>${response.content}</arg>
<doc>Converts the given item to a Unicode string.</doc>
<msg timestamp="20230109 11:34:50.425" level="INFO">${string} = {
  "id" : "ATest1",
  "columns" : [ {
    "id" : "c0",
    "type" : "Key",
    "name" : "Key"
  }, {
    "id" : "c1",
    "type" : "Unique",
    "name" : "Unique"
  }, {
    "id" : "c2",
    "type" :...</msg>
<status status="PASS" starttime="20230109 11:34:50.425" endtime="20230109 11:34:50.425"/>
</kw>
<kw name="Convert String To Json" library="JSONLibrary">
<var>${json_body}</var>
<arg>${string}</arg>
<doc>Convert String to JSON object</doc>
<msg timestamp="20230109 11:34:50.426" level="INFO">${json_body} = {'id': 'ATest1', 'columns': [{'id': 'c0', 'type': 'Key', 'name': 'Key'}, {'id': 'c1', 'type': 'Unique', 'name': 'Unique'}, {'id': 'c2', 'type': 'None', 'name': 'None'}], 'lastModified': 1673285690236}</msg>
<status status="PASS" starttime="20230109 11:34:50.426" endtime="20230109 11:34:50.426"/>
</kw>
<kw name="Get Value From Json" library="JSONLibrary">
<var>${value}</var>
<arg>${json_body}</arg>
<arg>$.columns[${column_number}].${json_path}</arg>
<doc>Get Value From JSON using JSONPath</doc>
<msg timestamp="20230109 11:34:50.449" level="INFO">${value} = ['c0']</msg>
<status status="PASS" starttime="20230109 11:34:50.426" endtime="20230109 11:34:50.449"/>
</kw>
<kw name="Should Be Equal As Strings" library="BuiltIn">
<arg>${value[0]}</arg>
<arg>${attribute}</arg>
<doc>Fails if objects are unequal after converting them to strings.</doc>
<status status="PASS" starttime="20230109 11:34:50.450" endtime="20230109 11:34:50.450"/>
</kw>
<status status="PASS" starttime="20230109 11:34:50.425" endtime="20230109 11:34:50.450"/>
</kw>
<kw name="Check Table Columns Attribute" library="EITK3_General_Endpoints_Keywords">
<arg>${GET_response}</arg>
<arg>${c0_type}</arg>
<arg>0</arg>
<arg>type</arg>
<kw name="Convert To String" library="BuiltIn">
<var>${string}</var>
<arg>${response.content}</arg>
<doc>Converts the given item to a Unicode string.</doc>
<msg timestamp="20230109 11:34:50.453" level="INFO">${string} = {
  "id" : "ATest1",
  "columns" : [ {
    "id" : "c0",
    "type" : "Key",
    "name" : "Key"
  }, {
    "id" : "c1",
    "type" : "Unique",
    "name" : "Unique"
  }, {
    "id" : "c2",
    "type" :...</msg>
<status status="PASS" starttime="20230109 11:34:50.452" endtime="20230109 11:34:50.453"/>
</kw>
<kw name="Convert String To Json" library="JSONLibrary">
<var>${json_body}</var>
<arg>${string}</arg>
<doc>Convert String to JSON object</doc>
<msg timestamp="20230109 11:34:50.453" level="INFO">${json_body} = {'id': 'ATest1', 'columns': [{'id': 'c0', 'type': 'Key', 'name': 'Key'}, {'id': 'c1', 'type': 'Unique', 'name': 'Unique'}, {'id': 'c2', 'type': 'None', 'name': 'None'}], 'lastModified': 1673285690236}</msg>
<status status="PASS" starttime="20230109 11:34:50.453" endtime="20230109 11:34:50.453"/>
</kw>
<kw name="Get Value From Json" library="JSONLibrary">
<var>${value}</var>
<arg>${json_body}</arg>
<arg>$.columns[${column_number}].${json_path}</arg>
<doc>Get Value From JSON using JSONPath</doc>
<msg timestamp="20230109 11:34:50.467" level="INFO">${value} = ['Key']</msg>
<status status="PASS" starttime="20230109 11:34:50.453" endtime="20230109 11:34:50.467"/>
</kw>
<kw name="Should Be Equal As Strings" library="BuiltIn">
<arg>${value[0]}</arg>
<arg>${attribute}</arg>
<doc>Fails if objects are unequal after converting them to strings.</doc>
<status status="PASS" starttime="20230109 11:34:50.467" endtime="20230109 11:34:50.468"/>
</kw>
<status status="PASS" starttime="20230109 11:34:50.451" endtime="20230109 11:34:50.468"/>
</kw>
<kw name="Check Table Columns Attribute" library="EITK3_General_Endpoints_Keywords">
<arg>${GET_response}</arg>
<arg>${c0_name}</arg>
<arg>0</arg>
<arg>name</arg>
<kw name="Convert To String" library="BuiltIn">
<var>${string}</var>
<arg>${response.content}</arg>
<doc>Converts the given item to a Unicode string.</doc>
<msg timestamp="20230109 11:34:50.470" level="INFO">${string} = {
  "id" : "ATest1",
  "columns" : [ {
    "id" : "c0",
    "type" : "Key",
    "name" : "Key"
  }, {
    "id" : "c1",
    "type" : "Unique",
    "name" : "Unique"
  }, {
    "id" : "c2",
    "type" :...</msg>
<status status="PASS" starttime="20230109 11:34:50.469" endtime="20230109 11:34:50.470"/>
</kw>
<kw name="Convert String To Json" library="JSONLibrary">
<var>${json_body}</var>
<arg>${string}</arg>
<doc>Convert String to JSON object</doc>
<msg timestamp="20230109 11:34:50.470" level="INFO">${json_body} = {'id': 'ATest1', 'columns': [{'id': 'c0', 'type': 'Key', 'name': 'Key'}, {'id': 'c1', 'type': 'Unique', 'name': 'Unique'}, {'id': 'c2', 'type': 'None', 'name': 'None'}], 'lastModified': 1673285690236}</msg>
<status status="PASS" starttime="20230109 11:34:50.470" endtime="20230109 11:34:50.470"/>
</kw>
<kw name="Get Value From Json" library="JSONLibrary">
<var>${value}</var>
<arg>${json_body}</arg>
<arg>$.columns[${column_number}].${json_path}</arg>
<doc>Get Value From JSON using JSONPath</doc>
<msg timestamp="20230109 11:34:50.482" level="INFO">${value} = ['Key']</msg>
<status status="PASS" starttime="20230109 11:34:50.470" endtime="20230109 11:34:50.482"/>
</kw>
<kw name="Should Be Equal As Strings" library="BuiltIn">
<arg>${value[0]}</arg>
<arg>${attribute}</arg>
<doc>Fails if objects are unequal after converting them to strings.</doc>
<status status="PASS" starttime="20230109 11:34:50.482" endtime="20230109 11:34:50.483"/>
</kw>
<status status="PASS" starttime="20230109 11:34:50.469" endtime="20230109 11:34:50.483"/>
</kw>
<kw name="Check Table Columns Attribute" library="EITK3_General_Endpoints_Keywords">
<arg>${GET_response}</arg>
<arg>${c1_id}</arg>
<arg>1</arg>
<arg>id</arg>
<kw name="Convert To String" library="BuiltIn">
<var>${string}</var>
<arg>${response.content}</arg>
<doc>Converts the given item to a Unicode string.</doc>
<msg timestamp="20230109 11:34:50.484" level="INFO">${string} = {
  "id" : "ATest1",
  "columns" : [ {
    "id" : "c0",
    "type" : "Key",
    "name" : "Key"
  }, {
    "id" : "c1",
    "type" : "Unique",
    "name" : "Unique"
  }, {
    "id" : "c2",
    "type" :...</msg>
<status status="PASS" starttime="20230109 11:34:50.484" endtime="20230109 11:34:50.484"/>
</kw>
<kw name="Convert String To Json" library="JSONLibrary">
<var>${json_body}</var>
<arg>${string}</arg>
<doc>Convert String to JSON object</doc>
<msg timestamp="20230109 11:34:50.486" level="INFO">${json_body} = {'id': 'ATest1', 'columns': [{'id': 'c0', 'type': 'Key', 'name': 'Key'}, {'id': 'c1', 'type': 'Unique', 'name': 'Unique'}, {'id': 'c2', 'type': 'None', 'name': 'None'}], 'lastModified': 1673285690236}</msg>
<status status="PASS" starttime="20230109 11:34:50.486" endtime="20230109 11:34:50.486"/>
</kw>
<kw name="Get Value From Json" library="JSONLibrary">
<var>${value}</var>
<arg>${json_body}</arg>
<arg>$.columns[${column_number}].${json_path}</arg>
<doc>Get Value From JSON using JSONPath</doc>
<msg timestamp="20230109 11:34:50.500" level="INFO">${value} = ['c1']</msg>
<status status="PASS" starttime="20230109 11:34:50.486" endtime="20230109 11:34:50.500"/>
</kw>
<kw name="Should Be Equal As Strings" library="BuiltIn">
<arg>${value[0]}</arg>
<arg>${attribute}</arg>
<doc>Fails if objects are unequal after converting them to strings.</doc>
<status status="PASS" starttime="20230109 11:34:50.500" endtime="20230109 11:34:50.501"/>
</kw>
<status status="PASS" starttime="20230109 11:34:50.484" endtime="20230109 11:34:50.501"/>
</kw>
<kw name="Check Table Columns Attribute" library="EITK3_General_Endpoints_Keywords">
<arg>${GET_response}</arg>
<arg>${c1_type}</arg>
<arg>1</arg>
<arg>type</arg>
<kw name="Convert To String" library="BuiltIn">
<var>${string}</var>
<arg>${response.content}</arg>
<doc>Converts the given item to a Unicode string.</doc>
<msg timestamp="20230109 11:34:50.502" level="INFO">${string} = {
  "id" : "ATest1",
  "columns" : [ {
    "id" : "c0",
    "type" : "Key",
    "name" : "Key"
  }, {
    "id" : "c1",
    "type" : "Unique",
    "name" : "Unique"
  }, {
    "id" : "c2",
    "type" :...</msg>
<status status="PASS" starttime="20230109 11:34:50.502" endtime="20230109 11:34:50.502"/>
</kw>
<kw name="Convert String To Json" library="JSONLibrary">
<var>${json_body}</var>
<arg>${string}</arg>
<doc>Convert String to JSON object</doc>
<msg timestamp="20230109 11:34:50.503" level="INFO">${json_body} = {'id': 'ATest1', 'columns': [{'id': 'c0', 'type': 'Key', 'name': 'Key'}, {'id': 'c1', 'type': 'Unique', 'name': 'Unique'}, {'id': 'c2', 'type': 'None', 'name': 'None'}], 'lastModified': 1673285690236}</msg>
<status status="PASS" starttime="20230109 11:34:50.502" endtime="20230109 11:34:50.503"/>
</kw>
<kw name="Get Value From Json" library="JSONLibrary">
<var>${value}</var>
<arg>${json_body}</arg>
<arg>$.columns[${column_number}].${json_path}</arg>
<doc>Get Value From JSON using JSONPath</doc>
<msg timestamp="20230109 11:34:50.516" level="INFO">${value} = ['Unique']</msg>
<status status="PASS" starttime="20230109 11:34:50.503" endtime="20230109 11:34:50.516"/>
</kw>
<kw name="Should Be Equal As Strings" library="BuiltIn">
<arg>${value[0]}</arg>
<arg>${attribute}</arg>
<doc>Fails if objects are unequal after converting them to strings.</doc>
<status status="PASS" starttime="20230109 11:34:50.516" endtime="20230109 11:34:50.517"/>
</kw>
<status status="PASS" starttime="20230109 11:34:50.502" endtime="20230109 11:34:50.517"/>
</kw>
<kw name="Check Table Columns Attribute" library="EITK3_General_Endpoints_Keywords">
<arg>${GET_response}</arg>
<arg>${c1_name}</arg>
<arg>1</arg>
<arg>name</arg>
<kw name="Convert To String" library="BuiltIn">
<var>${string}</var>
<arg>${response.content}</arg>
<doc>Converts the given item to a Unicode string.</doc>
<msg timestamp="20230109 11:34:50.518" level="INFO">${string} = {
  "id" : "ATest1",
  "columns" : [ {
    "id" : "c0",
    "type" : "Key",
    "name" : "Key"
  }, {
    "id" : "c1",
    "type" : "Unique",
    "name" : "Unique"
  }, {
    "id" : "c2",
    "type" :...</msg>
<status status="PASS" starttime="20230109 11:34:50.518" endtime="20230109 11:34:50.518"/>
</kw>
<kw name="Convert String To Json" library="JSONLibrary">
<var>${json_body}</var>
<arg>${string}</arg>
<doc>Convert String to JSON object</doc>
<msg timestamp="20230109 11:34:50.519" level="INFO">${json_body} = {'id': 'ATest1', 'columns': [{'id': 'c0', 'type': 'Key', 'name': 'Key'}, {'id': 'c1', 'type': 'Unique', 'name': 'Unique'}, {'id': 'c2', 'type': 'None', 'name': 'None'}], 'lastModified': 1673285690236}</msg>
<status status="PASS" starttime="20230109 11:34:50.519" endtime="20230109 11:34:50.519"/>
</kw>
<kw name="Get Value From Json" library="JSONLibrary">
<var>${value}</var>
<arg>${json_body}</arg>
<arg>$.columns[${column_number}].${json_path}</arg>
<doc>Get Value From JSON using JSONPath</doc>
<msg timestamp="20230109 11:34:50.533" level="INFO">${value} = ['Unique']</msg>
<status status="PASS" starttime="20230109 11:34:50.519" endtime="20230109 11:34:50.533"/>
</kw>
<kw name="Should Be Equal As Strings" library="BuiltIn">
<arg>${value[0]}</arg>
<arg>${attribute}</arg>
<doc>Fails if objects are unequal after converting them to strings.</doc>
<status status="PASS" starttime="20230109 11:34:50.534" endtime="20230109 11:34:50.534"/>
</kw>
<status status="PASS" starttime="20230109 11:34:50.518" endtime="20230109 11:34:50.534"/>
</kw>
<kw name="Check Table Columns Attribute" library="EITK3_General_Endpoints_Keywords">
<arg>${GET_response}</arg>
<arg>${c2_id}</arg>
<arg>2</arg>
<arg>id</arg>
<kw name="Convert To String" library="BuiltIn">
<var>${string}</var>
<arg>${response.content}</arg>
<doc>Converts the given item to a Unicode string.</doc>
<msg timestamp="20230109 11:34:50.535" level="INFO">${string} = {
  "id" : "ATest1",
  "columns" : [ {
    "id" : "c0",
    "type" : "Key",
    "name" : "Key"
  }, {
    "id" : "c1",
    "type" : "Unique",
    "name" : "Unique"
  }, {
    "id" : "c2",
    "type" :...</msg>
<status status="PASS" starttime="20230109 11:34:50.535" endtime="20230109 11:34:50.535"/>
</kw>
<kw name="Convert String To Json" library="JSONLibrary">
<var>${json_body}</var>
<arg>${string}</arg>
<doc>Convert String to JSON object</doc>
<msg timestamp="20230109 11:34:50.536" level="INFO">${json_body} = {'id': 'ATest1', 'columns': [{'id': 'c0', 'type': 'Key', 'name': 'Key'}, {'id': 'c1', 'type': 'Unique', 'name': 'Unique'}, {'id': 'c2', 'type': 'None', 'name': 'None'}], 'lastModified': 1673285690236}</msg>
<status status="PASS" starttime="20230109 11:34:50.535" endtime="20230109 11:34:50.536"/>
</kw>
<kw name="Get Value From Json" library="JSONLibrary">
<var>${value}</var>
<arg>${json_body}</arg>
<arg>$.columns[${column_number}].${json_path}</arg>
<doc>Get Value From JSON using JSONPath</doc>
<msg timestamp="20230109 11:34:50.553" level="INFO">${value} = ['c2']</msg>
<status status="PASS" starttime="20230109 11:34:50.536" endtime="20230109 11:34:50.553"/>
</kw>
<kw name="Should Be Equal As Strings" library="BuiltIn">
<arg>${value[0]}</arg>
<arg>${attribute}</arg>
<doc>Fails if objects are unequal after converting them to strings.</doc>
<status status="PASS" starttime="20230109 11:34:50.554" endtime="20230109 11:34:50.554"/>
</kw>
<status status="PASS" starttime="20230109 11:34:50.535" endtime="20230109 11:34:50.554"/>
</kw>
<kw name="Check Table Columns Attribute" library="EITK3_General_Endpoints_Keywords">
<arg>${GET_response}</arg>
<arg>${c2_type}</arg>
<arg>2</arg>
<arg>type</arg>
<kw name="Convert To String" library="BuiltIn">
<var>${string}</var>
<arg>${response.content}</arg>
<doc>Converts the given item to a Unicode string.</doc>
<msg timestamp="20230109 11:34:50.556" level="INFO">${string} = {
  "id" : "ATest1",
  "columns" : [ {
    "id" : "c0",
    "type" : "Key",
    "name" : "Key"
  }, {
    "id" : "c1",
    "type" : "Unique",
    "name" : "Unique"
  }, {
    "id" : "c2",
    "type" :...</msg>
<status status="PASS" starttime="20230109 11:34:50.555" endtime="20230109 11:34:50.556"/>
</kw>
<kw name="Convert String To Json" library="JSONLibrary">
<var>${json_body}</var>
<arg>${string}</arg>
<doc>Convert String to JSON object</doc>
<msg timestamp="20230109 11:34:50.556" level="INFO">${json_body} = {'id': 'ATest1', 'columns': [{'id': 'c0', 'type': 'Key', 'name': 'Key'}, {'id': 'c1', 'type': 'Unique', 'name': 'Unique'}, {'id': 'c2', 'type': 'None', 'name': 'None'}], 'lastModified': 1673285690236}</msg>
<status status="PASS" starttime="20230109 11:34:50.556" endtime="20230109 11:34:50.556"/>
</kw>
<kw name="Get Value From Json" library="JSONLibrary">
<var>${value}</var>
<arg>${json_body}</arg>
<arg>$.columns[${column_number}].${json_path}</arg>
<doc>Get Value From JSON using JSONPath</doc>
<msg timestamp="20230109 11:34:50.570" level="INFO">${value} = ['None']</msg>
<status status="PASS" starttime="20230109 11:34:50.556" endtime="20230109 11:34:50.570"/>
</kw>
<kw name="Should Be Equal As Strings" library="BuiltIn">
<arg>${value[0]}</arg>
<arg>${attribute}</arg>
<doc>Fails if objects are unequal after converting them to strings.</doc>
<status status="PASS" starttime="20230109 11:34:50.570" endtime="20230109 11:34:50.571"/>
</kw>
<status status="PASS" starttime="20230109 11:34:50.555" endtime="20230109 11:34:50.571"/>
</kw>
<kw name="Check Table Columns Attribute" library="EITK3_General_Endpoints_Keywords">
<arg>${GET_response}</arg>
<arg>${c2_name}</arg>
<arg>2</arg>
<arg>name</arg>
<kw name="Convert To String" library="BuiltIn">
<var>${string}</var>
<arg>${response.content}</arg>
<doc>Converts the given item to a Unicode string.</doc>
<msg timestamp="20230109 11:34:50.572" level="INFO">${string} = {
  "id" : "ATest1",
  "columns" : [ {
    "id" : "c0",
    "type" : "Key",
    "name" : "Key"
  }, {
    "id" : "c1",
    "type" : "Unique",
    "name" : "Unique"
  }, {
    "id" : "c2",
    "type" :...</msg>
<status status="PASS" starttime="20230109 11:34:50.572" endtime="20230109 11:34:50.572"/>
</kw>
<kw name="Convert String To Json" library="JSONLibrary">
<var>${json_body}</var>
<arg>${string}</arg>
<doc>Convert String to JSON object</doc>
<msg timestamp="20230109 11:34:50.572" level="INFO">${json_body} = {'id': 'ATest1', 'columns': [{'id': 'c0', 'type': 'Key', 'name': 'Key'}, {'id': 'c1', 'type': 'Unique', 'name': 'Unique'}, {'id': 'c2', 'type': 'None', 'name': 'None'}], 'lastModified': 1673285690236}</msg>
<status status="PASS" starttime="20230109 11:34:50.572" endtime="20230109 11:34:50.572"/>
</kw>
<kw name="Get Value From Json" library="JSONLibrary">
<var>${value}</var>
<arg>${json_body}</arg>
<arg>$.columns[${column_number}].${json_path}</arg>
<doc>Get Value From JSON using JSONPath</doc>
<msg timestamp="20230109 11:34:50.586" level="INFO">${value} = ['None']</msg>
<status status="PASS" starttime="20230109 11:34:50.572" endtime="20230109 11:34:50.586"/>
</kw>
<kw name="Should Be Equal As Strings" library="BuiltIn">
<arg>${value[0]}</arg>
<arg>${attribute}</arg>
<doc>Fails if objects are unequal after converting them to strings.</doc>
<status status="PASS" starttime="20230109 11:34:50.587" endtime="20230109 11:34:50.587"/>
</kw>
<status status="PASS" starttime="20230109 11:34:50.572" endtime="20230109 11:34:50.587"/>
</kw>
<kw name="Set Variable" library="BuiltIn">
<var>${c1_type}</var>
<arg>None</arg>
<doc>Returns the given values which can then be assigned to a variables.</doc>
<msg timestamp="20230109 11:34:50.588" level="INFO">${c1_type} = None</msg>
<status status="PASS" starttime="20230109 11:34:50.588" endtime="20230109 11:34:50.588"/>
</kw>
<kw name="Set Variable" library="BuiltIn">
<var>${c2_type}</var>
<arg>Unique</arg>
<doc>Returns the given values which can then be assigned to a variables.</doc>
<msg timestamp="20230109 11:34:50.589" level="INFO">${c2_type} = Unique</msg>
<status status="PASS" starttime="20230109 11:34:50.589" endtime="20230109 11:34:50.589"/>
</kw>
<kw name="Set Variable" library="BuiltIn">
<var>${c1}</var>
<arg>{"name": "${c1_name}","id":"${c1_id}","type":"${c1_type}"}</arg>
<doc>Returns the given values which can then be assigned to a variables.</doc>
<msg timestamp="20230109 11:34:50.590" level="INFO">${c1} = {"name": "Unique","id":"c1","type":"None"}</msg>
<status status="PASS" starttime="20230109 11:34:50.590" endtime="20230109 11:34:50.590"/>
</kw>
<kw name="Set Variable" library="BuiltIn">
<var>${c2}</var>
<arg>{"name": "${c2_name}","id":"${c2_id}","type":"${c2_type}"}</arg>
<doc>Returns the given values which can then be assigned to a variables.</doc>
<msg timestamp="20230109 11:34:50.590" level="INFO">${c2} = {"name": "None","id":"c2","type":"Unique"}</msg>
<status status="PASS" starttime="20230109 11:34:50.590" endtime="20230109 11:34:50.590"/>
</kw>
<kw name="Set Variable" library="BuiltIn">
<var>${columns}</var>
<arg>[${c0},${c1},${c2}]</arg>
<doc>Returns the given values which can then be assigned to a variables.</doc>
<msg timestamp="20230109 11:34:50.591" level="INFO">${columns} = [{"name": "Key","id":"c0","type":"Key"},{"name": "Unique","id":"c1","type":"None"},{"name": "None","id":"c2","type":"Unique"}]</msg>
<status status="PASS" starttime="20230109 11:34:50.591" endtime="20230109 11:34:50.591"/>
</kw>
<kw name="Set Variable" library="BuiltIn">
<var>${table}</var>
<arg>{"columns": ${columns}, "id":"${Table_ID}"}</arg>
<doc>Returns the given values which can then be assigned to a variables.</doc>
<msg timestamp="20230109 11:34:50.592" level="INFO">${table} = {"columns": [{"name": "Key","id":"c0","type":"Key"},{"name": "Unique","id":"c1","type":"None"},{"name": "None","id":"c2","type":"Unique"}], "id":"ATest1"}</msg>
<status status="PASS" starttime="20230109 11:34:50.592" endtime="20230109 11:34:50.592"/>
</kw>
<kw name="Convert To String" library="BuiltIn">
<var>${updated_table}</var>
<arg>${table}</arg>
<doc>Converts the given item to a Unicode string.</doc>
<msg timestamp="20230109 11:34:50.592" level="INFO">${updated_table} = {"columns": [{"name": "Key","id":"c0","type":"Key"},{"name": "Unique","id":"c1","type":"None"},{"name": "None","id":"c2","type":"Unique"}], "id":"ATest1"}</msg>
<status status="PASS" starttime="20230109 11:34:50.592" endtime="20230109 11:34:50.592"/>
</kw>
<kw name="PUT-Update Table" library="EITK3_PUT_Keywords">
<var>${PUT_response}</var>
<arg>${Table_ID}</arg>
<arg>${updated_table}</arg>
<kw name="Create Dictionary" library="BuiltIn">
<var>${headers}</var>
<arg>osiApiToken=${Token}</arg>
<arg>Content-Type=application/json</arg>
<doc>Creates and returns a dictionary based on the given ``items``.</doc>
<msg timestamp="20230109 11:34:50.593" level="INFO">${headers} = {'osiApiToken': '60ddc80ae2381a658bf5d87e:e031c694fe4d499bab7730485b83ce2f02e310a5b5cd9acb13850615ec7b2657', 'Content-Type': 'application/json'}</msg>
<status status="PASS" starttime="20230109 11:34:50.593" endtime="20230109 11:34:50.593"/>
</kw>
<kw name="PUT On Session" library="RequestsLibrary">
<var>${response}</var>
<arg>Swagger</arg>
<arg>url=/eitk/api/v1/tables/${table_id}</arg>
<arg>data=${table}</arg>
<arg>headers=${headers}</arg>
<arg>expected_status=Anything</arg>
<arg>verify=${False}</arg>
<doc>Sends a PUT request on a previously created HTTP Session.</doc>
<msg timestamp="20230109 11:34:51.356" level="INFO">PUT Request : url=https://172.17.82.129:8443/eitk/api/v1/tables/ATest1 
 path_url=/eitk/api/v1/tables/ATest1 
 headers={'User-Agent': 'python-requests/2.28.1', 'Accept-Encoding': 'gzip, deflate', 'Accept': '*/*', 'Connection': 'keep-alive', 'osiApiToken': '60ddc80ae2381a658bf5d87e:e031c694fe4d499bab7730485b83ce2f02e310a5b5cd9acb13850615ec7b2657', 'Content-Type': 'application/json', 'Content-Length': '154'} 
 body={"columns": [{"name": "Key","id":"c0","type":"Key"},{"name": "Unique","id":"c1","type":"None"},{"name": "None","id":"c2","type":"Unique"}], "id":"ATest1"} 
 </msg>
<msg timestamp="20230109 11:34:51.356" level="INFO">PUT Response : url=https://172.17.82.129:8443/eitk/api/v1/tables/ATest1 
 status=200, reason=OK 
 headers={'Server': 'nginx', 'Date': 'Mon, 09 Jan 2023 17:34:51 GMT', 'Content-Type': 'application/json', 'Content-Length': '270', 'Connection': 'keep-alive', 'X-Frame-Options': 'SAMEORIGIN', 'X-Content-Type-Options': 'nosniff', 'X-XSS-Protection': '1; mode=block', 'Strict-Transport-Security': 'max-age=31536000; includeSubDomains; preload', 'Pragma': 'no-cache', 'Cache-Control': 'no-cache, must-revalidate, private, no-store'} 
 body={
  "id" : "ATest1",
  "columns" : [ {
    "id" : "c0",
    "type" : "Key",
    "name" : "Key"
  }, {
    "id" : "c1",
    "type" : "None",
    "name" : "Unique"
  }, {
    "id" : "c2",
    "type" : "Unique",
    "name" : "None"
  } ],
  "lastModified" : 1673285690618
} 
 </msg>
<msg timestamp="20230109 11:34:51.356" level="INFO">C:\Users\acruz\AppData\Local\Programs\Python\Python310\lib\site-packages\urllib3\connectionpool.py:1045: InsecureRequestWarning: Unverified HTTPS request is being made to host '172.17.82.129'. Adding certificate verification is strongly advised. See: https://urllib3.readthedocs.io/en/1.26.x/advanced-usage.html#ssl-warnings
  warnings.warn(</msg>
<msg timestamp="20230109 11:34:51.358" level="INFO">${response} = &lt;Response [200]&gt;</msg>
<status status="PASS" starttime="20230109 11:34:50.593" endtime="20230109 11:34:51.358"/>
</kw>
<kw name="Return From Keyword" library="BuiltIn">
<arg>${response}</arg>
<doc>Returns from the enclosing user keyword.</doc>
<msg timestamp="20230109 11:34:51.358" level="INFO">Returning from the enclosing user keyword.</msg>
<status status="PASS" starttime="20230109 11:34:51.358" endtime="20230109 11:34:51.358"/>
</kw>
<msg timestamp="20230109 11:34:51.358" level="INFO">${PUT_response} = &lt;Response [200]&gt;</msg>
<status status="PASS" starttime="20230109 11:34:50.593" endtime="20230109 11:34:51.358"/>
</kw>
<kw name="Status Should Be" library="RequestsLibrary">
<arg>200</arg>
<arg>${PUT_response}</arg>
<doc>Fails if response status code is different than the expected.</doc>
<status status="PASS" starttime="20230109 11:34:51.359" endtime="20230109 11:34:51.359"/>
</kw>
<kw name="Check Table Attribute" library="EITK3_General_Endpoints_Keywords">
<arg>${PUT_response}</arg>
<arg>${Table_ID}</arg>
<arg>$.id</arg>
<kw name="Convert To String" library="BuiltIn">
<var>${string}</var>
<arg>${response.content}</arg>
<doc>Converts the given item to a Unicode string.</doc>
<msg timestamp="20230109 11:34:51.362" level="INFO">${string} = {
  "id" : "ATest1",
  "columns" : [ {
    "id" : "c0",
    "type" : "Key",
    "name" : "Key"
  }, {
    "id" : "c1",
    "type" : "None",
    "name" : "Unique"
  }, {
    "id" : "c2",
    "type" : "...</msg>
<status status="PASS" starttime="20230109 11:34:51.361" endtime="20230109 11:34:51.362"/>
</kw>
<kw name="Convert String To Json" library="JSONLibrary">
<var>${json_body}</var>
<arg>${string}</arg>
<doc>Convert String to JSON object</doc>
<msg timestamp="20230109 11:34:51.362" level="INFO">${json_body} = {'id': 'ATest1', 'columns': [{'id': 'c0', 'type': 'Key', 'name': 'Key'}, {'id': 'c1', 'type': 'None', 'name': 'Unique'}, {'id': 'c2', 'type': 'Unique', 'name': 'None'}], 'lastModified': 1673285690618}</msg>
<status status="PASS" starttime="20230109 11:34:51.362" endtime="20230109 11:34:51.362"/>
</kw>
<kw name="Get Value From Json" library="JSONLibrary">
<var>${value}</var>
<arg>${json_body}</arg>
<arg>${json_path}</arg>
<doc>Get Value From JSON using JSONPath</doc>
<msg timestamp="20230109 11:34:51.378" level="INFO">${value} = ['ATest1']</msg>
<status status="PASS" starttime="20230109 11:34:51.362" endtime="20230109 11:34:51.378"/>
</kw>
<kw name="Should Be Equal As Strings" library="BuiltIn">
<arg>${value[0]}</arg>
<arg>${attribute}</arg>
<doc>Fails if objects are unequal after converting them to strings.</doc>
<status status="PASS" starttime="20230109 11:34:51.378" endtime="20230109 11:34:51.379"/>
</kw>
<status status="PASS" starttime="20230109 11:34:51.360" endtime="20230109 11:34:51.379"/>
</kw>
<kw name="Check Table Columns Attribute" library="EITK3_General_Endpoints_Keywords">
<arg>${PUT_response}</arg>
<arg>${c0_id}</arg>
<arg>0</arg>
<arg>id</arg>
<kw name="Convert To String" library="BuiltIn">
<var>${string}</var>
<arg>${response.content}</arg>
<doc>Converts the given item to a Unicode string.</doc>
<msg timestamp="20230109 11:34:51.380" level="INFO">${string} = {
  "id" : "ATest1",
  "columns" : [ {
    "id" : "c0",
    "type" : "Key",
    "name" : "Key"
  }, {
    "id" : "c1",
    "type" : "None",
    "name" : "Unique"
  }, {
    "id" : "c2",
    "type" : "...</msg>
<status status="PASS" starttime="20230109 11:34:51.380" endtime="20230109 11:34:51.380"/>
</kw>
<kw name="Convert String To Json" library="JSONLibrary">
<var>${json_body}</var>
<arg>${string}</arg>
<doc>Convert String to JSON object</doc>
<msg timestamp="20230109 11:34:51.381" level="INFO">${json_body} = {'id': 'ATest1', 'columns': [{'id': 'c0', 'type': 'Key', 'name': 'Key'}, {'id': 'c1', 'type': 'None', 'name': 'Unique'}, {'id': 'c2', 'type': 'Unique', 'name': 'None'}], 'lastModified': 1673285690618}</msg>
<status status="PASS" starttime="20230109 11:34:51.380" endtime="20230109 11:34:51.381"/>
</kw>
<kw name="Get Value From Json" library="JSONLibrary">
<var>${value}</var>
<arg>${json_body}</arg>
<arg>$.columns[${column_number}].${json_path}</arg>
<doc>Get Value From JSON using JSONPath</doc>
<msg timestamp="20230109 11:34:51.393" level="INFO">${value} = ['c0']</msg>
<status status="PASS" starttime="20230109 11:34:51.381" endtime="20230109 11:34:51.393"/>
</kw>
<kw name="Should Be Equal As Strings" library="BuiltIn">
<arg>${value[0]}</arg>
<arg>${attribute}</arg>
<doc>Fails if objects are unequal after converting them to strings.</doc>
<status status="PASS" starttime="20230109 11:34:51.393" endtime="20230109 11:34:51.394"/>
</kw>
<status status="PASS" starttime="20230109 11:34:51.380" endtime="20230109 11:34:51.394"/>
</kw>
<kw name="Check Table Columns Attribute" library="EITK3_General_Endpoints_Keywords">
<arg>${PUT_response}</arg>
<arg>${c0_type}</arg>
<arg>0</arg>
<arg>type</arg>
<kw name="Convert To String" library="BuiltIn">
<var>${string}</var>
<arg>${response.content}</arg>
<doc>Converts the given item to a Unicode string.</doc>
<msg timestamp="20230109 11:34:51.396" level="INFO">${string} = {
  "id" : "ATest1",
  "columns" : [ {
    "id" : "c0",
    "type" : "Key",
    "name" : "Key"
  }, {
    "id" : "c1",
    "type" : "None",
    "name" : "Unique"
  }, {
    "id" : "c2",
    "type" : "...</msg>
<status status="PASS" starttime="20230109 11:34:51.395" endtime="20230109 11:34:51.396"/>
</kw>
<kw name="Convert String To Json" library="JSONLibrary">
<var>${json_body}</var>
<arg>${string}</arg>
<doc>Convert String to JSON object</doc>
<msg timestamp="20230109 11:34:51.396" level="INFO">${json_body} = {'id': 'ATest1', 'columns': [{'id': 'c0', 'type': 'Key', 'name': 'Key'}, {'id': 'c1', 'type': 'None', 'name': 'Unique'}, {'id': 'c2', 'type': 'Unique', 'name': 'None'}], 'lastModified': 1673285690618}</msg>
<status status="PASS" starttime="20230109 11:34:51.396" endtime="20230109 11:34:51.396"/>
</kw>
<kw name="Get Value From Json" library="JSONLibrary">
<var>${value}</var>
<arg>${json_body}</arg>
<arg>$.columns[${column_number}].${json_path}</arg>
<doc>Get Value From JSON using JSONPath</doc>
<msg timestamp="20230109 11:34:51.409" level="INFO">${value} = ['Key']</msg>
<status status="PASS" starttime="20230109 11:34:51.396" endtime="20230109 11:34:51.409"/>
</kw>
<kw name="Should Be Equal As Strings" library="BuiltIn">
<arg>${value[0]}</arg>
<arg>${attribute}</arg>
<doc>Fails if objects are unequal after converting them to strings.</doc>
<status status="PASS" starttime="20230109 11:34:51.409" endtime="20230109 11:34:51.410"/>
</kw>
<status status="PASS" starttime="20230109 11:34:51.395" endtime="20230109 11:34:51.410"/>
</kw>
<kw name="Check Table Columns Attribute" library="EITK3_General_Endpoints_Keywords">
<arg>${PUT_response}</arg>
<arg>${c0_name}</arg>
<arg>0</arg>
<arg>name</arg>
<kw name="Convert To String" library="BuiltIn">
<var>${string}</var>
<arg>${response.content}</arg>
<doc>Converts the given item to a Unicode string.</doc>
<msg timestamp="20230109 11:34:51.412" level="INFO">${string} = {
  "id" : "ATest1",
  "columns" : [ {
    "id" : "c0",
    "type" : "Key",
    "name" : "Key"
  }, {
    "id" : "c1",
    "type" : "None",
    "name" : "Unique"
  }, {
    "id" : "c2",
    "type" : "...</msg>
<status status="PASS" starttime="20230109 11:34:51.411" endtime="20230109 11:34:51.412"/>
</kw>
<kw name="Convert String To Json" library="JSONLibrary">
<var>${json_body}</var>
<arg>${string}</arg>
<doc>Convert String to JSON object</doc>
<msg timestamp="20230109 11:34:51.412" level="INFO">${json_body} = {'id': 'ATest1', 'columns': [{'id': 'c0', 'type': 'Key', 'name': 'Key'}, {'id': 'c1', 'type': 'None', 'name': 'Unique'}, {'id': 'c2', 'type': 'Unique', 'name': 'None'}], 'lastModified': 1673285690618}</msg>
<status status="PASS" starttime="20230109 11:34:51.412" endtime="20230109 11:34:51.412"/>
</kw>
<kw name="Get Value From Json" library="JSONLibrary">
<var>${value}</var>
<arg>${json_body}</arg>
<arg>$.columns[${column_number}].${json_path}</arg>
<doc>Get Value From JSON using JSONPath</doc>
<msg timestamp="20230109 11:34:51.425" level="INFO">${value} = ['Key']</msg>
<status status="PASS" starttime="20230109 11:34:51.412" endtime="20230109 11:34:51.425"/>
</kw>
<kw name="Should Be Equal As Strings" library="BuiltIn">
<arg>${value[0]}</arg>
<arg>${attribute}</arg>
<doc>Fails if objects are unequal after converting them to strings.</doc>
<status status="PASS" starttime="20230109 11:34:51.426" endtime="20230109 11:34:51.427"/>
</kw>
<status status="PASS" starttime="20230109 11:34:51.410" endtime="20230109 11:34:51.427"/>
</kw>
<kw name="Check Table Columns Attribute" library="EITK3_General_Endpoints_Keywords">
<arg>${PUT_response}</arg>
<arg>${c1_id}</arg>
<arg>1</arg>
<arg>id</arg>
<kw name="Convert To String" library="BuiltIn">
<var>${string}</var>
<arg>${response.content}</arg>
<doc>Converts the given item to a Unicode string.</doc>
<msg timestamp="20230109 11:34:51.430" level="INFO">${string} = {
  "id" : "ATest1",
  "columns" : [ {
    "id" : "c0",
    "type" : "Key",
    "name" : "Key"
  }, {
    "id" : "c1",
    "type" : "None",
    "name" : "Unique"
  }, {
    "id" : "c2",
    "type" : "...</msg>
<status status="PASS" starttime="20230109 11:34:51.429" endtime="20230109 11:34:51.430"/>
</kw>
<kw name="Convert String To Json" library="JSONLibrary">
<var>${json_body}</var>
<arg>${string}</arg>
<doc>Convert String to JSON object</doc>
<msg timestamp="20230109 11:34:51.430" level="INFO">${json_body} = {'id': 'ATest1', 'columns': [{'id': 'c0', 'type': 'Key', 'name': 'Key'}, {'id': 'c1', 'type': 'None', 'name': 'Unique'}, {'id': 'c2', 'type': 'Unique', 'name': 'None'}], 'lastModified': 1673285690618}</msg>
<status status="PASS" starttime="20230109 11:34:51.430" endtime="20230109 11:34:51.430"/>
</kw>
<kw name="Get Value From Json" library="JSONLibrary">
<var>${value}</var>
<arg>${json_body}</arg>
<arg>$.columns[${column_number}].${json_path}</arg>
<doc>Get Value From JSON using JSONPath</doc>
<msg timestamp="20230109 11:34:51.444" level="INFO">${value} = ['c1']</msg>
<status status="PASS" starttime="20230109 11:34:51.430" endtime="20230109 11:34:51.444"/>
</kw>
<kw name="Should Be Equal As Strings" library="BuiltIn">
<arg>${value[0]}</arg>
<arg>${attribute}</arg>
<doc>Fails if objects are unequal after converting them to strings.</doc>
<status status="PASS" starttime="20230109 11:34:51.444" endtime="20230109 11:34:51.445"/>
</kw>
<status status="PASS" starttime="20230109 11:34:51.428" endtime="20230109 11:34:51.445"/>
</kw>
<kw name="Check Table Columns Attribute" library="EITK3_General_Endpoints_Keywords">
<arg>${PUT_response}</arg>
<arg>${c1_type}</arg>
<arg>1</arg>
<arg>type</arg>
<kw name="Convert To String" library="BuiltIn">
<var>${string}</var>
<arg>${response.content}</arg>
<doc>Converts the given item to a Unicode string.</doc>
<msg timestamp="20230109 11:34:51.447" level="INFO">${string} = {
  "id" : "ATest1",
  "columns" : [ {
    "id" : "c0",
    "type" : "Key",
    "name" : "Key"
  }, {
    "id" : "c1",
    "type" : "None",
    "name" : "Unique"
  }, {
    "id" : "c2",
    "type" : "...</msg>
<status status="PASS" starttime="20230109 11:34:51.446" endtime="20230109 11:34:51.447"/>
</kw>
<kw name="Convert String To Json" library="JSONLibrary">
<var>${json_body}</var>
<arg>${string}</arg>
<doc>Convert String to JSON object</doc>
<msg timestamp="20230109 11:34:51.447" level="INFO">${json_body} = {'id': 'ATest1', 'columns': [{'id': 'c0', 'type': 'Key', 'name': 'Key'}, {'id': 'c1', 'type': 'None', 'name': 'Unique'}, {'id': 'c2', 'type': 'Unique', 'name': 'None'}], 'lastModified': 1673285690618}</msg>
<status status="PASS" starttime="20230109 11:34:51.447" endtime="20230109 11:34:51.447"/>
</kw>
<kw name="Get Value From Json" library="JSONLibrary">
<var>${value}</var>
<arg>${json_body}</arg>
<arg>$.columns[${column_number}].${json_path}</arg>
<doc>Get Value From JSON using JSONPath</doc>
<msg timestamp="20230109 11:34:51.459" level="INFO">${value} = ['None']</msg>
<status status="PASS" starttime="20230109 11:34:51.447" endtime="20230109 11:34:51.459"/>
</kw>
<kw name="Should Be Equal As Strings" library="BuiltIn">
<arg>${value[0]}</arg>
<arg>${attribute}</arg>
<doc>Fails if objects are unequal after converting them to strings.</doc>
<status status="PASS" starttime="20230109 11:34:51.459" endtime="20230109 11:34:51.460"/>
</kw>
<status status="PASS" starttime="20230109 11:34:51.446" endtime="20230109 11:34:51.460"/>
</kw>
<kw name="Check Table Columns Attribute" library="EITK3_General_Endpoints_Keywords">
<arg>${PUT_response}</arg>
<arg>${c1_name}</arg>
<arg>1</arg>
<arg>name</arg>
<kw name="Convert To String" library="BuiltIn">
<var>${string}</var>
<arg>${response.content}</arg>
<doc>Converts the given item to a Unicode string.</doc>
<msg timestamp="20230109 11:34:51.462" level="INFO">${string} = {
  "id" : "ATest1",
  "columns" : [ {
    "id" : "c0",
    "type" : "Key",
    "name" : "Key"
  }, {
    "id" : "c1",
    "type" : "None",
    "name" : "Unique"
  }, {
    "id" : "c2",
    "type" : "...</msg>
<status status="PASS" starttime="20230109 11:34:51.462" endtime="20230109 11:34:51.462"/>
</kw>
<kw name="Convert String To Json" library="JSONLibrary">
<var>${json_body}</var>
<arg>${string}</arg>
<doc>Convert String to JSON object</doc>
<msg timestamp="20230109 11:34:51.463" level="INFO">${json_body} = {'id': 'ATest1', 'columns': [{'id': 'c0', 'type': 'Key', 'name': 'Key'}, {'id': 'c1', 'type': 'None', 'name': 'Unique'}, {'id': 'c2', 'type': 'Unique', 'name': 'None'}], 'lastModified': 1673285690618}</msg>
<status status="PASS" starttime="20230109 11:34:51.462" endtime="20230109 11:34:51.463"/>
</kw>
<kw name="Get Value From Json" library="JSONLibrary">
<var>${value}</var>
<arg>${json_body}</arg>
<arg>$.columns[${column_number}].${json_path}</arg>
<doc>Get Value From JSON using JSONPath</doc>
<msg timestamp="20230109 11:34:51.476" level="INFO">${value} = ['Unique']</msg>
<status status="PASS" starttime="20230109 11:34:51.463" endtime="20230109 11:34:51.476"/>
</kw>
<kw name="Should Be Equal As Strings" library="BuiltIn">
<arg>${value[0]}</arg>
<arg>${attribute}</arg>
<doc>Fails if objects are unequal after converting them to strings.</doc>
<status status="PASS" starttime="20230109 11:34:51.476" endtime="20230109 11:34:51.477"/>
</kw>
<status status="PASS" starttime="20230109 11:34:51.461" endtime="20230109 11:34:51.477"/>
</kw>
<kw name="Check Table Columns Attribute" library="EITK3_General_Endpoints_Keywords">
<arg>${PUT_response}</arg>
<arg>${c2_id}</arg>
<arg>2</arg>
<arg>id</arg>
<kw name="Convert To String" library="BuiltIn">
<var>${string}</var>
<arg>${response.content}</arg>
<doc>Converts the given item to a Unicode string.</doc>
<msg timestamp="20230109 11:34:51.480" level="INFO">${string} = {
  "id" : "ATest1",
  "columns" : [ {
    "id" : "c0",
    "type" : "Key",
    "name" : "Key"
  }, {
    "id" : "c1",
    "type" : "None",
    "name" : "Unique"
  }, {
    "id" : "c2",
    "type" : "...</msg>
<status status="PASS" starttime="20230109 11:34:51.479" endtime="20230109 11:34:51.480"/>
</kw>
<kw name="Convert String To Json" library="JSONLibrary">
<var>${json_body}</var>
<arg>${string}</arg>
<doc>Convert String to JSON object</doc>
<msg timestamp="20230109 11:34:51.480" level="INFO">${json_body} = {'id': 'ATest1', 'columns': [{'id': 'c0', 'type': 'Key', 'name': 'Key'}, {'id': 'c1', 'type': 'None', 'name': 'Unique'}, {'id': 'c2', 'type': 'Unique', 'name': 'None'}], 'lastModified': 1673285690618}</msg>
<status status="PASS" starttime="20230109 11:34:51.480" endtime="20230109 11:34:51.480"/>
</kw>
<kw name="Get Value From Json" library="JSONLibrary">
<var>${value}</var>
<arg>${json_body}</arg>
<arg>$.columns[${column_number}].${json_path}</arg>
<doc>Get Value From JSON using JSONPath</doc>
<msg timestamp="20230109 11:34:51.492" level="INFO">${value} = ['c2']</msg>
<status status="PASS" starttime="20230109 11:34:51.480" endtime="20230109 11:34:51.492"/>
</kw>
<kw name="Should Be Equal As Strings" library="BuiltIn">
<arg>${value[0]}</arg>
<arg>${attribute}</arg>
<doc>Fails if objects are unequal after converting them to strings.</doc>
<status status="PASS" starttime="20230109 11:34:51.493" endtime="20230109 11:34:51.494"/>
</kw>
<status status="PASS" starttime="20230109 11:34:51.478" endtime="20230109 11:34:51.494"/>
</kw>
<kw name="Check Table Columns Attribute" library="EITK3_General_Endpoints_Keywords">
<arg>${PUT_response}</arg>
<arg>${c2_type}</arg>
<arg>2</arg>
<arg>type</arg>
<kw name="Convert To String" library="BuiltIn">
<var>${string}</var>
<arg>${response.content}</arg>
<doc>Converts the given item to a Unicode string.</doc>
<msg timestamp="20230109 11:34:51.497" level="INFO">${string} = {
  "id" : "ATest1",
  "columns" : [ {
    "id" : "c0",
    "type" : "Key",
    "name" : "Key"
  }, {
    "id" : "c1",
    "type" : "None",
    "name" : "Unique"
  }, {
    "id" : "c2",
    "type" : "...</msg>
<status status="PASS" starttime="20230109 11:34:51.496" endtime="20230109 11:34:51.497"/>
</kw>
<kw name="Convert String To Json" library="JSONLibrary">
<var>${json_body}</var>
<arg>${string}</arg>
<doc>Convert String to JSON object</doc>
<msg timestamp="20230109 11:34:51.497" level="INFO">${json_body} = {'id': 'ATest1', 'columns': [{'id': 'c0', 'type': 'Key', 'name': 'Key'}, {'id': 'c1', 'type': 'None', 'name': 'Unique'}, {'id': 'c2', 'type': 'Unique', 'name': 'None'}], 'lastModified': 1673285690618}</msg>
<status status="PASS" starttime="20230109 11:34:51.497" endtime="20230109 11:34:51.497"/>
</kw>
<kw name="Get Value From Json" library="JSONLibrary">
<var>${value}</var>
<arg>${json_body}</arg>
<arg>$.columns[${column_number}].${json_path}</arg>
<doc>Get Value From JSON using JSONPath</doc>
<msg timestamp="20230109 11:34:51.512" level="INFO">${value} = ['Unique']</msg>
<status status="PASS" starttime="20230109 11:34:51.497" endtime="20230109 11:34:51.512"/>
</kw>
<kw name="Should Be Equal As Strings" library="BuiltIn">
<arg>${value[0]}</arg>
<arg>${attribute}</arg>
<doc>Fails if objects are unequal after converting them to strings.</doc>
<status status="PASS" starttime="20230109 11:34:51.513" endtime="20230109 11:34:51.514"/>
</kw>
<status status="PASS" starttime="20230109 11:34:51.495" endtime="20230109 11:34:51.515"/>
</kw>
<kw name="Check Table Columns Attribute" library="EITK3_General_Endpoints_Keywords">
<arg>${PUT_response}</arg>
<arg>${c2_name}</arg>
<arg>2</arg>
<arg>name</arg>
<kw name="Convert To String" library="BuiltIn">
<var>${string}</var>
<arg>${response.content}</arg>
<doc>Converts the given item to a Unicode string.</doc>
<msg timestamp="20230109 11:34:51.516" level="INFO">${string} = {
  "id" : "ATest1",
  "columns" : [ {
    "id" : "c0",
    "type" : "Key",
    "name" : "Key"
  }, {
    "id" : "c1",
    "type" : "None",
    "name" : "Unique"
  }, {
    "id" : "c2",
    "type" : "...</msg>
<status status="PASS" starttime="20230109 11:34:51.516" endtime="20230109 11:34:51.516"/>
</kw>
<kw name="Convert String To Json" library="JSONLibrary">
<var>${json_body}</var>
<arg>${string}</arg>
<doc>Convert String to JSON object</doc>
<msg timestamp="20230109 11:34:51.516" level="INFO">${json_body} = {'id': 'ATest1', 'columns': [{'id': 'c0', 'type': 'Key', 'name': 'Key'}, {'id': 'c1', 'type': 'None', 'name': 'Unique'}, {'id': 'c2', 'type': 'Unique', 'name': 'None'}], 'lastModified': 1673285690618}</msg>
<status status="PASS" starttime="20230109 11:34:51.516" endtime="20230109 11:34:51.516"/>
</kw>
<kw name="Get Value From Json" library="JSONLibrary">
<var>${value}</var>
<arg>${json_body}</arg>
<arg>$.columns[${column_number}].${json_path}</arg>
<doc>Get Value From JSON using JSONPath</doc>
<msg timestamp="20230109 11:34:51.531" level="INFO">${value} = ['None']</msg>
<status status="PASS" starttime="20230109 11:34:51.516" endtime="20230109 11:34:51.531"/>
</kw>
<kw name="Should Be Equal As Strings" library="BuiltIn">
<arg>${value[0]}</arg>
<arg>${attribute}</arg>
<doc>Fails if objects are unequal after converting them to strings.</doc>
<status status="PASS" starttime="20230109 11:34:51.531" endtime="20230109 11:34:51.532"/>
</kw>
<status status="PASS" starttime="20230109 11:34:51.515" endtime="20230109 11:34:51.532"/>
</kw>
<kw name="DELETE-Table with ID" library="EITK3_DELETE_Keywords">
<var>${DELETE_response}</var>
<arg>${Table_ID}</arg>
<kw name="Create Dictionary" library="BuiltIn">
<var>${headers}</var>
<arg>osiApiToken=${Token}</arg>
<arg>Content-Type=application/json</arg>
<doc>Creates and returns a dictionary based on the given ``items``.</doc>
<msg timestamp="20230109 11:34:51.533" level="INFO">${headers} = {'osiApiToken': '60ddc80ae2381a658bf5d87e:e031c694fe4d499bab7730485b83ce2f02e310a5b5cd9acb13850615ec7b2657', 'Content-Type': 'application/json'}</msg>
<status status="PASS" starttime="20230109 11:34:51.533" endtime="20230109 11:34:51.533"/>
</kw>
<kw name="DELETE On Session" library="RequestsLibrary">
<var>${response}</var>
<arg>Swagger</arg>
<arg>url=/eitk/api/v1/tables/${table_id}</arg>
<arg>headers=${headers}</arg>
<arg>verify=${False}</arg>
<arg>timeout=3600</arg>
<doc>Sends a DELETE request on a previously created HTTP Session.</doc>
<msg timestamp="20230109 11:34:51.657" level="INFO">DELETE Request : url=https://172.17.82.129:8443/eitk/api/v1/tables/ATest1 
 path_url=/eitk/api/v1/tables/ATest1 
 headers={'User-Agent': 'python-requests/2.28.1', 'Accept-Encoding': 'gzip, deflate', 'Accept': '*/*', 'Connection': 'keep-alive', 'osiApiToken': '60ddc80ae2381a658bf5d87e:e031c694fe4d499bab7730485b83ce2f02e310a5b5cd9acb13850615ec7b2657', 'Content-Type': 'application/json', 'Content-Length': '0'} 
 body=None 
 </msg>
<msg timestamp="20230109 11:34:51.657" level="INFO">DELETE Response : url=https://172.17.82.129:8443/eitk/api/v1/tables/ATest1 
 status=200, reason=OK 
 headers={'Server': 'nginx', 'Date': 'Mon, 09 Jan 2023 17:34:51 GMT', 'Content-Type': 'application/json', 'Content-Length': '270', 'Connection': 'keep-alive', 'X-Frame-Options': 'SAMEORIGIN', 'X-Content-Type-Options': 'nosniff', 'X-XSS-Protection': '1; mode=block', 'Strict-Transport-Security': 'max-age=31536000; includeSubDomains; preload', 'Pragma': 'no-cache', 'Cache-Control': 'no-cache, must-revalidate, private, no-store'} 
 body={
  "id" : "ATest1",
  "columns" : [ {
    "id" : "c0",
    "type" : "Key",
    "name" : "Key"
  }, {
    "id" : "c1",
    "type" : "None",
    "name" : "Unique"
  }, {
    "id" : "c2",
    "type" : "Unique",
    "name" : "None"
  } ],
  "lastModified" : 1673285690618
} 
 </msg>
<msg timestamp="20230109 11:34:51.657" level="INFO">C:\Users\acruz\AppData\Local\Programs\Python\Python310\lib\site-packages\urllib3\connectionpool.py:1045: InsecureRequestWarning: Unverified HTTPS request is being made to host '172.17.82.129'. Adding certificate verification is strongly advised. See: https://urllib3.readthedocs.io/en/1.26.x/advanced-usage.html#ssl-warnings
  warnings.warn(</msg>
<msg timestamp="20230109 11:34:51.659" level="INFO">${response} = &lt;Response [200]&gt;</msg>
<status status="PASS" starttime="20230109 11:34:51.533" endtime="20230109 11:34:51.659"/>
</kw>
<kw name="Return From Keyword" library="BuiltIn">
<arg>${response}</arg>
<doc>Returns from the enclosing user keyword.</doc>
<msg timestamp="20230109 11:34:51.659" level="INFO">Returning from the enclosing user keyword.</msg>
<status status="PASS" starttime="20230109 11:34:51.659" endtime="20230109 11:34:51.659"/>
</kw>
<msg timestamp="20230109 11:34:51.659" level="INFO">${DELETE_response} = &lt;Response [200]&gt;</msg>
<status status="PASS" starttime="20230109 11:34:51.533" endtime="20230109 11:34:51.659"/>
</kw>
<kw name="Status Should Be" library="RequestsLibrary">
<arg>200</arg>
<arg>${DELETE_response}</arg>
<doc>Fails if response status code is different than the expected.</doc>
<status status="PASS" starttime="20230109 11:34:51.660" endtime="20230109 11:34:51.660"/>
</kw>
<kw name="Make Sure Table Does Not Exist" library="EITK3_General_Endpoints_Keywords">
<arg>${Table_ID}</arg>
<kw name="Set Variable" library="BuiltIn">
<var>${filter}</var>
<arg>["id","=","${table_id}"]</arg>
<doc>Returns the given values which can then be assigned to a variables.</doc>
<msg timestamp="20230109 11:34:51.662" level="INFO">${filter} = ["id","=","ATest1"]</msg>
<status status="PASS" starttime="20230109 11:34:51.661" endtime="20230109 11:34:51.662"/>
</kw>
<kw name="GET-Tables With Filter" library="EITK3_GET_Keywords">
<var>${response}</var>
<arg>${filter}</arg>
<kw name="Create Dictionary" library="BuiltIn">
<var>${headers}</var>
<arg>osiApiToken=${Token}</arg>
<arg>accept=application/json</arg>
<doc>Creates and returns a dictionary based on the given ``items``.</doc>
<msg timestamp="20230109 11:34:51.662" level="INFO">${headers} = {'osiApiToken': '60ddc80ae2381a658bf5d87e:e031c694fe4d499bab7730485b83ce2f02e310a5b5cd9acb13850615ec7b2657', 'accept': 'application/json'}</msg>
<status status="PASS" starttime="20230109 11:34:51.662" endtime="20230109 11:34:51.662"/>
</kw>
<kw name="Create Dictionary" library="BuiltIn">
<var>${params}</var>
<arg>filter=${filter}</arg>
<doc>Creates and returns a dictionary based on the given ``items``.</doc>
<msg timestamp="20230109 11:34:51.663" level="INFO">${params} = {'filter': '["id","=","ATest1"]'}</msg>
<status status="PASS" starttime="20230109 11:34:51.663" endtime="20230109 11:34:51.663"/>
</kw>
<kw name="GET On Session" library="RequestsLibrary">
<var>${response}</var>
<arg>Swagger</arg>
<arg>url=/eitk/api/v1/tables</arg>
<arg>headers=${headers}</arg>
<arg>params=${params}</arg>
<arg>expected_status=Anything</arg>
<arg>verify=${False}</arg>
<doc>Sends a GET request on a previously created HTTP Session.</doc>
<msg timestamp="20230109 11:34:52.554" level="INFO">GET Request : url=https://172.17.82.129:8443/eitk/api/v1/tables?filter=%5B%22id%22%2C%22%3D%22%2C%22ATest1%22%5D 
 path_url=/eitk/api/v1/tables?filter=%5B%22id%22%2C%22%3D%22%2C%22ATest1%22%5D 
 headers={'User-Agent': 'python-requests/2.28.1', 'Accept-Encoding': 'gzip, deflate', 'accept': 'application/json', 'Connection': 'keep-alive', 'osiApiToken': '60ddc80ae2381a658bf5d87e:e031c694fe4d499bab7730485b83ce2f02e310a5b5cd9acb13850615ec7b2657'} 
 body=None 
 </msg>
<msg timestamp="20230109 11:34:52.555" level="INFO">GET Response : url=https://172.17.82.129:8443/eitk/api/v1/tables?filter=%5B%22id%22%2C%22%3D%22%2C%22ATest1%22%5D 
 status=200, reason=OK 
 headers={'Server': 'nginx', 'Date': 'Mon, 09 Jan 2023 17:34:52 GMT', 'Content-Type': 'application/json', 'Content-Length': '3', 'Connection': 'keep-alive', 'X-Frame-Options': 'SAMEORIGIN', 'X-Content-Type-Options': 'nosniff', 'X-XSS-Protection': '1; mode=block', 'Strict-Transport-Security': 'max-age=31536000; includeSubDomains; preload', 'Pragma': 'no-cache', 'Cache-Control': 'no-cache, must-revalidate, private, no-store'} 
 body=[ ] 
 </msg>
<msg timestamp="20230109 11:34:52.555" level="INFO">C:\Users\acruz\AppData\Local\Programs\Python\Python310\lib\site-packages\urllib3\connectionpool.py:1045: InsecureRequestWarning: Unverified HTTPS request is being made to host '172.17.82.129'. Adding certificate verification is strongly advised. See: https://urllib3.readthedocs.io/en/1.26.x/advanced-usage.html#ssl-warnings
  warnings.warn(</msg>
<msg timestamp="20230109 11:34:52.556" level="INFO">${response} = &lt;Response [200]&gt;</msg>
<status status="PASS" starttime="20230109 11:34:51.663" endtime="20230109 11:34:52.556"/>
</kw>
<kw name="Return From Keyword" library="BuiltIn">
<arg>${response}</arg>
<doc>Returns from the enclosing user keyword.</doc>
<msg timestamp="20230109 11:34:52.556" level="INFO">Returning from the enclosing user keyword.</msg>
<status status="PASS" starttime="20230109 11:34:52.556" endtime="20230109 11:34:52.556"/>
</kw>
<msg timestamp="20230109 11:34:52.557" level="INFO">${response} = &lt;Response [200]&gt;</msg>
<status status="PASS" starttime="20230109 11:34:51.662" endtime="20230109 11:34:52.557"/>
</kw>
<kw name="Status Should Be" library="RequestsLibrary">
<arg>200</arg>
<arg>${response}</arg>
<doc>Fails if response status code is different than the expected.</doc>
<status status="PASS" starttime="20230109 11:34:52.557" endtime="20230109 11:34:52.557"/>
</kw>
<kw name="Convert To String" library="BuiltIn">
<var>${body}</var>
<arg>${response.content}</arg>
<doc>Converts the given item to a Unicode string.</doc>
<msg timestamp="20230109 11:34:52.558" level="INFO">${body} = [ ]</msg>
<status status="PASS" starttime="20230109 11:34:52.557" endtime="20230109 11:34:52.558"/>
</kw>
<kw name="Evaluate" library="BuiltIn">
<var>${status}</var>
<arg>'${table_id}' in '''${body}'''</arg>
<doc>Evaluates the given expression in Python and returns the result.</doc>
<msg timestamp="20230109 11:34:52.558" level="INFO">${status} = False</msg>
<status status="PASS" starttime="20230109 11:34:52.558" endtime="20230109 11:34:52.558"/>
</kw>
<kw name="Run Keyword If" library="BuiltIn">
<var>${Delete_response}</var>
<arg>${status} == ${True}</arg>
<arg>DELETE-Table with ID</arg>
<arg>${table_id}</arg>
<doc>Runs the given keyword with the given arguments, if ``condition`` is true.</doc>
<msg timestamp="20230109 11:34:52.559" level="INFO">${Delete_response} = None</msg>
<status status="PASS" starttime="20230109 11:34:52.558" endtime="20230109 11:34:52.559"/>
</kw>
<kw name="Run Keyword If" library="BuiltIn">
<arg>${status} == ${True}</arg>
<arg>Status Should Be</arg>
<arg>200</arg>
<arg>${Delete_response}</arg>
<doc>Runs the given keyword with the given arguments, if ``condition`` is true.</doc>
<status status="PASS" starttime="20230109 11:34:52.559" endtime="20230109 11:34:52.559"/>
</kw>
<status status="PASS" starttime="20230109 11:34:51.661" endtime="20230109 11:34:52.559"/>
</kw>
<kw name="Create List" library="BuiltIn">
<var>@{tables}</var>
<arg>BTable1</arg>
<arg>BTable2</arg>
<arg>BTable3</arg>
<arg>BTable4</arg>
<arg>BTable5</arg>
<doc>Returns a list containing given items.</doc>
<msg timestamp="20230109 11:34:52.560" level="INFO">@{tables} = [ BTable1 | BTable2 | BTable3 | BTable4 | BTable5 ]</msg>
<status status="PASS" starttime="20230109 11:34:52.560" endtime="20230109 11:34:52.560"/>
</kw>
<kw name="Set Variable" library="BuiltIn">
<var>${c0}</var>
<arg>{"name": "Key","id":"c0","type":"Key"}</arg>
<doc>Returns the given values which can then be assigned to a variables.</doc>
<msg timestamp="20230109 11:34:52.561" level="INFO">${c0} = {"name": "Key","id":"c0","type":"Key"}</msg>
<status status="PASS" starttime="20230109 11:34:52.561" endtime="20230109 11:34:52.561"/>
</kw>
<kw name="Set Variable" library="BuiltIn">
<var>${c1}</var>
<arg>{"name": "Unique","id":"c1","type":"Unique"}</arg>
<doc>Returns the given values which can then be assigned to a variables.</doc>
<msg timestamp="20230109 11:34:52.562" level="INFO">${c1} = {"name": "Unique","id":"c1","type":"Unique"}</msg>
<status status="PASS" starttime="20230109 11:34:52.562" endtime="20230109 11:34:52.562"/>
</kw>
<kw name="Set Variable" library="BuiltIn">
<var>${c2}</var>
<arg>{"name": "None","id":"c2","type":"None"}</arg>
<doc>Returns the given values which can then be assigned to a variables.</doc>
<msg timestamp="20230109 11:34:52.563" level="INFO">${c2} = {"name": "None","id":"c2","type":"None"}</msg>
<status status="PASS" starttime="20230109 11:34:52.563" endtime="20230109 11:34:52.563"/>
</kw>
<kw name="Set Variable" library="BuiltIn">
<var>${columns}</var>
<arg>[${c0},${c1},${c2}]</arg>
<doc>Returns the given values which can then be assigned to a variables.</doc>
<msg timestamp="20230109 11:34:52.564" level="INFO">${columns} = [{"name": "Key","id":"c0","type":"Key"},{"name": "Unique","id":"c1","type":"Unique"},{"name": "None","id":"c2","type":"None"}]</msg>
<status status="PASS" starttime="20230109 11:34:52.564" endtime="20230109 11:34:52.564"/>
</kw>
<for flavor="IN">
<var>${table_id}</var>
<value>@{tables}</value>
<iter>
<var name="${table_id}">BTable1</var>
<kw name="Make Sure Table Does Not Exist" library="EITK3_General_Endpoints_Keywords">
<arg>${table_id}</arg>
<kw name="Set Variable" library="BuiltIn">
<var>${filter}</var>
<arg>["id","=","${table_id}"]</arg>
<doc>Returns the given values which can then be assigned to a variables.</doc>
<msg timestamp="20230109 11:34:52.565" level="INFO">${filter} = ["id","=","BTable1"]</msg>
<status status="PASS" starttime="20230109 11:34:52.565" endtime="20230109 11:34:52.565"/>
</kw>
<kw name="GET-Tables With Filter" library="EITK3_GET_Keywords">
<var>${response}</var>
<arg>${filter}</arg>
<kw name="Create Dictionary" library="BuiltIn">
<var>${headers}</var>
<arg>osiApiToken=${Token}</arg>
<arg>accept=application/json</arg>
<doc>Creates and returns a dictionary based on the given ``items``.</doc>
<msg timestamp="20230109 11:34:52.566" level="INFO">${headers} = {'osiApiToken': '60ddc80ae2381a658bf5d87e:e031c694fe4d499bab7730485b83ce2f02e310a5b5cd9acb13850615ec7b2657', 'accept': 'application/json'}</msg>
<status status="PASS" starttime="20230109 11:34:52.566" endtime="20230109 11:34:52.566"/>
</kw>
<kw name="Create Dictionary" library="BuiltIn">
<var>${params}</var>
<arg>filter=${filter}</arg>
<doc>Creates and returns a dictionary based on the given ``items``.</doc>
<msg timestamp="20230109 11:34:52.567" level="INFO">${params} = {'filter': '["id","=","BTable1"]'}</msg>
<status status="PASS" starttime="20230109 11:34:52.566" endtime="20230109 11:34:52.567"/>
</kw>
<kw name="GET On Session" library="RequestsLibrary">
<var>${response}</var>
<arg>Swagger</arg>
<arg>url=/eitk/api/v1/tables</arg>
<arg>headers=${headers}</arg>
<arg>params=${params}</arg>
<arg>expected_status=Anything</arg>
<arg>verify=${False}</arg>
<doc>Sends a GET request on a previously created HTTP Session.</doc>
<msg timestamp="20230109 11:34:52.786" level="INFO">GET Request : url=https://172.17.82.129:8443/eitk/api/v1/tables?filter=%5B%22id%22%2C%22%3D%22%2C%22BTable1%22%5D 
 path_url=/eitk/api/v1/tables?filter=%5B%22id%22%2C%22%3D%22%2C%22BTable1%22%5D 
 headers={'User-Agent': 'python-requests/2.28.1', 'Accept-Encoding': 'gzip, deflate', 'accept': 'application/json', 'Connection': 'keep-alive', 'osiApiToken': '60ddc80ae2381a658bf5d87e:e031c694fe4d499bab7730485b83ce2f02e310a5b5cd9acb13850615ec7b2657'} 
 body=None 
 </msg>
[...]
</kw>
<kw name="Convert String To Json" library="JSONLibrary">
<var>${json_body}</var>
<arg>${string}</arg>
<doc>Convert String to JSON object</doc>
<msg timestamp="20230109 11:35:02.045" level="INFO">${json_body} = {'id': 'ATable1', 'columns': [{'id': 'c1', 'type': 'Key', 'name': 'CHANGED'}, {'id': 'c2', 'type': 'None', 'name': 'C 2'}, {'id': 'c3', 'type': 'None', 'name': 'C 3'}, {'id': 'c5', 'type': 'None', 'na...</msg>
<status status="PASS" starttime="20230109 11:35:02.045" endtime="20230109 11:35:02.045"/>
</kw>
<kw name="Get Value From Json" library="JSONLibrary">
<var>${value}</var>
<arg>${json_body}</arg>
<arg>$.columns[${column_number}].${json_path}</arg>
<doc>Get Value From JSON using JSONPath</doc>
<msg timestamp="20230109 11:35:02.059" level="INFO">${value} = ['None']</msg>
<status status="PASS" starttime="20230109 11:35:02.045" endtime="20230109 11:35:02.059"/>
</kw>
<kw name="Should Be Equal As Strings" library="BuiltIn">
<arg>${value[0]}</arg>
<arg>${attribute}</arg>
<doc>Fails if objects are unequal after converting them to strings.</doc>
<status status="PASS" starttime="20230109 11:35:02.059" endtime="20230109 11:35:02.060"/>
</kw>
<status status="PASS" starttime="20230109 11:35:02.044" endtime="20230109 11:35:02.060"/>
</kw>
<kw name="Check Table Columns Attribute" library="EITK3_General_Endpoints_Keywords">
<arg>${GET_response}</arg>
<arg>C 2</arg>
<arg>1</arg>
<arg>name</arg>
<kw name="Convert To String" library="BuiltIn">
<var>${string}</var>
<arg>${response.content}</arg>
<doc>Converts the given item to a Unicode string.</doc>
<msg timestamp="20230109 11:35:02.061" level="INFO">${string} = {
  "id" : "ATable1",
  "columns" : [ {
    "id" : "c1",
    "type" : "Key",
    "name" : "CHANGED"
  }, {
    "id" : "c2",
    "type" : "None",
    "name" : "C 2"
  }, {
    "id" : "c3",
    "type" :...</msg>
<status status="PASS" starttime="20230109 11:35:02.061" endtime="20230109 11:35:02.061"/>
</kw>
<kw name="Convert String To Json" library="JSONLibrary">
<var>${json_body}</var>
<arg>${string}</arg>
<doc>Convert String to JSON object</doc>
<msg timestamp="20230109 11:35:02.061" level="INFO">${json_body} = {'id': 'ATable1', 'columns': [{'id': 'c1', 'type': 'Key', 'name': 'CHANGED'}, {'id': 'c2', 'type': 'None', 'name': 'C 2'}, {'id': 'c3', 'type': 'None', 'name': 'C 3'}, {'id': 'c5', 'type': 'None', 'na...</msg>
<status status="PASS" starttime="20230109 11:35:02.061" endtime="20230109 11:35:02.061"/>
</kw>
<kw name="Get Value From Json" library="JSONLibrary">
<var>${value}</var>
<arg>${json_body}</arg>
<arg>$.columns[${column_number}].${json_path}</arg>
<doc>Get Value From JSON using JSONPath</doc>
<msg timestamp="20230109 11:35:02.075" level="INFO">${value} = ['C 2']</msg>
<status status="PASS" starttime="20230109 11:35:02.061" endtime="20230109 11:35:02.075"/>
</kw>
<kw name="Should Be Equal As Strings" library="BuiltIn">
<arg>${value[0]}</arg>
<arg>${attribute}</arg>
<doc>Fails if objects are unequal after converting them to strings.</doc>
<status status="PASS" starttime="20230109 11:35:02.075" endtime="20230109 11:35:02.076"/>
</kw>
<status status="PASS" starttime="20230109 11:35:02.060" endtime="20230109 11:35:02.076"/>
</kw>
<kw name="Check Table Columns Attribute" library="EITK3_General_Endpoints_Keywords">
<arg>${GET_response}</arg>
<arg>c3</arg>
<arg>2</arg>
<arg>id</arg>
<kw name="Convert To String" library="BuiltIn">
<var>${string}</var>
<arg>${response.content}</arg>
<doc>Converts the given item to a Unicode string.</doc>
<msg timestamp="20230109 11:35:02.077" level="INFO">${string} = {
  "id" : "ATable1",
  "columns" : [ {
    "id" : "c1",
    "type" : "Key",
    "name" : "CHANGED"
  }, {
    "id" : "c2",
    "type" : "None",
    "name" : "C 2"
  }, {
    "id" : "c3",
    "type" :...</msg>
<status status="PASS" starttime="20230109 11:35:02.077" endtime="20230109 11:35:02.077"/>
</kw>
<kw name="Convert String To Json" library="JSONLibrary">
<var>${json_body}</var>
<arg>${string}</arg>
<doc>Convert String to JSON object</doc>
<msg timestamp="20230109 11:35:02.078" level="INFO">${json_body} = {'id': 'ATable1', 'columns': [{'id': 'c1', 'type': 'Key', 'name': 'CHANGED'}, {'id': 'c2', 'type': 'None', 'name': 'C 2'}, {'id': 'c3', 'type': 'None', 'name': 'C 3'}, {'id': 'c5', 'type': 'None', 'na...</msg>
<status status="PASS" starttime="20230109 11:35:02.077" endtime="20230109 11:35:02.078"/>
</kw>
<kw name="Get Value From Json" library="JSONLibrary">
<var>${value}</var>
<arg>${json_body}</arg>
<arg>$.columns[${column_number}].${json_path}</arg>
<doc>Get Value From JSON using JSONPath</doc>
<msg timestamp="20230109 11:35:02.092" level="INFO">${value} = ['c3']</msg>
<status status="PASS" starttime="20230109 11:35:02.078" endtime="20230109 11:35:02.092"/>
</kw>
<kw name="Should Be Equal As Strings" library="BuiltIn">
<arg>${value[0]}</arg>
<arg>${attribute}</arg>
<doc>Fails if objects are unequal after converting them to strings.</doc>
<status status="PASS" starttime="20230109 11:35:02.092" endtime="20230109 11:35:02.093"/>
</kw>
<status status="PASS" starttime="20230109 11:35:02.077" endtime="20230109 11:35:02.093"/>
</kw>
<kw name="Check Table Columns Attribute" library="EITK3_General_Endpoints_Keywords">
<arg>${GET_response}</arg>
<arg>None</arg>
<arg>2</arg>
<arg>type</arg>
<kw name="Convert To String" library="BuiltIn">
<var>${string}</var>
<arg>${response.content}</arg>
<doc>Converts the given item to a Unicode string.</doc>
<msg timestamp="20230109 11:35:02.094" level="INFO">${string} = {
  "id" : "ATable1",
  "columns" : [ {
    "id" : "c1",
    "type" : "Key",
    "name" : "CHANGED"
  }, {
    "id" : "c2",
    "type" : "None",
    "name" : "C 2"
  }, {
    "id" : "c3",
    "type" :...</msg>
<status status="PASS" starttime="20230109 11:35:02.094" endtime="20230109 11:35:02.095"/>
</kw>
<kw name="Convert String To Json" library="JSONLibrary">
<var>${json_body}</var>
<arg>${string}</arg>
<doc>Convert String to JSON object</doc>
<msg timestamp="20230109 11:35:02.095" level="INFO">${json_body} = {'id': 'ATable1', 'columns': [{'id': 'c1', 'type': 'Key', 'name': 'CHANGED'}, {'id': 'c2', 'type': 'None', 'name': 'C 2'}, {'id': 'c3', 'type': 'None', 'name': 'C 3'}, {'id': 'c5', 'type': 'None', 'na...</msg>
<status status="PASS" starttime="20230109 11:35:02.095" endtime="20230109 11:35:02.095"/>
</kw>
<kw name="Get Value From Json" library="JSONLibrary">
<var>${value}</var>
<arg>${json_body}</arg>
<arg>$.columns[${column_number}].${json_path}</arg>
<doc>Get Value From JSON using JSONPath</doc>
<msg timestamp="20230109 11:35:02.108" level="INFO">${value} = ['None']</msg>
<status status="PASS" starttime="20230109 11:35:02.095" endtime="20230109 11:35:02.109"/>
</kw>
<kw name="Should Be Equal As Strings" library="BuiltIn">
<arg>${value[0]}</arg>
<arg>${attribute}</arg>
<doc>Fails if objects are unequal after converting them to strings.</doc>
<status status="PASS" starttime="20230109 11:35:02.109" endtime="20230109 11:35:02.109"/>
</kw>
<status status="PASS" starttime="20230109 11:35:02.094" endtime="20230109 11:35:02.109"/>
</kw>
<kw name="Check Table Columns Attribute" library="EITK3_General_Endpoints_Keywords">
<arg>${GET_response}</arg>
<arg>C 3</arg>
<arg>2</arg>
<arg>name</arg>
<kw name="Convert To String" library="BuiltIn">
<var>${string}</var>
<arg>${response.content}</arg>
<doc>Converts the given item to a Unicode string.</doc>
<msg timestamp="20230109 11:35:02.110" level="INFO">${string} = {
  "id" : "ATable1",
  "columns" : [ {
    "id" : "c1",
    "type" : "Key",
    "name" : "CHANGED"
  }, {
    "id" : "c2",
    "type" : "None",
    "name" : "C 2"
  }, {
    "id" : "c3",
    "type" :...</msg>
<status status="PASS" starttime="20230109 11:35:02.110" endtime="20230109 11:35:02.110"/>
</kw>
<kw name="Convert String To Json" library="JSONLibrary">
<var>${json_body}</var>
<arg>${string}</arg>
<doc>Convert String to JSON object</doc>
<msg timestamp="20230109 11:35:02.111" level="INFO">${json_body} = {'id': 'ATable1', 'columns': [{'id': 'c1', 'type': 'Key', 'name': 'CHANGED'}, {'id': 'c2', 'type': 'None', 'name': 'C 2'}, {'id': 'c3', 'type': 'None', 'name': 'C 3'}, {'id': 'c5', 'type': 'None', 'na...</msg>
<status status="PASS" starttime="20230109 11:35:02.111" endtime="20230109 11:35:02.111"/>
</kw>
<kw name="Get Value From Json" library="JSONLibrary">
<var>${value}</var>
<arg>${json_body}</arg>
<arg>$.columns[${column_number}].${json_path}</arg>
<doc>Get Value From JSON using JSONPath</doc>
<msg timestamp="20230109 11:35:02.126" level="INFO">${value} = ['C 3']</msg>
<status status="PASS" starttime="20230109 11:35:02.111" endtime="20230109 11:35:02.126"/>
</kw>
<kw name="Should Be Equal As Strings" library="BuiltIn">
<arg>${value[0]}</arg>
<arg>${attribute}</arg>
<doc>Fails if objects are unequal after converting them to strings.</doc>
<status status="PASS" starttime="20230109 11:35:02.126" endtime="20230109 11:35:02.127"/>
</kw>
<status status="PASS" starttime="20230109 11:35:02.110" endtime="20230109 11:35:02.127"/>
</kw>
<kw name="Check Table Columns Attribute" library="EITK3_General_Endpoints_Keywords">
<arg>${GET_response}</arg>
<arg>c5</arg>
<arg>3</arg>
<arg>id</arg>
<kw name="Convert To String" library="BuiltIn">
<var>${string}</var>
<arg>${response.content}</arg>
<doc>Converts the given item to a Unicode string.</doc>
<msg timestamp="20230109 11:35:02.128" level="INFO">${string} = {
  "id" : "ATable1",
  "columns" : [ {
    "id" : "c1",
    "type" : "Key",
    "name" : "CHANGED"
  }, {
    "id" : "c2",
    "type" : "None",
    "name" : "C 2"
  }, {
    "id" : "c3",
    "type" :...</msg>
<status status="PASS" starttime="20230109 11:35:02.128" endtime="20230109 11:35:02.128"/>
</kw>
<kw name="Convert String To Json" library="JSONLibrary">
<var>${json_body}</var>
<arg>${string}</arg>
<doc>Convert String to JSON object</doc>
<msg timestamp="20230109 11:35:02.128" level="INFO">${json_body} = {'id': 'ATable1', 'columns': [{'id': 'c1', 'type': 'Key', 'name': 'CHANGED'}, {'id': 'c2', 'type': 'None', 'name': 'C 2'}, {'id': 'c3', 'type': 'None', 'name': 'C 3'}, {'id': 'c5', 'type': 'None', 'na...</msg>
<status status="PASS" starttime="20230109 11:35:02.128" endtime="20230109 11:35:02.128"/>
</kw>
<kw name="Get Value From Json" library="JSONLibrary">
<var>${value}</var>
<arg>${json_body}</arg>
<arg>$.columns[${column_number}].${json_path}</arg>
<doc>Get Value From JSON using JSONPath</doc>
<msg timestamp="20230109 11:35:02.143" level="INFO">${value} = ['c5']</msg>
<status status="PASS" starttime="20230109 11:35:02.128" endtime="20230109 11:35:02.143"/>
</kw>
<kw name="Should Be Equal As Strings" library="BuiltIn">
<arg>${value[0]}</arg>
<arg>${attribute}</arg>
<doc>Fails if objects are unequal after converting them to strings.</doc>
<status status="PASS" starttime="20230109 11:35:02.144" endtime="20230109 11:35:02.144"/>
</kw>
<status status="PASS" starttime="20230109 11:35:02.127" endtime="20230109 11:35:02.144"/>
</kw>
<kw name="Check Table Columns Attribute" library="EITK3_General_Endpoints_Keywords">
<arg>${GET_response}</arg>
<arg>None</arg>
<arg>3</arg>
<arg>type</arg>
<kw name="Convert To String" library="BuiltIn">
<var>${string}</var>
<arg>${response.content}</arg>
<doc>Converts the given item to a Unicode string.</doc>
<msg timestamp="20230109 11:35:02.146" level="INFO">${string} = {
  "id" : "ATable1",
  "columns" : [ {
    "id" : "c1",
    "type" : "Key",
    "name" : "CHANGED"
  }, {
    "id" : "c2",
    "type" : "None",
    "name" : "C 2"
  }, {
    "id" : "c3",
    "type" :...</msg>
<status status="PASS" starttime="20230109 11:35:02.146" endtime="20230109 11:35:02.146"/>
</kw>
<kw name="Convert String To Json" library="JSONLibrary">
<var>${json_body}</var>
<arg>${string}</arg>
<doc>Convert String to JSON object</doc>
<msg timestamp="20230109 11:35:02.146" level="INFO">${json_body} = {'id': 'ATable1', 'columns': [{'id': 'c1', 'type': 'Key', 'name': 'CHANGED'}, {'id': 'c2', 'type': 'None', 'name': 'C 2'}, {'id': 'c3', 'type': 'None', 'name': 'C 3'}, {'id': 'c5', 'type': 'None', 'na...</msg>
<status status="PASS" starttime="20230109 11:35:02.146" endtime="20230109 11:35:02.146"/>
</kw>
<kw name="Get Value From Json" library="JSONLibrary">
<var>${value}</var>
<arg>${json_body}</arg>
<arg>$.columns[${column_number}].${json_path}</arg>
<doc>Get Value From JSON using JSONPath</doc>
<msg timestamp="20230109 11:35:02.160" level="INFO">${value} = ['None']</msg>
<status status="PASS" starttime="20230109 11:35:02.146" endtime="20230109 11:35:02.160"/>
</kw>
<kw name="Should Be Equal As Strings" library="BuiltIn">
<arg>${value[0]}</arg>
<arg>${attribute}</arg>
<doc>Fails if objects are unequal after converting them to strings.</doc>
<status status="PASS" starttime="20230109 11:35:02.161" endtime="20230109 11:35:02.161"/>
</kw>
<status status="PASS" starttime="20230109 11:35:02.146" endtime="20230109 11:35:02.161"/>
</kw>
<kw name="Check Table Columns Attribute" library="EITK3_General_Endpoints_Keywords">
<arg>${GET_response}</arg>
<arg>C 5</arg>
<arg>3</arg>
<arg>name</arg>
<kw name="Convert To String" library="BuiltIn">
<var>${string}</var>
<arg>${response.content}</arg>
<doc>Converts the given item to a Unicode string.</doc>
<msg timestamp="20230109 11:35:02.162" level="INFO">${string} = {
  "id" : "ATable1",
  "columns" : [ {
    "id" : "c1",
    "type" : "Key",
    "name" : "CHANGED"
  }, {
    "id" : "c2",
    "type" : "None",
    "name" : "C 2"
  }, {
    "id" : "c3",
    "type" :...</msg>
<status status="PASS" starttime="20230109 11:35:02.162" endtime="20230109 11:35:02.162"/>
</kw>
<kw name="Convert String To Json" library="JSONLibrary">
<var>${json_body}</var>
<arg>${string}</arg>
<doc>Convert String to JSON object</doc>
<msg timestamp="20230109 11:35:02.162" level="INFO">${json_body} = {'id': 'ATable1', 'columns': [{'id': 'c1', 'type': 'Key', 'name': 'CHANGED'}, {'id': 'c2', 'type': 'None', 'name': 'C 2'}, {'id': 'c3', 'type': 'None', 'name': 'C 3'}, {'id': 'c5', 'type': 'None', 'na...</msg>
<status status="PASS" starttime="20230109 11:35:02.162" endtime="20230109 11:35:02.162"/>
</kw>
<kw name="Get Value From Json" library="JSONLibrary">
<var>${value}</var>
<arg>${json_body}</arg>
<arg>$.columns[${column_number}].${json_path}</arg>
<doc>Get Value From JSON using JSONPath</doc>
<msg timestamp="20230109 11:35:02.177" level="INFO">${value} = ['C 5']</msg>
<status status="PASS" starttime="20230109 11:35:02.163" endtime="20230109 11:35:02.177"/>
</kw>
<kw name="Should Be Equal As Strings" library="BuiltIn">
<arg>${value[0]}</arg>
<arg>${attribute}</arg>
<doc>Fails if objects are unequal after converting them to strings.</doc>
<status status="PASS" starttime="20230109 11:35:02.177" endtime="20230109 11:35:02.177"/>
</kw>
<status status="PASS" starttime="20230109 11:35:02.162" endtime="20230109 11:35:02.177"/>
</kw>
<kw name="Set Suite Variable" library="BuiltIn">
<arg>${results}</arg>
<arg>1</arg>
<doc>Makes a variable available everywhere within the scope of the current suite.</doc>
<msg timestamp="20230109 11:35:02.179" level="INFO">${results} = 1</msg>
<status status="PASS" starttime="20230109 11:35:02.179" endtime="20230109 11:35:02.179"/>
</kw>
<kw name="Delete All Sessions" library="RequestsLibrary" type="TEARDOWN">
<doc>Removes all the session objects</doc>
<msg timestamp="20230109 11:35:02.179" level="INFO">Deleting All Sessions</msg>
<status status="PASS" starttime="20230109 11:35:02.179" endtime="20230109 11:35:02.180"/>
</kw>
<status status="PASS" starttime="20230109 11:35:00.594" endtime="20230109 11:35:02.181"/>
</test>
<test id="s1-t3" name="Report to JAMA" line="247">
<kw name="Create Session" library="RequestsLibrary" type="SETUP">
<arg>Swagger</arg>
<arg>${Base_URL}</arg>
<doc>Create Session: create a HTTP session to a server</doc>
<msg timestamp="20230109 11:35:02.183" level="INFO">Creating Session using : alias=Swagger, url=https://172.17.82.129:8443/, headers={},                     cookies={}, auth=None, timeout=None, proxies=None, verify=False,                     debug=0 </msg>
<status status="PASS" starttime="20230109 11:35:02.183" endtime="20230109 11:35:02.183"/>
</kw>
<kw name="Run" library="OperatingSystem">
<var>${jama_id}</var>
<arg>python TestCaseResults.py "Automated - Basic Task Operations" "${testcycle}"</arg>
<doc>Runs the given command in the system and returns the output.</doc>
<msg timestamp="20230109 11:35:02.189" level="INFO">Running command 'python TestCaseResults.py "Automated - Basic Task Operations" "9373533" 2&gt;&amp;1'.</msg>
<msg timestamp="20230109 11:35:44.980" level="INFO">${jama_id} = 9373537</msg>
<status status="PASS" starttime="20230109 11:35:02.184" endtime="20230109 11:35:44.980"/>
</kw>
<kw name="Run Keyword If" library="BuiltIn">
<arg>${results} == 1</arg>
<arg>Jama-Report Passed Test</arg>
<arg>run_id=${jama_id}</arg>
<arg>ELSE</arg>
<arg>Jama-Report Failed Test</arg>
<arg>run_id=${jama_id}</arg>
<doc>Runs the given keyword with the given arguments, if ``condition`` is true.</doc>
<kw name="Jama-Report Passed Test" library="Report_to_Jama">
<arg>run_id=${jama_id}</arg>
<kw name="Set Variable" library="BuiltIn">
<var>${curl}</var>
<arg>curl -u auto_sysman:OSISysman -X PUT "https://osi.jamacloud.com/rest/v1/testruns/${run_id}" -H "accept: application/json" -H "Content-Type: application/json" -d "{ \\"fields\\": { \\"testRunStatus\\": \\"PASSED\\", \\"automated$37\\": false }}"</arg>
<doc>Returns the given values which can then be assigned to a variables.</doc>
<msg timestamp="20230109 11:35:44.982" level="INFO">${curl} = curl -u auto_sysman:OSISysman -X PUT "https://osi.jamacloud.com/rest/v1/testruns/9373537" -H "accept: application/json" -H "Content-Type: application/json" -d "{ \"fields\": { \"testRunStatus\": \"PAS...</msg>
<status status="PASS" starttime="20230109 11:35:44.982" endtime="20230109 11:35:44.982"/>
</kw>
<kw name="Run" library="OperatingSystem">
<var>${jama_id}</var>
<arg>${curl}</arg>
<doc>Runs the given command in the system and returns the output.</doc>
<msg timestamp="20230109 11:35:44.986" level="INFO">Running command 'curl -u auto_sysman:OSISysman -X PUT "https://osi.jamacloud.com/rest/v1/testruns/9373537" -H "accept: application/json" -H "Content-Type: application/json" -d "{ \"fields\": { \"testRunStatus\": \"PASSED\", \"automated$37\": false }}" 2&gt;&amp;1'.</msg>
<msg timestamp="20230109 11:36:08.070" level="INFO">${jama_id} =   % Total    % Received % Xferd  Average Speed   Time    Time     Time  Current
                                 Dload  Upload   Total   Spent    Left  Speed

  0     0    0     0    0     0      0   ...</msg>
<status status="PASS" starttime="20230109 11:35:44.982" endtime="20230109 11:36:08.070"/>
</kw>
<kw name="Should Contain" library="BuiltIn">
<arg>${jama_id}</arg>
<arg>"OK"</arg>
<doc>Fails if ``container`` does not contain ``item`` one or more times.</doc>
<status status="PASS" starttime="20230109 11:36:08.071" endtime="20230109 11:36:08.071"/>
</kw>
<status status="PASS" starttime="20230109 11:35:44.982" endtime="20230109 11:36:08.071"/>
</kw>
<status status="PASS" starttime="20230109 11:35:44.981" endtime="20230109 11:36:08.071"/>
</kw>
<kw name="Delete All Sessions" library="RequestsLibrary" type="TEARDOWN">
<doc>Removes all the session objects</doc>
<msg timestamp="20230109 11:36:08.072" level="INFO">Deleting All Sessions</msg>
<status status="PASS" starttime="20230109 11:36:08.072" endtime="20230109 11:36:08.072"/>
</kw>
<status status="PASS" starttime="20230109 11:35:02.183" endtime="20230109 11:36:08.072"/>
</test>
<status status="PASS" starttime="20230109 11:34:49.492" endtime="20230109 11:36:08.074"/>
</suite>
<statistics>
<total>
<stat pass="3" fail="0" skip="0">All Tests</stat>
</total>
<tag>
</tag>
<suite>
<stat pass="3" fail="0" skip="0" id="s1" name="Create Modify Delete EITK Table and Verify Table Elements via Endpoints">Create Modify Delete EITK Table and Verify Table Elements via Endpoints</stat>
</suite>
</statistics>
<errors>
</errors>
</robot>
